#! /c/Source/iverilog-install/bin/vvp
:ivl_version "12.0 (devel)" "(s20150603-1110-g18392a46)";
:ivl_delay_selection "TYPICAL";
:vpi_time_precision + 0;
:vpi_module "C:\iverilog\lib\ivl\system.vpi";
:vpi_module "C:\iverilog\lib\ivl\vhdl_sys.vpi";
:vpi_module "C:\iverilog\lib\ivl\vhdl_textio.vpi";
:vpi_module "C:\iverilog\lib\ivl\v2005_math.vpi";
:vpi_module "C:\iverilog\lib\ivl\va_math.vpi";
S_0000015e2af7e8e0 .scope module, "calcCircle" "calcCircle" 2 2;
 .timescale 0 0;
v0000015e2b0be960_0 .var "clk", 0 0;
v0000015e2b0bed20_0 .net "errorCode", 1 0, L_0000015e2b0beb40;  1 drivers
v0000015e2b0bd420_0 .var "inputP", 31 0;
v0000015e2b0be140_0 .var "inputQ", 31 0;
v0000015e2b0be1e0_0 .var "opCode", 3 0;
v0000015e2b0bf400_0 .net "outALU", 31 0, v0000015e2b0b7900_0;  1 drivers
S_0000015e2af7ea70 .scope module, "electricity1" "ALU" 2 11, 3 27 0, S_0000015e2af7e8e0;
 .timescale 0 0;
    .port_info 0 /INPUT 1 "clk";
    .port_info 1 /INPUT 32 "inputP";
    .port_info 2 /INPUT 32 "inputQ";
    .port_info 3 /INPUT 4 "opCode";
    .port_info 4 /OUTPUT 32 "outALU";
    .port_info 5 /OUTPUT 2 "errorCode";
L_0000015e2b0c4fb0 .functor BUFZ 32, L_0000015e2b0bef00, C4<00000000000000000000000000000000>, C4<00000000000000000000000000000000>, C4<00000000000000000000000000000000>;
L_0000015e2b0c4e60 .functor BUFZ 32, L_0000015e2b0bef00, C4<00000000000000000000000000000000>, C4<00000000000000000000000000000000>, C4<00000000000000000000000000000000>;
L_0000015e2b0c5020 .functor BUFZ 32, v0000015e2b0b12d0_0, C4<00000000000000000000000000000000>, C4<00000000000000000000000000000000>, C4<00000000000000000000000000000000>;
L_0000015e2b0c4d10 .functor BUFZ 32, v0000015e2b0b0470_0, C4<00000000000000000000000000000000>, C4<00000000000000000000000000000000>, C4<00000000000000000000000000000000>;
L_0000015e2b0c4d80 .functor BUFZ 32, v0000015e2b0b1050_0, C4<00000000000000000000000000000000>, C4<00000000000000000000000000000000>, C4<00000000000000000000000000000000>;
L_0000015e2b11ba30 .functor BUFZ 32, v0000015e2b0b4520_0, C4<00000000000000000000000000000000>, C4<00000000000000000000000000000000>, C4<00000000000000000000000000000000>;
L_0000015e2b11cad0 .functor BUFZ 32, v0000015e2b0b5240_0, C4<00000000000000000000000000000000>, C4<00000000000000000000000000000000>, C4<00000000000000000000000000000000>;
L_0000015e2b11c8a0 .functor BUFZ 32, v0000015e2b0b4980_0, C4<00000000000000000000000000000000>, C4<00000000000000000000000000000000>, C4<00000000000000000000000000000000>;
L_0000015e2b11c910 .functor BUFZ 32, v0000015e2b0b43e0_0, C4<00000000000000000000000000000000>, C4<00000000000000000000000000000000>, C4<00000000000000000000000000000000>;
L_0000015e2b11c1a0 .functor BUFZ 32, v0000015e2b0b52e0_0, C4<00000000000000000000000000000000>, C4<00000000000000000000000000000000>, C4<00000000000000000000000000000000>;
L_0000015e2b11cd00 .functor BUFZ 32, v0000015e2b0b47a0_0, C4<00000000000000000000000000000000>, C4<00000000000000000000000000000000>, C4<00000000000000000000000000000000>;
L_0000015e2b11c280 .functor BUFZ 32, v0000015e2b0b4ac0_0, C4<00000000000000000000000000000000>, C4<00000000000000000000000000000000>, C4<00000000000000000000000000000000>;
L_0000015e2b11b720 .functor BUFZ 32, L_0000015e2b11b6b0, C4<00000000000000000000000000000000>, C4<00000000000000000000000000000000>, C4<00000000000000000000000000000000>;
L_0000015e2b11ca60 .functor BUFZ 32, v0000015e2b0b6000_0, C4<00000000000000000000000000000000>, C4<00000000000000000000000000000000>, C4<00000000000000000000000000000000>;
L_0000015e2b11b6b0 .functor BUFZ 32, v0000015e2b0b7ea0_0, C4<00000000000000000000000000000000>, C4<00000000000000000000000000000000>, C4<00000000000000000000000000000000>;
v0000015e2b0b7040_0 .net "C", 0 0, L_0000015e2b02d7a0;  1 drivers
v0000015e2b0b6dc0_0 .net *"_ivl_11", 31 0, L_0000015e2b0c4e60;  1 drivers
v0000015e2b0b6a00_0 .net *"_ivl_15", 31 0, L_0000015e2b0c5020;  1 drivers
v0000015e2b0b6e60_0 .net *"_ivl_19", 31 0, L_0000015e2b0c4d10;  1 drivers
v0000015e2b0b7540_0 .net *"_ivl_23", 31 0, L_0000015e2b0c4d80;  1 drivers
v0000015e2b0b7e00_0 .net *"_ivl_27", 31 0, L_0000015e2b11ba30;  1 drivers
v0000015e2b0b7c20_0 .net *"_ivl_31", 31 0, L_0000015e2b11cad0;  1 drivers
v0000015e2b0b74a0_0 .net *"_ivl_35", 31 0, L_0000015e2b11c8a0;  1 drivers
v0000015e2b0b7680_0 .net *"_ivl_39", 31 0, L_0000015e2b11c910;  1 drivers
v0000015e2b0b7f40_0 .net *"_ivl_43", 31 0, L_0000015e2b11c1a0;  1 drivers
v0000015e2b0b70e0_0 .net *"_ivl_47", 31 0, L_0000015e2b11cd00;  1 drivers
v0000015e2b0b6f00_0 .net *"_ivl_51", 31 0, L_0000015e2b11c280;  1 drivers
L_0000015e2b0c7568 .functor BUFT 1, C4<00000000000000000000000000000000>, C4<0>, C4<0>, C4<0>;
v0000015e2b0b7a40_0 .net/2u *"_ivl_54", 31 0, L_0000015e2b0c7568;  1 drivers
L_0000015e2b0c75b0 .functor BUFT 1, C4<11111111111111111111111111111111>, C4<0>, C4<0>, C4<0>;
v0000015e2b0b6aa0_0 .net/2u *"_ivl_58", 31 0, L_0000015e2b0c75b0;  1 drivers
v0000015e2b0b6b40_0 .net *"_ivl_63", 31 0, L_0000015e2b11b720;  1 drivers
v0000015e2b0b7180_0 .net *"_ivl_68", 31 0, L_0000015e2b11ca60;  1 drivers
v0000015e2b0b68c0_0 .net *"_ivl_7", 31 0, L_0000015e2b0c4fb0;  1 drivers
v0000015e2b0b6960_0 .net "channels", 511 0, L_0000015e2b0bffe0;  1 drivers
v0000015e2b0b75e0_0 .net "clk", 0 0, v0000015e2b0be960_0;  1 drivers
v0000015e2b0b7ae0_0 .net "divZeroDiv", 0 0, v0000015e2b0b00b0_0;  1 drivers
v0000015e2b0b7cc0_0 .net "divZeroMod", 0 0, v0000015e2b0b0e70_0;  1 drivers
v0000015e2b0b6fa0_0 .net "errorCode", 1 0, L_0000015e2b0beb40;  alias, 1 drivers
v0000015e2b0b7d60_0 .net "feedback", 31 0, L_0000015e2b11b6b0;  1 drivers
v0000015e2b0b7720_0 .net "feedbackCheck", 31 0, v0000015e2b04a610_0;  1 drivers
v0000015e2b0b7b80_0 .net "hotselect", 15 0, v0000015e2b0b0510_0;  1 drivers
v0000015e2b0b6be0_0 .net "inputP", 31 0, v0000015e2b0bd420_0;  1 drivers
v0000015e2b0b6c80_0 .net "inputQ", 31 0, v0000015e2b0be140_0;  1 drivers
v0000015e2b0b6d20_0 .net "mode", 0 0, v0000015e2b04a110_0;  1 drivers
v0000015e2b0b77c0_0 .net "muxout", 31 0, L_0000015e2b0c4df0;  1 drivers
v0000015e2b0b7220_0 .net "opCode", 3 0, v0000015e2b0be1e0_0;  1 drivers
v0000015e2b0b7900_0 .var "outALU", 31 0;
v0000015e2b0b72c0_0 .net "outAND", 31 0, v0000015e2b0b4520_0;  1 drivers
v0000015e2b0b7860_0 .net "outAddSub", 31 0, L_0000015e2b0bef00;  1 drivers
v0000015e2b0b7400_0 .net "outDiv", 31 0, v0000015e2b0b0470_0;  1 drivers
v0000015e2b0b7360_0 .net "outEX", 31 0, v0000015e2b0b6000_0;  1 drivers
v0000015e2b0b79a0_0 .net "outMod", 31 0, v0000015e2b0b1050_0;  1 drivers
v0000015e2b0bf040_0 .net "outMult", 31 0, v0000015e2b0b12d0_0;  1 drivers
v0000015e2b0bd100_0 .net "outNAND", 31 0, v0000015e2b0b5240_0;  1 drivers
v0000015e2b0bf7c0_0 .net "outNOR", 31 0, v0000015e2b0b4980_0;  1 drivers
v0000015e2b0bd560_0 .net "outNOT", 31 0, v0000015e2b0b43e0_0;  1 drivers
v0000015e2b0be460_0 .net "outOR", 31 0, v0000015e2b0b52e0_0;  1 drivers
v0000015e2b0bedc0_0 .net "outXNOR", 31 0, v0000015e2b0b47a0_0;  1 drivers
v0000015e2b0bdc40_0 .net "outXOR", 31 0, v0000015e2b0b4ac0_0;  1 drivers
v0000015e2b0bd920_0 .net "outval", 31 0, v0000015e2b0b7ea0_0;  1 drivers
v0000015e2b0bdb00_0 .net "overflow", 0 0, L_0000015e2b0c4530;  1 drivers
E_0000015e2b01a950 .event anyedge, v0000015e2b0b5380_0;
L_0000015e2b0bdf60 .part v0000015e2b0bd420_0, 0, 16;
L_0000015e2b0be320 .part v0000015e2b04a610_0, 0, 16;
LS_0000015e2b0bffe0_0_0 .concat8 [ 32 32 32 32], L_0000015e2b0c4fb0, L_0000015e2b0c4e60, L_0000015e2b0c5020, L_0000015e2b0c4d10;
LS_0000015e2b0bffe0_0_4 .concat8 [ 32 32 32 32], L_0000015e2b0c4d80, L_0000015e2b11ba30, L_0000015e2b11cad0, L_0000015e2b11c8a0;
LS_0000015e2b0bffe0_0_8 .concat8 [ 32 32 32 32], L_0000015e2b11c910, L_0000015e2b11c1a0, L_0000015e2b11cd00, L_0000015e2b11c280;
LS_0000015e2b0bffe0_0_12 .concat8 [ 32 32 32 32], L_0000015e2b0c7568, L_0000015e2b0c75b0, L_0000015e2b11b720, L_0000015e2b11ca60;
L_0000015e2b0bffe0 .concat8 [ 128 128 128 128], LS_0000015e2b0bffe0_0_0, LS_0000015e2b0bffe0_0_4, LS_0000015e2b0bffe0_0_8, LS_0000015e2b0bffe0_0_12;
S_0000015e2af7ec00 .scope module, "inst0" "FeedbackCheck" 3 101, 4 1 0, S_0000015e2af7ea70;
 .timescale 0 0;
    .port_info 0 /INPUT 32 "inputQ";
    .port_info 1 /INPUT 32 "feedback";
    .port_info 2 /OUTPUT 32 "feedbackCheck";
v0000015e2b04b0b0_0 .net "feedback", 31 0, L_0000015e2b11b6b0;  alias, 1 drivers
v0000015e2b04a610_0 .var "feedbackCheck", 31 0;
v0000015e2b04aa70_0 .net "inputQ", 31 0, v0000015e2b0be140_0;  alias, 1 drivers
E_0000015e2b01a350 .event anyedge, v0000015e2b04a610_0, v0000015e2b04b0b0_0, v0000015e2b04aa70_0;
S_0000015e2af81270 .scope module, "inst1" "add_sub" 3 107, 5 18 0, S_0000015e2af7ea70;
 .timescale 0 0;
    .port_info 0 /INPUT 16 "inputP";
    .port_info 1 /INPUT 16 "inputQ";
    .port_info 2 /INPUT 4 "Command";
    .port_info 3 /INOUT 1 "mode";
    .port_info 4 /OUTPUT 32 "outAddSub";
    .port_info 5 /OUTPUT 1 "C";
    .port_info 6 /OUTPUT 1 "O";
L_0000015e2b02d030 .functor XOR 1, L_0000015e2b0bd4c0, v0000015e2b04a110_0, C4<0>, C4<0>;
L_0000015e2b02d180 .functor XOR 1, L_0000015e2b0bebe0, v0000015e2b04a110_0, C4<0>, C4<0>;
L_0000015e2b02cd90 .functor XOR 1, L_0000015e2b0bd1a0, v0000015e2b04a110_0, C4<0>, C4<0>;
L_0000015e2b02cd20 .functor XOR 1, L_0000015e2b0be0a0, v0000015e2b04a110_0, C4<0>, C4<0>;
L_0000015e2b02d340 .functor XOR 1, L_0000015e2b0befa0, v0000015e2b04a110_0, C4<0>, C4<0>;
L_0000015e2b02d1f0 .functor XOR 1, L_0000015e2b0bdba0, v0000015e2b04a110_0, C4<0>, C4<0>;
L_0000015e2b02d260 .functor XOR 1, L_0000015e2b0beaa0, v0000015e2b04a110_0, C4<0>, C4<0>;
L_0000015e2b02ce00 .functor XOR 1, L_0000015e2b0bdce0, v0000015e2b04a110_0, C4<0>, C4<0>;
L_0000015e2b02d9d0 .functor XOR 1, L_0000015e2b0bf360, v0000015e2b04a110_0, C4<0>, C4<0>;
L_0000015e2b02d0a0 .functor XOR 1, L_0000015e2b0be820, v0000015e2b04a110_0, C4<0>, C4<0>;
L_0000015e2b02d2d0 .functor XOR 1, L_0000015e2b0bde20, v0000015e2b04a110_0, C4<0>, C4<0>;
L_0000015e2b02d420 .functor XOR 1, L_0000015e2b0be780, v0000015e2b04a110_0, C4<0>, C4<0>;
L_0000015e2b02d6c0 .functor XOR 1, L_0000015e2b0bd240, v0000015e2b04a110_0, C4<0>, C4<0>;
L_0000015e2b02d730 .functor XOR 1, L_0000015e2b0bd380, v0000015e2b04a110_0, C4<0>, C4<0>;
L_0000015e2b02d8f0 .functor XOR 1, L_0000015e2b0bf860, v0000015e2b04a110_0, C4<0>, C4<0>;
L_0000015e2b02d650 .functor XOR 1, L_0000015e2b0bda60, v0000015e2b04a110_0, C4<0>, C4<0>;
L_0000015e2b02d7a0 .functor XOR 1, L_0000015e2b0c4140, v0000015e2b04a110_0, C4<0>, C4<0>;
L_0000015e2b0c4530 .functor XOR 1, L_0000015e2b0c3490, L_0000015e2b0c4140, C4<0>, C4<0>;
v0000015e2b0ae0b0_0 .net "C", 0 0, L_0000015e2b02d7a0;  alias, 1 drivers
v0000015e2b0aee70_0 .net "C0", 0 0, L_0000015e2b013aa0;  1 drivers
v0000015e2b0ae650_0 .net "C1", 0 0, L_0000015e2b0c1800;  1 drivers
v0000015e2b0aec90_0 .net "C10", 0 0, L_0000015e2b0c2e50;  1 drivers
v0000015e2b0ae510_0 .net "C11", 0 0, L_0000015e2b0c4290;  1 drivers
v0000015e2b0adbb0_0 .net "C12", 0 0, L_0000015e2b0c4220;  1 drivers
v0000015e2b0adc50_0 .net "C13", 0 0, L_0000015e2b0c3a40;  1 drivers
v0000015e2b0ad930_0 .net "C14", 0 0, L_0000015e2b0c3490;  1 drivers
v0000015e2b0ae830_0 .net "C15", 0 0, L_0000015e2b0c4140;  1 drivers
v0000015e2b0ae5b0_0 .net "C2", 0 0, L_0000015e2b0c1870;  1 drivers
v0000015e2b0ae3d0_0 .net "C3", 0 0, L_0000015e2b0c2830;  1 drivers
v0000015e2b0aed30_0 .net "C4", 0 0, L_0000015e2b0c23d0;  1 drivers
v0000015e2b0aedd0_0 .net "C5", 0 0, L_0000015e2b0c1b80;  1 drivers
v0000015e2b0aeb50_0 .net "C6", 0 0, L_0000015e2b0c2b40;  1 drivers
v0000015e2b0ad890_0 .net "C7", 0 0, L_0000015e2b0c1330;  1 drivers
v0000015e2b0aded0_0 .net "C8", 0 0, L_0000015e2b0c1640;  1 drivers
v0000015e2b0aea10_0 .net "C9", 0 0, L_0000015e2b0c1f00;  1 drivers
v0000015e2b0ae150_0 .net "Command", 3 0, v0000015e2b0be1e0_0;  alias, 1 drivers
v0000015e2b0aef10_0 .net "O", 0 0, L_0000015e2b0c4530;  alias, 1 drivers
v0000015e2b0aeab0_0 .net "Q0", 0 0, L_0000015e2b02d030;  1 drivers
v0000015e2b0adcf0_0 .net "Q1", 0 0, L_0000015e2b02d180;  1 drivers
v0000015e2b0add90_0 .net "Q10", 0 0, L_0000015e2b02d2d0;  1 drivers
v0000015e2b0adf70_0 .net "Q11", 0 0, L_0000015e2b02d420;  1 drivers
v0000015e2b0ae010_0 .net "Q12", 0 0, L_0000015e2b02d6c0;  1 drivers
v0000015e2b0ae1f0_0 .net "Q13", 0 0, L_0000015e2b02d730;  1 drivers
v0000015e2b0ae290_0 .net "Q14", 0 0, L_0000015e2b02d8f0;  1 drivers
v0000015e2b0ade30_0 .net "Q15", 0 0, L_0000015e2b02d650;  1 drivers
v0000015e2b0ae8d0_0 .net "Q2", 0 0, L_0000015e2b02cd90;  1 drivers
v0000015e2b0ae330_0 .net "Q3", 0 0, L_0000015e2b02cd20;  1 drivers
v0000015e2b0ae470_0 .net "Q4", 0 0, L_0000015e2b02d340;  1 drivers
v0000015e2b0ae6f0_0 .net "Q5", 0 0, L_0000015e2b02d1f0;  1 drivers
v0000015e2b0ae790_0 .net "Q6", 0 0, L_0000015e2b02d260;  1 drivers
v0000015e2b0b2090_0 .net "Q7", 0 0, L_0000015e2b02ce00;  1 drivers
v0000015e2b0b1550_0 .net "Q8", 0 0, L_0000015e2b02d9d0;  1 drivers
v0000015e2b0b2270_0 .net "Q9", 0 0, L_0000015e2b02d0a0;  1 drivers
v0000015e2b0b15f0_0 .net *"_ivl_1", 0 0, L_0000015e2b0bd4c0;  1 drivers
v0000015e2b0b26d0_0 .net *"_ivl_13", 0 0, L_0000015e2b0be0a0;  1 drivers
L_0000015e2b0c70e8 .functor BUFT 1, C4<0>, C4<0>, C4<0>, C4<0>;
v0000015e2b0b0fb0_0 .net/2u *"_ivl_134", 0 0, L_0000015e2b0c70e8;  1 drivers
L_0000015e2b0c7130 .functor BUFT 1, C4<0>, C4<0>, C4<0>, C4<0>;
v0000015e2b0b24f0_0 .net/2u *"_ivl_138", 0 0, L_0000015e2b0c7130;  1 drivers
L_0000015e2b0c7178 .functor BUFT 1, C4<0>, C4<0>, C4<0>, C4<0>;
v0000015e2b0b2630_0 .net/2u *"_ivl_142", 0 0, L_0000015e2b0c7178;  1 drivers
L_0000015e2b0c71c0 .functor BUFT 1, C4<0>, C4<0>, C4<0>, C4<0>;
v0000015e2b0b05b0_0 .net/2u *"_ivl_146", 0 0, L_0000015e2b0c71c0;  1 drivers
L_0000015e2b0c7208 .functor BUFT 1, C4<0>, C4<0>, C4<0>, C4<0>;
v0000015e2b0b0290_0 .net/2u *"_ivl_150", 0 0, L_0000015e2b0c7208;  1 drivers
L_0000015e2b0c7250 .functor BUFT 1, C4<0>, C4<0>, C4<0>, C4<0>;
v0000015e2b0b2590_0 .net/2u *"_ivl_154", 0 0, L_0000015e2b0c7250;  1 drivers
L_0000015e2b0c7298 .functor BUFT 1, C4<0>, C4<0>, C4<0>, C4<0>;
v0000015e2b0b1eb0_0 .net/2u *"_ivl_158", 0 0, L_0000015e2b0c7298;  1 drivers
L_0000015e2b0c72e0 .functor BUFT 1, C4<0>, C4<0>, C4<0>, C4<0>;
v0000015e2b0b1ff0_0 .net/2u *"_ivl_162", 0 0, L_0000015e2b0c72e0;  1 drivers
L_0000015e2b0c7328 .functor BUFT 1, C4<0>, C4<0>, C4<0>, C4<0>;
v0000015e2b0b1c30_0 .net/2u *"_ivl_166", 0 0, L_0000015e2b0c7328;  1 drivers
v0000015e2b0b14b0_0 .net *"_ivl_17", 0 0, L_0000015e2b0befa0;  1 drivers
L_0000015e2b0c7370 .functor BUFT 1, C4<0>, C4<0>, C4<0>, C4<0>;
v0000015e2b0b1870_0 .net/2u *"_ivl_170", 0 0, L_0000015e2b0c7370;  1 drivers
L_0000015e2b0c73b8 .functor BUFT 1, C4<0>, C4<0>, C4<0>, C4<0>;
v0000015e2b0b1f50_0 .net/2u *"_ivl_174", 0 0, L_0000015e2b0c73b8;  1 drivers
L_0000015e2b0c7400 .functor BUFT 1, C4<0>, C4<0>, C4<0>, C4<0>;
v0000015e2b0b1910_0 .net/2u *"_ivl_178", 0 0, L_0000015e2b0c7400;  1 drivers
L_0000015e2b0c7448 .functor BUFT 1, C4<0>, C4<0>, C4<0>, C4<0>;
v0000015e2b0b1410_0 .net/2u *"_ivl_182", 0 0, L_0000015e2b0c7448;  1 drivers
L_0000015e2b0c7490 .functor BUFT 1, C4<0>, C4<0>, C4<0>, C4<0>;
v0000015e2b0b1730_0 .net/2u *"_ivl_186", 0 0, L_0000015e2b0c7490;  1 drivers
L_0000015e2b0c74d8 .functor BUFT 1, C4<0>, C4<0>, C4<0>, C4<0>;
v0000015e2b0b0f10_0 .net/2u *"_ivl_190", 0 0, L_0000015e2b0c74d8;  1 drivers
L_0000015e2b0c7520 .functor BUFT 1, C4<0>, C4<0>, C4<0>, C4<0>;
v0000015e2b0b19b0_0 .net/2u *"_ivl_195", 0 0, L_0000015e2b0c7520;  1 drivers
v0000015e2b0b1a50_0 .net *"_ivl_21", 0 0, L_0000015e2b0bdba0;  1 drivers
v0000015e2b0b1370_0 .net *"_ivl_25", 0 0, L_0000015e2b0beaa0;  1 drivers
v0000015e2b0b2310_0 .net *"_ivl_29", 0 0, L_0000015e2b0bdce0;  1 drivers
v0000015e2b0b0150_0 .net *"_ivl_33", 0 0, L_0000015e2b0bf360;  1 drivers
v0000015e2b0b2130_0 .net *"_ivl_37", 0 0, L_0000015e2b0be820;  1 drivers
v0000015e2b0b0330_0 .net *"_ivl_41", 0 0, L_0000015e2b0bde20;  1 drivers
v0000015e2b0b1690_0 .net *"_ivl_45", 0 0, L_0000015e2b0be780;  1 drivers
v0000015e2b0b17d0_0 .net *"_ivl_49", 0 0, L_0000015e2b0bd240;  1 drivers
v0000015e2b0b01f0_0 .net *"_ivl_5", 0 0, L_0000015e2b0bebe0;  1 drivers
v0000015e2b0b1af0_0 .net *"_ivl_53", 0 0, L_0000015e2b0bd380;  1 drivers
v0000015e2b0b0a10_0 .net *"_ivl_57", 0 0, L_0000015e2b0bf860;  1 drivers
v0000015e2b0b23b0_0 .net *"_ivl_61", 0 0, L_0000015e2b0bda60;  1 drivers
v0000015e2b0b21d0_0 .net *"_ivl_9", 0 0, L_0000015e2b0bd1a0;  1 drivers
v0000015e2b0b1b90_0 .net "inputP", 15 0, L_0000015e2b0bdf60;  1 drivers
v0000015e2b0b2770_0 .net "inputQ", 15 0, L_0000015e2b0be320;  1 drivers
v0000015e2b0b2450_0 .net "mode", 0 0, v0000015e2b04a110_0;  alias, 1 drivers
v0000015e2b0b1190_0 .net "outAddSub", 31 0, L_0000015e2b0bef00;  alias, 1 drivers
L_0000015e2b0bd4c0 .part L_0000015e2b0be320, 0, 1;
L_0000015e2b0bebe0 .part L_0000015e2b0be320, 1, 1;
L_0000015e2b0bd1a0 .part L_0000015e2b0be320, 2, 1;
L_0000015e2b0be0a0 .part L_0000015e2b0be320, 3, 1;
L_0000015e2b0befa0 .part L_0000015e2b0be320, 4, 1;
L_0000015e2b0bdba0 .part L_0000015e2b0be320, 5, 1;
L_0000015e2b0beaa0 .part L_0000015e2b0be320, 6, 1;
L_0000015e2b0bdce0 .part L_0000015e2b0be320, 7, 1;
L_0000015e2b0bf360 .part L_0000015e2b0be320, 8, 1;
L_0000015e2b0be820 .part L_0000015e2b0be320, 9, 1;
L_0000015e2b0bde20 .part L_0000015e2b0be320, 10, 1;
L_0000015e2b0be780 .part L_0000015e2b0be320, 11, 1;
L_0000015e2b0bd240 .part L_0000015e2b0be320, 12, 1;
L_0000015e2b0bd380 .part L_0000015e2b0be320, 13, 1;
L_0000015e2b0bf860 .part L_0000015e2b0be320, 14, 1;
L_0000015e2b0bda60 .part L_0000015e2b0be320, 15, 1;
L_0000015e2b0bf2c0 .part L_0000015e2b0bdf60, 0, 1;
L_0000015e2b0bf4a0 .part L_0000015e2b0bdf60, 1, 1;
L_0000015e2b0bd2e0 .part L_0000015e2b0bdf60, 2, 1;
L_0000015e2b0be000 .part L_0000015e2b0bdf60, 3, 1;
L_0000015e2b0bd600 .part L_0000015e2b0bdf60, 4, 1;
L_0000015e2b0bdec0 .part L_0000015e2b0bdf60, 5, 1;
L_0000015e2b0bf540 .part L_0000015e2b0bdf60, 6, 1;
L_0000015e2b0bd6a0 .part L_0000015e2b0bdf60, 7, 1;
L_0000015e2b0bee60 .part L_0000015e2b0bdf60, 8, 1;
L_0000015e2b0bf720 .part L_0000015e2b0bdf60, 9, 1;
L_0000015e2b0bd740 .part L_0000015e2b0bdf60, 10, 1;
L_0000015e2b0bd7e0 .part L_0000015e2b0bdf60, 11, 1;
L_0000015e2b0bd880 .part L_0000015e2b0bdf60, 12, 1;
L_0000015e2b0bf5e0 .part L_0000015e2b0bdf60, 13, 1;
L_0000015e2b0bd9c0 .part L_0000015e2b0bdf60, 14, 1;
L_0000015e2b0bdd80 .part L_0000015e2b0bdf60, 15, 1;
LS_0000015e2b0bef00_0_0 .concat8 [ 1 1 1 1], L_0000015e2b02da40, L_0000015e2b0c24b0, L_0000015e2b0c2bb0, L_0000015e2b0c2590;
LS_0000015e2b0bef00_0_4 .concat8 [ 1 1 1 1], L_0000015e2b0c13a0, L_0000015e2b0c2ad0, L_0000015e2b0c2440, L_0000015e2b0c2c90;
LS_0000015e2b0bef00_0_8 .concat8 [ 1 1 1 1], L_0000015e2b0c1cd0, L_0000015e2b0c1bf0, L_0000015e2b0c2d00, L_0000015e2b0c2fa0;
LS_0000015e2b0bef00_0_12 .concat8 [ 1 1 1 1], L_0000015e2b0c4060, L_0000015e2b0c3180, L_0000015e2b0c38f0, L_0000015e2b0c3260;
LS_0000015e2b0bef00_0_16 .concat8 [ 1 1 1 1], L_0000015e2b0c70e8, L_0000015e2b0c7130, L_0000015e2b0c7178, L_0000015e2b0c71c0;
LS_0000015e2b0bef00_0_20 .concat8 [ 1 1 1 1], L_0000015e2b0c7208, L_0000015e2b0c7250, L_0000015e2b0c7298, L_0000015e2b0c72e0;
LS_0000015e2b0bef00_0_24 .concat8 [ 1 1 1 1], L_0000015e2b0c7328, L_0000015e2b0c7370, L_0000015e2b0c73b8, L_0000015e2b0c7400;
LS_0000015e2b0bef00_0_28 .concat8 [ 1 1 1 1], L_0000015e2b0c7448, L_0000015e2b0c7490, L_0000015e2b0c74d8, L_0000015e2b0c7520;
LS_0000015e2b0bef00_1_0 .concat8 [ 4 4 4 4], LS_0000015e2b0bef00_0_0, LS_0000015e2b0bef00_0_4, LS_0000015e2b0bef00_0_8, LS_0000015e2b0bef00_0_12;
LS_0000015e2b0bef00_1_4 .concat8 [ 4 4 4 4], LS_0000015e2b0bef00_0_16, LS_0000015e2b0bef00_0_20, LS_0000015e2b0bef00_0_24, LS_0000015e2b0bef00_0_28;
L_0000015e2b0bef00 .concat8 [ 16 16 0 0], LS_0000015e2b0bef00_1_0, LS_0000015e2b0bef00_1_4;
S_0000015e2af81400 .scope module, "cmd" "command_mode" 5 35, 5 113 0, S_0000015e2af81270;
 .timescale 0 0;
    .port_info 0 /INPUT 4 "Command";
    .port_info 1 /OUTPUT 1 "mode";
v0000015e2b04a6b0_0 .net "Command", 3 0, v0000015e2b0be1e0_0;  alias, 1 drivers
v0000015e2b04a110_0 .var "mode", 0 0;
E_0000015e2b01a990 .event anyedge, v0000015e2b04a6b0_0;
S_0000015e2af81590 .scope module, "fa0" "full_adder" 5 62, 5 100 0, S_0000015e2af81270;
 .timescale 0 0;
    .port_info 0 /OUTPUT 1 "outAddSub";
    .port_info 1 /OUTPUT 1 "Cout";
    .port_info 2 /INPUT 1 "inputP";
    .port_info 3 /INPUT 1 "inputQ";
    .port_info 4 /INPUT 1 "Cin";
L_0000015e2b02d3b0 .functor XOR 1, L_0000015e2b0bf2c0, L_0000015e2b02d030, C4<0>, C4<0>;
L_0000015e2b02da40 .functor XOR 1, L_0000015e2b02d3b0, v0000015e2b04a110_0, C4<0>, C4<0>;
L_0000015e2b02dab0 .functor AND 1, L_0000015e2b0bf2c0, L_0000015e2b02d030, C4<1>, C4<1>;
L_0000015e2b02db20 .functor AND 1, L_0000015e2b02d030, v0000015e2b04a110_0, C4<1>, C4<1>;
L_0000015e2b02cc40 .functor OR 1, L_0000015e2b02dab0, L_0000015e2b02db20, C4<0>, C4<0>;
L_0000015e2b02ccb0 .functor AND 1, L_0000015e2b0bf2c0, v0000015e2b04a110_0, C4<1>, C4<1>;
L_0000015e2b013aa0 .functor OR 1, L_0000015e2b02cc40, L_0000015e2b02ccb0, C4<0>, C4<0>;
v0000015e2b04a930_0 .net "Cin", 0 0, v0000015e2b04a110_0;  alias, 1 drivers
v0000015e2b04a750_0 .net "Cout", 0 0, L_0000015e2b013aa0;  alias, 1 drivers
v0000015e2b04bbf0_0 .net *"_ivl_0", 0 0, L_0000015e2b02d3b0;  1 drivers
v0000015e2b04b1f0_0 .net *"_ivl_10", 0 0, L_0000015e2b02ccb0;  1 drivers
v0000015e2b04b510_0 .net *"_ivl_4", 0 0, L_0000015e2b02dab0;  1 drivers
v0000015e2b049df0_0 .net *"_ivl_6", 0 0, L_0000015e2b02db20;  1 drivers
v0000015e2b049fd0_0 .net *"_ivl_8", 0 0, L_0000015e2b02cc40;  1 drivers
v0000015e2b04b150_0 .net "inputP", 0 0, L_0000015e2b0bf2c0;  1 drivers
v0000015e2b04a9d0_0 .net "inputQ", 0 0, L_0000015e2b02d030;  alias, 1 drivers
v0000015e2b04b8d0_0 .net "outAddSub", 0 0, L_0000015e2b02da40;  1 drivers
S_0000015e2af7df70 .scope module, "fa1" "full_adder" 5 63, 5 100 0, S_0000015e2af81270;
 .timescale 0 0;
    .port_info 0 /OUTPUT 1 "outAddSub";
    .port_info 1 /OUTPUT 1 "Cout";
    .port_info 2 /INPUT 1 "inputP";
    .port_info 3 /INPUT 1 "inputQ";
    .port_info 4 /INPUT 1 "Cin";
L_0000015e2b0c1b10 .functor XOR 1, L_0000015e2b0bf4a0, L_0000015e2b02d180, C4<0>, C4<0>;
L_0000015e2b0c24b0 .functor XOR 1, L_0000015e2b0c1b10, L_0000015e2b013aa0, C4<0>, C4<0>;
L_0000015e2b0c2980 .functor AND 1, L_0000015e2b0bf4a0, L_0000015e2b02d180, C4<1>, C4<1>;
L_0000015e2b0c2210 .functor AND 1, L_0000015e2b02d180, L_0000015e2b013aa0, C4<1>, C4<1>;
L_0000015e2b0c1fe0 .functor OR 1, L_0000015e2b0c2980, L_0000015e2b0c2210, C4<0>, C4<0>;
L_0000015e2b0c26e0 .functor AND 1, L_0000015e2b0bf4a0, L_0000015e2b013aa0, C4<1>, C4<1>;
L_0000015e2b0c1800 .functor OR 1, L_0000015e2b0c1fe0, L_0000015e2b0c26e0, C4<0>, C4<0>;
v0000015e2b04a250_0 .net "Cin", 0 0, L_0000015e2b013aa0;  alias, 1 drivers
v0000015e2b04ab10_0 .net "Cout", 0 0, L_0000015e2b0c1800;  alias, 1 drivers
v0000015e2b04a7f0_0 .net *"_ivl_0", 0 0, L_0000015e2b0c1b10;  1 drivers
v0000015e2b04abb0_0 .net *"_ivl_10", 0 0, L_0000015e2b0c26e0;  1 drivers
v0000015e2b04b290_0 .net *"_ivl_4", 0 0, L_0000015e2b0c2980;  1 drivers
v0000015e2b04a890_0 .net *"_ivl_6", 0 0, L_0000015e2b0c2210;  1 drivers
v0000015e2b04bb50_0 .net *"_ivl_8", 0 0, L_0000015e2b0c1fe0;  1 drivers
v0000015e2b04b830_0 .net "inputP", 0 0, L_0000015e2b0bf4a0;  1 drivers
v0000015e2b04ac50_0 .net "inputQ", 0 0, L_0000015e2b02d180;  alias, 1 drivers
v0000015e2b04b5b0_0 .net "outAddSub", 0 0, L_0000015e2b0c24b0;  1 drivers
S_0000015e2af7e100 .scope module, "fa10" "full_adder" 5 72, 5 100 0, S_0000015e2af81270;
 .timescale 0 0;
    .port_info 0 /OUTPUT 1 "outAddSub";
    .port_info 1 /OUTPUT 1 "Cout";
    .port_info 2 /INPUT 1 "inputP";
    .port_info 3 /INPUT 1 "inputQ";
    .port_info 4 /INPUT 1 "Cin";
L_0000015e2b0c21a0 .functor XOR 1, L_0000015e2b0bd740, L_0000015e2b02d2d0, C4<0>, C4<0>;
L_0000015e2b0c2d00 .functor XOR 1, L_0000015e2b0c21a0, L_0000015e2b0c1f00, C4<0>, C4<0>;
L_0000015e2b0c3010 .functor AND 1, L_0000015e2b0bd740, L_0000015e2b02d2d0, C4<1>, C4<1>;
L_0000015e2b0c2f30 .functor AND 1, L_0000015e2b02d2d0, L_0000015e2b0c1f00, C4<1>, C4<1>;
L_0000015e2b0c2d70 .functor OR 1, L_0000015e2b0c3010, L_0000015e2b0c2f30, C4<0>, C4<0>;
L_0000015e2b0c2de0 .functor AND 1, L_0000015e2b0bd740, L_0000015e2b0c1f00, C4<1>, C4<1>;
L_0000015e2b0c2e50 .functor OR 1, L_0000015e2b0c2d70, L_0000015e2b0c2de0, C4<0>, C4<0>;
v0000015e2b04b330_0 .net "Cin", 0 0, L_0000015e2b0c1f00;  alias, 1 drivers
v0000015e2b04acf0_0 .net "Cout", 0 0, L_0000015e2b0c2e50;  alias, 1 drivers
v0000015e2b04a2f0_0 .net *"_ivl_0", 0 0, L_0000015e2b0c21a0;  1 drivers
v0000015e2b04b970_0 .net *"_ivl_10", 0 0, L_0000015e2b0c2de0;  1 drivers
v0000015e2b049e90_0 .net *"_ivl_4", 0 0, L_0000015e2b0c3010;  1 drivers
v0000015e2b04a1b0_0 .net *"_ivl_6", 0 0, L_0000015e2b0c2f30;  1 drivers
v0000015e2b04bab0_0 .net *"_ivl_8", 0 0, L_0000015e2b0c2d70;  1 drivers
v0000015e2b04b3d0_0 .net "inputP", 0 0, L_0000015e2b0bd740;  1 drivers
v0000015e2b04ad90_0 .net "inputQ", 0 0, L_0000015e2b02d2d0;  alias, 1 drivers
v0000015e2b04a070_0 .net "outAddSub", 0 0, L_0000015e2b0c2d00;  1 drivers
S_0000015e2af7e290 .scope module, "fa11" "full_adder" 5 73, 5 100 0, S_0000015e2af81270;
 .timescale 0 0;
    .port_info 0 /OUTPUT 1 "outAddSub";
    .port_info 1 /OUTPUT 1 "Cout";
    .port_info 2 /INPUT 1 "inputP";
    .port_info 3 /INPUT 1 "inputQ";
    .port_info 4 /INPUT 1 "Cin";
L_0000015e2b0c2ec0 .functor XOR 1, L_0000015e2b0bd7e0, L_0000015e2b02d420, C4<0>, C4<0>;
L_0000015e2b0c2fa0 .functor XOR 1, L_0000015e2b0c2ec0, L_0000015e2b0c2e50, C4<0>, C4<0>;
L_0000015e2b0c37a0 .functor AND 1, L_0000015e2b0bd7e0, L_0000015e2b02d420, C4<1>, C4<1>;
L_0000015e2b0c3810 .functor AND 1, L_0000015e2b02d420, L_0000015e2b0c2e50, C4<1>, C4<1>;
L_0000015e2b0c4bc0 .functor OR 1, L_0000015e2b0c37a0, L_0000015e2b0c3810, C4<0>, C4<0>;
L_0000015e2b0c4a70 .functor AND 1, L_0000015e2b0bd7e0, L_0000015e2b0c2e50, C4<1>, C4<1>;
L_0000015e2b0c4290 .functor OR 1, L_0000015e2b0c4bc0, L_0000015e2b0c4a70, C4<0>, C4<0>;
v0000015e2b04ae30_0 .net "Cin", 0 0, L_0000015e2b0c2e50;  alias, 1 drivers
v0000015e2b04b470_0 .net "Cout", 0 0, L_0000015e2b0c4290;  alias, 1 drivers
v0000015e2b04b650_0 .net *"_ivl_0", 0 0, L_0000015e2b0c2ec0;  1 drivers
v0000015e2b04b6f0_0 .net *"_ivl_10", 0 0, L_0000015e2b0c4a70;  1 drivers
v0000015e2b04b790_0 .net *"_ivl_4", 0 0, L_0000015e2b0c37a0;  1 drivers
v0000015e2b049f30_0 .net *"_ivl_6", 0 0, L_0000015e2b0c3810;  1 drivers
v0000015e2b049d50_0 .net *"_ivl_8", 0 0, L_0000015e2b0c4bc0;  1 drivers
v0000015e2b04a430_0 .net "inputP", 0 0, L_0000015e2b0bd7e0;  1 drivers
v0000015e2b04a4d0_0 .net "inputQ", 0 0, L_0000015e2b02d420;  alias, 1 drivers
v0000015e2b04a570_0 .net "outAddSub", 0 0, L_0000015e2b0c2fa0;  1 drivers
S_0000015e2af7a810 .scope module, "fa12" "full_adder" 5 74, 5 100 0, S_0000015e2af81270;
 .timescale 0 0;
    .port_info 0 /OUTPUT 1 "outAddSub";
    .port_info 1 /OUTPUT 1 "Cout";
    .port_info 2 /INPUT 1 "inputP";
    .port_info 3 /INPUT 1 "inputQ";
    .port_info 4 /INPUT 1 "Cin";
L_0000015e2b0c3340 .functor XOR 1, L_0000015e2b0bd880, L_0000015e2b02d6c0, C4<0>, C4<0>;
L_0000015e2b0c4060 .functor XOR 1, L_0000015e2b0c3340, L_0000015e2b0c4290, C4<0>, C4<0>;
L_0000015e2b0c4300 .functor AND 1, L_0000015e2b0bd880, L_0000015e2b02d6c0, C4<1>, C4<1>;
L_0000015e2b0c4370 .functor AND 1, L_0000015e2b02d6c0, L_0000015e2b0c4290, C4<1>, C4<1>;
L_0000015e2b0c33b0 .functor OR 1, L_0000015e2b0c4300, L_0000015e2b0c4370, C4<0>, C4<0>;
L_0000015e2b0c3dc0 .functor AND 1, L_0000015e2b0bd880, L_0000015e2b0c4290, C4<1>, C4<1>;
L_0000015e2b0c4220 .functor OR 1, L_0000015e2b0c33b0, L_0000015e2b0c3dc0, C4<0>, C4<0>;
v0000015e2b00c530_0 .net "Cin", 0 0, L_0000015e2b0c4290;  alias, 1 drivers
v0000015e2b0a9110_0 .net "Cout", 0 0, L_0000015e2b0c4220;  alias, 1 drivers
v0000015e2b0aa970_0 .net *"_ivl_0", 0 0, L_0000015e2b0c3340;  1 drivers
v0000015e2b0aaf10_0 .net *"_ivl_10", 0 0, L_0000015e2b0c3dc0;  1 drivers
v0000015e2b0a9c50_0 .net *"_ivl_4", 0 0, L_0000015e2b0c4300;  1 drivers
v0000015e2b0a9b10_0 .net *"_ivl_6", 0 0, L_0000015e2b0c4370;  1 drivers
v0000015e2b0aa010_0 .net *"_ivl_8", 0 0, L_0000015e2b0c33b0;  1 drivers
v0000015e2b0a99d0_0 .net "inputP", 0 0, L_0000015e2b0bd880;  1 drivers
v0000015e2b0aae70_0 .net "inputQ", 0 0, L_0000015e2b02d6c0;  alias, 1 drivers
v0000015e2b0a9390_0 .net "outAddSub", 0 0, L_0000015e2b0c4060;  1 drivers
S_0000015e2af7a9a0 .scope module, "fa13" "full_adder" 5 75, 5 100 0, S_0000015e2af81270;
 .timescale 0 0;
    .port_info 0 /OUTPUT 1 "outAddSub";
    .port_info 1 /OUTPUT 1 "Cout";
    .port_info 2 /INPUT 1 "inputP";
    .port_info 3 /INPUT 1 "inputQ";
    .port_info 4 /INPUT 1 "Cin";
L_0000015e2b0c3420 .functor XOR 1, L_0000015e2b0bf5e0, L_0000015e2b02d730, C4<0>, C4<0>;
L_0000015e2b0c3180 .functor XOR 1, L_0000015e2b0c3420, L_0000015e2b0c4220, C4<0>, C4<0>;
L_0000015e2b0c48b0 .functor AND 1, L_0000015e2b0bf5e0, L_0000015e2b02d730, C4<1>, C4<1>;
L_0000015e2b0c3730 .functor AND 1, L_0000015e2b02d730, L_0000015e2b0c4220, C4<1>, C4<1>;
L_0000015e2b0c4ca0 .functor OR 1, L_0000015e2b0c48b0, L_0000015e2b0c3730, C4<0>, C4<0>;
L_0000015e2b0c3ab0 .functor AND 1, L_0000015e2b0bf5e0, L_0000015e2b0c4220, C4<1>, C4<1>;
L_0000015e2b0c3a40 .functor OR 1, L_0000015e2b0c4ca0, L_0000015e2b0c3ab0, C4<0>, C4<0>;
v0000015e2b0aa8d0_0 .net "Cin", 0 0, L_0000015e2b0c4220;  alias, 1 drivers
v0000015e2b0a92f0_0 .net "Cout", 0 0, L_0000015e2b0c3a40;  alias, 1 drivers
v0000015e2b0aa470_0 .net *"_ivl_0", 0 0, L_0000015e2b0c3420;  1 drivers
v0000015e2b0aa510_0 .net *"_ivl_10", 0 0, L_0000015e2b0c3ab0;  1 drivers
v0000015e2b0aa330_0 .net *"_ivl_4", 0 0, L_0000015e2b0c48b0;  1 drivers
v0000015e2b0a9bb0_0 .net *"_ivl_6", 0 0, L_0000015e2b0c3730;  1 drivers
v0000015e2b0a9250_0 .net *"_ivl_8", 0 0, L_0000015e2b0c4ca0;  1 drivers
v0000015e2b0a9cf0_0 .net "inputP", 0 0, L_0000015e2b0bf5e0;  1 drivers
v0000015e2b0a9430_0 .net "inputQ", 0 0, L_0000015e2b02d730;  alias, 1 drivers
v0000015e2b0a91b0_0 .net "outAddSub", 0 0, L_0000015e2b0c3180;  1 drivers
S_0000015e2af7ab30 .scope module, "fa14" "full_adder" 5 76, 5 100 0, S_0000015e2af81270;
 .timescale 0 0;
    .port_info 0 /OUTPUT 1 "outAddSub";
    .port_info 1 /OUTPUT 1 "Cout";
    .port_info 2 /INPUT 1 "inputP";
    .port_info 3 /INPUT 1 "inputQ";
    .port_info 4 /INPUT 1 "Cin";
L_0000015e2b0c41b0 .functor XOR 1, L_0000015e2b0bd9c0, L_0000015e2b02d8f0, C4<0>, C4<0>;
L_0000015e2b0c38f0 .functor XOR 1, L_0000015e2b0c41b0, L_0000015e2b0c3a40, C4<0>, C4<0>;
L_0000015e2b0c43e0 .functor AND 1, L_0000015e2b0bd9c0, L_0000015e2b02d8f0, C4<1>, C4<1>;
L_0000015e2b0c4450 .functor AND 1, L_0000015e2b02d8f0, L_0000015e2b0c3a40, C4<1>, C4<1>;
L_0000015e2b0c3b20 .functor OR 1, L_0000015e2b0c43e0, L_0000015e2b0c4450, C4<0>, C4<0>;
L_0000015e2b0c44c0 .functor AND 1, L_0000015e2b0bd9c0, L_0000015e2b0c3a40, C4<1>, C4<1>;
L_0000015e2b0c3490 .functor OR 1, L_0000015e2b0c3b20, L_0000015e2b0c44c0, C4<0>, C4<0>;
v0000015e2b0a9930_0 .net "Cin", 0 0, L_0000015e2b0c3a40;  alias, 1 drivers
v0000015e2b0aa5b0_0 .net "Cout", 0 0, L_0000015e2b0c3490;  alias, 1 drivers
v0000015e2b0aa650_0 .net *"_ivl_0", 0 0, L_0000015e2b0c41b0;  1 drivers
v0000015e2b0a9070_0 .net *"_ivl_10", 0 0, L_0000015e2b0c44c0;  1 drivers
v0000015e2b0a9570_0 .net *"_ivl_4", 0 0, L_0000015e2b0c43e0;  1 drivers
v0000015e2b0a94d0_0 .net *"_ivl_6", 0 0, L_0000015e2b0c4450;  1 drivers
v0000015e2b0a9610_0 .net *"_ivl_8", 0 0, L_0000015e2b0c3b20;  1 drivers
v0000015e2b0aa830_0 .net "inputP", 0 0, L_0000015e2b0bd9c0;  1 drivers
v0000015e2b0a9890_0 .net "inputQ", 0 0, L_0000015e2b02d8f0;  alias, 1 drivers
v0000015e2b0a97f0_0 .net "outAddSub", 0 0, L_0000015e2b0c38f0;  1 drivers
S_0000015e2b03e320 .scope module, "fa15" "full_adder" 5 77, 5 100 0, S_0000015e2af81270;
 .timescale 0 0;
    .port_info 0 /OUTPUT 1 "outAddSub";
    .port_info 1 /OUTPUT 1 "Cout";
    .port_info 2 /INPUT 1 "inputP";
    .port_info 3 /INPUT 1 "inputQ";
    .port_info 4 /INPUT 1 "Cin";
L_0000015e2b0c3ff0 .functor XOR 1, L_0000015e2b0bdd80, L_0000015e2b02d650, C4<0>, C4<0>;
L_0000015e2b0c3260 .functor XOR 1, L_0000015e2b0c3ff0, L_0000015e2b0c3490, C4<0>, C4<0>;
L_0000015e2b0c47d0 .functor AND 1, L_0000015e2b0bdd80, L_0000015e2b02d650, C4<1>, C4<1>;
L_0000015e2b0c40d0 .functor AND 1, L_0000015e2b02d650, L_0000015e2b0c3490, C4<1>, C4<1>;
L_0000015e2b0c4c30 .functor OR 1, L_0000015e2b0c47d0, L_0000015e2b0c40d0, C4<0>, C4<0>;
L_0000015e2b0c4990 .functor AND 1, L_0000015e2b0bdd80, L_0000015e2b0c3490, C4<1>, C4<1>;
L_0000015e2b0c4140 .functor OR 1, L_0000015e2b0c4c30, L_0000015e2b0c4990, C4<0>, C4<0>;
v0000015e2b0aa790_0 .net "Cin", 0 0, L_0000015e2b0c3490;  alias, 1 drivers
v0000015e2b0aa3d0_0 .net "Cout", 0 0, L_0000015e2b0c4140;  alias, 1 drivers
v0000015e2b0aa6f0_0 .net *"_ivl_0", 0 0, L_0000015e2b0c3ff0;  1 drivers
v0000015e2b0aa0b0_0 .net *"_ivl_10", 0 0, L_0000015e2b0c4990;  1 drivers
v0000015e2b0aa150_0 .net *"_ivl_4", 0 0, L_0000015e2b0c47d0;  1 drivers
v0000015e2b0a9a70_0 .net *"_ivl_6", 0 0, L_0000015e2b0c40d0;  1 drivers
v0000015e2b0a9d90_0 .net *"_ivl_8", 0 0, L_0000015e2b0c4c30;  1 drivers
v0000015e2b0a9e30_0 .net "inputP", 0 0, L_0000015e2b0bdd80;  1 drivers
v0000015e2b0a96b0_0 .net "inputQ", 0 0, L_0000015e2b02d650;  alias, 1 drivers
v0000015e2b0aadd0_0 .net "outAddSub", 0 0, L_0000015e2b0c3260;  1 drivers
S_0000015e2b03e4b0 .scope module, "fa2" "full_adder" 5 64, 5 100 0, S_0000015e2af81270;
 .timescale 0 0;
    .port_info 0 /OUTPUT 1 "outAddSub";
    .port_info 1 /OUTPUT 1 "Cout";
    .port_info 2 /INPUT 1 "inputP";
    .port_info 3 /INPUT 1 "inputQ";
    .port_info 4 /INPUT 1 "Cin";
L_0000015e2b0c2280 .functor XOR 1, L_0000015e2b0bd2e0, L_0000015e2b02cd90, C4<0>, C4<0>;
L_0000015e2b0c2bb0 .functor XOR 1, L_0000015e2b0c2280, L_0000015e2b0c1800, C4<0>, C4<0>;
L_0000015e2b0c1aa0 .functor AND 1, L_0000015e2b0bd2e0, L_0000015e2b02cd90, C4<1>, C4<1>;
L_0000015e2b0c29f0 .functor AND 1, L_0000015e2b02cd90, L_0000015e2b0c1800, C4<1>, C4<1>;
L_0000015e2b0c1db0 .functor OR 1, L_0000015e2b0c1aa0, L_0000015e2b0c29f0, C4<0>, C4<0>;
L_0000015e2b0c16b0 .functor AND 1, L_0000015e2b0bd2e0, L_0000015e2b0c1800, C4<1>, C4<1>;
L_0000015e2b0c1870 .functor OR 1, L_0000015e2b0c1db0, L_0000015e2b0c16b0, C4<0>, C4<0>;
v0000015e2b0a9750_0 .net "Cin", 0 0, L_0000015e2b0c1800;  alias, 1 drivers
v0000015e2b0a9ed0_0 .net "Cout", 0 0, L_0000015e2b0c1870;  alias, 1 drivers
v0000015e2b0a9f70_0 .net *"_ivl_0", 0 0, L_0000015e2b0c2280;  1 drivers
v0000015e2b0aa1f0_0 .net *"_ivl_10", 0 0, L_0000015e2b0c16b0;  1 drivers
v0000015e2b0aaa10_0 .net *"_ivl_4", 0 0, L_0000015e2b0c1aa0;  1 drivers
v0000015e2b0aa290_0 .net *"_ivl_6", 0 0, L_0000015e2b0c29f0;  1 drivers
v0000015e2b0aaab0_0 .net *"_ivl_8", 0 0, L_0000015e2b0c1db0;  1 drivers
v0000015e2b0aab50_0 .net "inputP", 0 0, L_0000015e2b0bd2e0;  1 drivers
v0000015e2b0aabf0_0 .net "inputQ", 0 0, L_0000015e2b02cd90;  alias, 1 drivers
v0000015e2b0aac90_0 .net "outAddSub", 0 0, L_0000015e2b0c2bb0;  1 drivers
S_0000015e2b03e640 .scope module, "fa3" "full_adder" 5 65, 5 100 0, S_0000015e2af81270;
 .timescale 0 0;
    .port_info 0 /OUTPUT 1 "outAddSub";
    .port_info 1 /OUTPUT 1 "Cout";
    .port_info 2 /INPUT 1 "inputP";
    .port_info 3 /INPUT 1 "inputQ";
    .port_info 4 /INPUT 1 "Cin";
L_0000015e2b0c1170 .functor XOR 1, L_0000015e2b0be000, L_0000015e2b02cd20, C4<0>, C4<0>;
L_0000015e2b0c2590 .functor XOR 1, L_0000015e2b0c1170, L_0000015e2b0c1870, C4<0>, C4<0>;
L_0000015e2b0c2a60 .functor AND 1, L_0000015e2b0be000, L_0000015e2b02cd20, C4<1>, C4<1>;
L_0000015e2b0c2670 .functor AND 1, L_0000015e2b02cd20, L_0000015e2b0c1870, C4<1>, C4<1>;
L_0000015e2b0c1f70 .functor OR 1, L_0000015e2b0c2a60, L_0000015e2b0c2670, C4<0>, C4<0>;
L_0000015e2b0c2050 .functor AND 1, L_0000015e2b0be000, L_0000015e2b0c1870, C4<1>, C4<1>;
L_0000015e2b0c2830 .functor OR 1, L_0000015e2b0c1f70, L_0000015e2b0c2050, C4<0>, C4<0>;
v0000015e2b0aad30_0 .net "Cin", 0 0, L_0000015e2b0c1870;  alias, 1 drivers
v0000015e2b0ab6d0_0 .net "Cout", 0 0, L_0000015e2b0c2830;  alias, 1 drivers
v0000015e2b0ac990_0 .net *"_ivl_0", 0 0, L_0000015e2b0c1170;  1 drivers
v0000015e2b0ab9f0_0 .net *"_ivl_10", 0 0, L_0000015e2b0c2050;  1 drivers
v0000015e2b0acf30_0 .net *"_ivl_4", 0 0, L_0000015e2b0c2a60;  1 drivers
v0000015e2b0ad4d0_0 .net *"_ivl_6", 0 0, L_0000015e2b0c2670;  1 drivers
v0000015e2b0ace90_0 .net *"_ivl_8", 0 0, L_0000015e2b0c1f70;  1 drivers
v0000015e2b0acfd0_0 .net "inputP", 0 0, L_0000015e2b0be000;  1 drivers
v0000015e2b0ad570_0 .net "inputQ", 0 0, L_0000015e2b02cd20;  alias, 1 drivers
v0000015e2b0ad6b0_0 .net "outAddSub", 0 0, L_0000015e2b0c2590;  1 drivers
S_0000015e2b03d1b0 .scope module, "fa4" "full_adder" 5 66, 5 100 0, S_0000015e2af81270;
 .timescale 0 0;
    .port_info 0 /OUTPUT 1 "outAddSub";
    .port_info 1 /OUTPUT 1 "Cout";
    .port_info 2 /INPUT 1 "inputP";
    .port_info 3 /INPUT 1 "inputQ";
    .port_info 4 /INPUT 1 "Cin";
L_0000015e2b0c22f0 .functor XOR 1, L_0000015e2b0bd600, L_0000015e2b02d340, C4<0>, C4<0>;
L_0000015e2b0c13a0 .functor XOR 1, L_0000015e2b0c22f0, L_0000015e2b0c2830, C4<0>, C4<0>;
L_0000015e2b0c1250 .functor AND 1, L_0000015e2b0bd600, L_0000015e2b02d340, C4<1>, C4<1>;
L_0000015e2b0c27c0 .functor AND 1, L_0000015e2b02d340, L_0000015e2b0c2830, C4<1>, C4<1>;
L_0000015e2b0c1410 .functor OR 1, L_0000015e2b0c1250, L_0000015e2b0c27c0, C4<0>, C4<0>;
L_0000015e2b0c2c20 .functor AND 1, L_0000015e2b0bd600, L_0000015e2b0c2830, C4<1>, C4<1>;
L_0000015e2b0c23d0 .functor OR 1, L_0000015e2b0c1410, L_0000015e2b0c2c20, C4<0>, C4<0>;
v0000015e2b0ab310_0 .net "Cin", 0 0, L_0000015e2b0c2830;  alias, 1 drivers
v0000015e2b0acad0_0 .net "Cout", 0 0, L_0000015e2b0c23d0;  alias, 1 drivers
v0000015e2b0ac8f0_0 .net *"_ivl_0", 0 0, L_0000015e2b0c22f0;  1 drivers
v0000015e2b0abb30_0 .net *"_ivl_10", 0 0, L_0000015e2b0c2c20;  1 drivers
v0000015e2b0ab1d0_0 .net *"_ivl_4", 0 0, L_0000015e2b0c1250;  1 drivers
v0000015e2b0ad110_0 .net *"_ivl_6", 0 0, L_0000015e2b0c27c0;  1 drivers
v0000015e2b0ac530_0 .net *"_ivl_8", 0 0, L_0000015e2b0c1410;  1 drivers
v0000015e2b0aca30_0 .net "inputP", 0 0, L_0000015e2b0bd600;  1 drivers
v0000015e2b0abf90_0 .net "inputQ", 0 0, L_0000015e2b02d340;  alias, 1 drivers
v0000015e2b0ad610_0 .net "outAddSub", 0 0, L_0000015e2b0c13a0;  1 drivers
S_0000015e2b03d340 .scope module, "fa5" "full_adder" 5 67, 5 100 0, S_0000015e2af81270;
 .timescale 0 0;
    .port_info 0 /OUTPUT 1 "outAddSub";
    .port_info 1 /OUTPUT 1 "Cout";
    .port_info 2 /INPUT 1 "inputP";
    .port_info 3 /INPUT 1 "inputQ";
    .port_info 4 /INPUT 1 "Cin";
L_0000015e2b0c1480 .functor XOR 1, L_0000015e2b0bdec0, L_0000015e2b02d1f0, C4<0>, C4<0>;
L_0000015e2b0c2ad0 .functor XOR 1, L_0000015e2b0c1480, L_0000015e2b0c23d0, C4<0>, C4<0>;
L_0000015e2b0c1100 .functor AND 1, L_0000015e2b0bdec0, L_0000015e2b02d1f0, C4<1>, C4<1>;
L_0000015e2b0c2750 .functor AND 1, L_0000015e2b02d1f0, L_0000015e2b0c23d0, C4<1>, C4<1>;
L_0000015e2b0c20c0 .functor OR 1, L_0000015e2b0c1100, L_0000015e2b0c2750, C4<0>, C4<0>;
L_0000015e2b0c2910 .functor AND 1, L_0000015e2b0bdec0, L_0000015e2b0c23d0, C4<1>, C4<1>;
L_0000015e2b0c1b80 .functor OR 1, L_0000015e2b0c20c0, L_0000015e2b0c2910, C4<0>, C4<0>;
v0000015e2b0ab3b0_0 .net "Cin", 0 0, L_0000015e2b0c23d0;  alias, 1 drivers
v0000015e2b0ab4f0_0 .net "Cout", 0 0, L_0000015e2b0c1b80;  alias, 1 drivers
v0000015e2b0abef0_0 .net *"_ivl_0", 0 0, L_0000015e2b0c1480;  1 drivers
v0000015e2b0acc10_0 .net *"_ivl_10", 0 0, L_0000015e2b0c2910;  1 drivers
v0000015e2b0ac490_0 .net *"_ivl_4", 0 0, L_0000015e2b0c1100;  1 drivers
v0000015e2b0acb70_0 .net *"_ivl_6", 0 0, L_0000015e2b0c2750;  1 drivers
v0000015e2b0ab450_0 .net *"_ivl_8", 0 0, L_0000015e2b0c20c0;  1 drivers
v0000015e2b0ab590_0 .net "inputP", 0 0, L_0000015e2b0bdec0;  1 drivers
v0000015e2b0ac3f0_0 .net "inputQ", 0 0, L_0000015e2b02d1f0;  alias, 1 drivers
v0000015e2b0ac710_0 .net "outAddSub", 0 0, L_0000015e2b0c2ad0;  1 drivers
S_0000015e2b0af9f0 .scope module, "fa6" "full_adder" 5 68, 5 100 0, S_0000015e2af81270;
 .timescale 0 0;
    .port_info 0 /OUTPUT 1 "outAddSub";
    .port_info 1 /OUTPUT 1 "Cout";
    .port_info 2 /INPUT 1 "inputP";
    .port_info 3 /INPUT 1 "inputQ";
    .port_info 4 /INPUT 1 "Cin";
L_0000015e2b0c2360 .functor XOR 1, L_0000015e2b0bf540, L_0000015e2b02d260, C4<0>, C4<0>;
L_0000015e2b0c2440 .functor XOR 1, L_0000015e2b0c2360, L_0000015e2b0c1b80, C4<0>, C4<0>;
L_0000015e2b0c18e0 .functor AND 1, L_0000015e2b0bf540, L_0000015e2b02d260, C4<1>, C4<1>;
L_0000015e2b0c2520 .functor AND 1, L_0000015e2b02d260, L_0000015e2b0c1b80, C4<1>, C4<1>;
L_0000015e2b0c14f0 .functor OR 1, L_0000015e2b0c18e0, L_0000015e2b0c2520, C4<0>, C4<0>;
L_0000015e2b0c11e0 .functor AND 1, L_0000015e2b0bf540, L_0000015e2b0c1b80, C4<1>, C4<1>;
L_0000015e2b0c2b40 .functor OR 1, L_0000015e2b0c14f0, L_0000015e2b0c11e0, C4<0>, C4<0>;
v0000015e2b0ac670_0 .net "Cin", 0 0, L_0000015e2b0c1b80;  alias, 1 drivers
v0000015e2b0aba90_0 .net "Cout", 0 0, L_0000015e2b0c2b40;  alias, 1 drivers
v0000015e2b0ac7b0_0 .net *"_ivl_0", 0 0, L_0000015e2b0c2360;  1 drivers
v0000015e2b0ad750_0 .net *"_ivl_10", 0 0, L_0000015e2b0c11e0;  1 drivers
v0000015e2b0ad070_0 .net *"_ivl_4", 0 0, L_0000015e2b0c18e0;  1 drivers
v0000015e2b0ac850_0 .net *"_ivl_6", 0 0, L_0000015e2b0c2520;  1 drivers
v0000015e2b0ab130_0 .net *"_ivl_8", 0 0, L_0000015e2b0c14f0;  1 drivers
v0000015e2b0accb0_0 .net "inputP", 0 0, L_0000015e2b0bf540;  1 drivers
v0000015e2b0abc70_0 .net "inputQ", 0 0, L_0000015e2b02d260;  alias, 1 drivers
v0000015e2b0ad1b0_0 .net "outAddSub", 0 0, L_0000015e2b0c2440;  1 drivers
S_0000015e2b0afb80 .scope module, "fa7" "full_adder" 5 69, 5 100 0, S_0000015e2af81270;
 .timescale 0 0;
    .port_info 0 /OUTPUT 1 "outAddSub";
    .port_info 1 /OUTPUT 1 "Cout";
    .port_info 2 /INPUT 1 "inputP";
    .port_info 3 /INPUT 1 "inputQ";
    .port_info 4 /INPUT 1 "Cin";
L_0000015e2b0c12c0 .functor XOR 1, L_0000015e2b0bd6a0, L_0000015e2b02ce00, C4<0>, C4<0>;
L_0000015e2b0c2c90 .functor XOR 1, L_0000015e2b0c12c0, L_0000015e2b0c2b40, C4<0>, C4<0>;
L_0000015e2b0c2130 .functor AND 1, L_0000015e2b0bd6a0, L_0000015e2b02ce00, C4<1>, C4<1>;
L_0000015e2b0c28a0 .functor AND 1, L_0000015e2b02ce00, L_0000015e2b0c2b40, C4<1>, C4<1>;
L_0000015e2b0c1950 .functor OR 1, L_0000015e2b0c2130, L_0000015e2b0c28a0, C4<0>, C4<0>;
L_0000015e2b0c2600 .functor AND 1, L_0000015e2b0bd6a0, L_0000015e2b0c2b40, C4<1>, C4<1>;
L_0000015e2b0c1330 .functor OR 1, L_0000015e2b0c1950, L_0000015e2b0c2600, C4<0>, C4<0>;
v0000015e2b0ad390_0 .net "Cin", 0 0, L_0000015e2b0c2b40;  alias, 1 drivers
v0000015e2b0ac170_0 .net "Cout", 0 0, L_0000015e2b0c1330;  alias, 1 drivers
v0000015e2b0ac5d0_0 .net *"_ivl_0", 0 0, L_0000015e2b0c12c0;  1 drivers
v0000015e2b0ad430_0 .net *"_ivl_10", 0 0, L_0000015e2b0c2600;  1 drivers
v0000015e2b0ac350_0 .net *"_ivl_4", 0 0, L_0000015e2b0c2130;  1 drivers
v0000015e2b0acd50_0 .net *"_ivl_6", 0 0, L_0000015e2b0c28a0;  1 drivers
v0000015e2b0ab270_0 .net *"_ivl_8", 0 0, L_0000015e2b0c1950;  1 drivers
v0000015e2b0acdf0_0 .net "inputP", 0 0, L_0000015e2b0bd6a0;  1 drivers
v0000015e2b0abe50_0 .net "inputQ", 0 0, L_0000015e2b02ce00;  alias, 1 drivers
v0000015e2b0ad250_0 .net "outAddSub", 0 0, L_0000015e2b0c2c90;  1 drivers
S_0000015e2b0af540 .scope module, "fa8" "full_adder" 5 70, 5 100 0, S_0000015e2af81270;
 .timescale 0 0;
    .port_info 0 /OUTPUT 1 "outAddSub";
    .port_info 1 /OUTPUT 1 "Cout";
    .port_info 2 /INPUT 1 "inputP";
    .port_info 3 /INPUT 1 "inputQ";
    .port_info 4 /INPUT 1 "Cin";
L_0000015e2b0c19c0 .functor XOR 1, L_0000015e2b0bee60, L_0000015e2b02d9d0, C4<0>, C4<0>;
L_0000015e2b0c1cd0 .functor XOR 1, L_0000015e2b0c19c0, L_0000015e2b0c1330, C4<0>, C4<0>;
L_0000015e2b0c1720 .functor AND 1, L_0000015e2b0bee60, L_0000015e2b02d9d0, C4<1>, C4<1>;
L_0000015e2b0c1a30 .functor AND 1, L_0000015e2b02d9d0, L_0000015e2b0c1330, C4<1>, C4<1>;
L_0000015e2b0c1560 .functor OR 1, L_0000015e2b0c1720, L_0000015e2b0c1a30, C4<0>, C4<0>;
L_0000015e2b0c15d0 .functor AND 1, L_0000015e2b0bee60, L_0000015e2b0c1330, C4<1>, C4<1>;
L_0000015e2b0c1640 .functor OR 1, L_0000015e2b0c1560, L_0000015e2b0c15d0, C4<0>, C4<0>;
v0000015e2b0abbd0_0 .net "Cin", 0 0, L_0000015e2b0c1330;  alias, 1 drivers
v0000015e2b0ad2f0_0 .net "Cout", 0 0, L_0000015e2b0c1640;  alias, 1 drivers
v0000015e2b0ad7f0_0 .net *"_ivl_0", 0 0, L_0000015e2b0c19c0;  1 drivers
v0000015e2b0ab090_0 .net *"_ivl_10", 0 0, L_0000015e2b0c15d0;  1 drivers
v0000015e2b0ab630_0 .net *"_ivl_4", 0 0, L_0000015e2b0c1720;  1 drivers
v0000015e2b0ab770_0 .net *"_ivl_6", 0 0, L_0000015e2b0c1a30;  1 drivers
v0000015e2b0ab810_0 .net *"_ivl_8", 0 0, L_0000015e2b0c1560;  1 drivers
v0000015e2b0ab8b0_0 .net "inputP", 0 0, L_0000015e2b0bee60;  1 drivers
v0000015e2b0ab950_0 .net "inputQ", 0 0, L_0000015e2b02d9d0;  alias, 1 drivers
v0000015e2b0abd10_0 .net "outAddSub", 0 0, L_0000015e2b0c1cd0;  1 drivers
S_0000015e2b0af220 .scope module, "fa9" "full_adder" 5 71, 5 100 0, S_0000015e2af81270;
 .timescale 0 0;
    .port_info 0 /OUTPUT 1 "outAddSub";
    .port_info 1 /OUTPUT 1 "Cout";
    .port_info 2 /INPUT 1 "inputP";
    .port_info 3 /INPUT 1 "inputQ";
    .port_info 4 /INPUT 1 "Cin";
L_0000015e2b0c1790 .functor XOR 1, L_0000015e2b0bf720, L_0000015e2b02d0a0, C4<0>, C4<0>;
L_0000015e2b0c1bf0 .functor XOR 1, L_0000015e2b0c1790, L_0000015e2b0c1640, C4<0>, C4<0>;
L_0000015e2b0c1c60 .functor AND 1, L_0000015e2b0bf720, L_0000015e2b02d0a0, C4<1>, C4<1>;
L_0000015e2b0c1d40 .functor AND 1, L_0000015e2b02d0a0, L_0000015e2b0c1640, C4<1>, C4<1>;
L_0000015e2b0c1e20 .functor OR 1, L_0000015e2b0c1c60, L_0000015e2b0c1d40, C4<0>, C4<0>;
L_0000015e2b0c1e90 .functor AND 1, L_0000015e2b0bf720, L_0000015e2b0c1640, C4<1>, C4<1>;
L_0000015e2b0c1f00 .functor OR 1, L_0000015e2b0c1e20, L_0000015e2b0c1e90, C4<0>, C4<0>;
v0000015e2b0abdb0_0 .net "Cin", 0 0, L_0000015e2b0c1640;  alias, 1 drivers
v0000015e2b0ac0d0_0 .net "Cout", 0 0, L_0000015e2b0c1f00;  alias, 1 drivers
v0000015e2b0ac2b0_0 .net *"_ivl_0", 0 0, L_0000015e2b0c1790;  1 drivers
v0000015e2b0ac030_0 .net *"_ivl_10", 0 0, L_0000015e2b0c1e90;  1 drivers
v0000015e2b0ac210_0 .net *"_ivl_4", 0 0, L_0000015e2b0c1c60;  1 drivers
v0000015e2b0ada70_0 .net *"_ivl_6", 0 0, L_0000015e2b0c1d40;  1 drivers
v0000015e2b0adb10_0 .net *"_ivl_8", 0 0, L_0000015e2b0c1e20;  1 drivers
v0000015e2b0ad9d0_0 .net "inputP", 0 0, L_0000015e2b0bf720;  1 drivers
v0000015e2b0aebf0_0 .net "inputQ", 0 0, L_0000015e2b02d0a0;  alias, 1 drivers
v0000015e2b0ae970_0 .net "outAddSub", 0 0, L_0000015e2b0c1bf0;  1 drivers
S_0000015e2b0afd10 .scope module, "inst2" "Modulo" 3 108, 5 192 0, S_0000015e2af7ea70;
 .timescale 0 0;
    .port_info 0 /INPUT 32 "inputP";
    .port_info 1 /INPUT 32 "inputQ";
    .port_info 2 /OUTPUT 32 "outMod";
    .port_info 3 /OUTPUT 1 "divZero";
v0000015e2b0b0e70_0 .var "divZero", 0 0;
v0000015e2b0b1cd0_0 .net "inputP", 31 0, v0000015e2b04a610_0;  alias, 1 drivers
v0000015e2b0b2810_0 .net "inputQ", 31 0, v0000015e2b0bd420_0;  alias, 1 drivers
v0000015e2b0b1050_0 .var "outMod", 31 0;
E_0000015e2b01a9d0 .event anyedge, v0000015e2b0b0e70_0, v0000015e2b0b2810_0;
E_0000015e2b01aa90 .event anyedge, v0000015e2b0b1050_0, v0000015e2b0b2810_0, v0000015e2b04a610_0;
S_0000015e2b0afea0 .scope module, "inst3" "Division" 3 109, 5 144 0, S_0000015e2af7ea70;
 .timescale 0 0;
    .port_info 0 /INPUT 32 "inputP";
    .port_info 1 /INPUT 32 "inputQ";
    .port_info 2 /OUTPUT 32 "quotient";
    .port_info 3 /OUTPUT 1 "divideByZero";
v0000015e2b0b00b0_0 .var "divideByZero", 0 0;
v0000015e2b0b03d0_0 .net "inputP", 31 0, v0000015e2b04a610_0;  alias, 1 drivers
v0000015e2b0b10f0_0 .net "inputQ", 31 0, v0000015e2b0bd420_0;  alias, 1 drivers
v0000015e2b0b0470_0 .var "quotient", 31 0;
E_0000015e2b01b7d0 .event anyedge, v0000015e2b0b0470_0, v0000015e2b0b2810_0, v0000015e2b04a610_0;
E_0000015e2b01b890 .event anyedge, v0000015e2b0b00b0_0, v0000015e2b0b2810_0;
S_0000015e2b0af6d0 .scope module, "inst4" "Multiplication" 3 110, 5 229 0, S_0000015e2af7ea70;
 .timescale 0 0;
    .port_info 0 /INPUT 32 "inputP";
    .port_info 1 /INPUT 32 "inputQ";
    .port_info 2 /OUTPUT 32 "product";
v0000015e2b0b1230_0 .net "inputP", 31 0, v0000015e2b0bd420_0;  alias, 1 drivers
v0000015e2b0b1d70_0 .net "inputQ", 31 0, v0000015e2b04a610_0;  alias, 1 drivers
v0000015e2b0b12d0_0 .var "product", 31 0;
E_0000015e2b01b690 .event anyedge, v0000015e2b0b12d0_0, v0000015e2b04a610_0, v0000015e2b0b2810_0;
S_0000015e2b0af090 .scope module, "inst5" "Decoder" 3 111, 6 17 0, S_0000015e2af7ea70;
 .timescale 0 0;
    .port_info 0 /INPUT 4 "opCode";
    .port_info 1 /OUTPUT 16 "hotselect";
v0000015e2b0b0510_0 .var "hotselect", 15 0;
v0000015e2b0b0dd0_0 .net "opCode", 3 0, v0000015e2b0be1e0_0;  alias, 1 drivers
S_0000015e2b0af3b0 .scope module, "inst6" "ErrorModule" 3 112, 6 104 0, S_0000015e2af7ea70;
 .timescale 0 0;
    .port_info 0 /INPUT 1 "overflow";
    .port_info 1 /INPUT 1 "dividebyzeroDiv";
    .port_info 2 /INPUT 1 "dividebyzeroMod";
    .port_info 3 /OUTPUT 2 "errorCode";
L_0000015e2b0c3ea0 .functor OR 1, v0000015e2b0b00b0_0, v0000015e2b0b0e70_0, C4<0>, C4<0>;
L_0000015e2b0c45a0 .functor BUFZ 1, L_0000015e2b0c4530, C4<0>, C4<0>, C4<0>;
v0000015e2b0b0ab0_0 .net *"_ivl_3", 0 0, L_0000015e2b0c3ea0;  1 drivers
v0000015e2b0b1e10_0 .net *"_ivl_8", 0 0, L_0000015e2b0c45a0;  1 drivers
v0000015e2b0b0650_0 .net "dividebyzeroDiv", 0 0, v0000015e2b0b00b0_0;  alias, 1 drivers
v0000015e2b0b06f0_0 .net "dividebyzeroMod", 0 0, v0000015e2b0b0e70_0;  alias, 1 drivers
v0000015e2b0b0790_0 .net "errorCode", 1 0, L_0000015e2b0beb40;  alias, 1 drivers
v0000015e2b0b0830_0 .net "overflow", 0 0, L_0000015e2b0c4530;  alias, 1 drivers
L_0000015e2b0beb40 .concat8 [ 1 1 0 0], L_0000015e2b0c3ea0, L_0000015e2b0c45a0;
S_0000015e2b0af860 .scope module, "inst7" "Multiplexer" 3 125, 6 62 0, S_0000015e2af7ea70;
 .timescale 0 0;
    .port_info 0 /INPUT 512 "channels";
    .port_info 1 /INPUT 16 "hotselect";
    .port_info 2 /OUTPUT 32 "muxout";
L_0000015e2b0c3570 .functor AND 32, L_0000015e2b0be3c0, L_0000015e2b0be500, C4<11111111111111111111111111111111>, C4<11111111111111111111111111111111>;
L_0000015e2b0c46f0 .functor AND 32, L_0000015e2b0be5a0, L_0000015e2b0be640, C4<11111111111111111111111111111111>, C4<11111111111111111111111111111111>;
L_0000015e2b0c4610 .functor OR 32, L_0000015e2b0c3570, L_0000015e2b0c46f0, C4<00000000000000000000000000000000>, C4<00000000000000000000000000000000>;
L_0000015e2b0c4760 .functor AND 32, L_0000015e2b0be8c0, L_0000015e2b0bea00, C4<11111111111111111111111111111111>, C4<11111111111111111111111111111111>;
L_0000015e2b0c4680 .functor OR 32, L_0000015e2b0c4610, L_0000015e2b0c4760, C4<00000000000000000000000000000000>, C4<00000000000000000000000000000000>;
L_0000015e2b0c4920 .functor AND 32, L_0000015e2b0bf180, L_0000015e2b0bf220, C4<11111111111111111111111111111111>, C4<11111111111111111111111111111111>;
L_0000015e2b0c35e0 .functor OR 32, L_0000015e2b0c4680, L_0000015e2b0c4920, C4<00000000000000000000000000000000>, C4<00000000000000000000000000000000>;
L_0000015e2b0c4b50 .functor AND 32, L_0000015e2b0bfa40, L_0000015e2b0bf900, C4<11111111111111111111111111111111>, C4<11111111111111111111111111111111>;
L_0000015e2b0c3f80 .functor OR 32, L_0000015e2b0c35e0, L_0000015e2b0c4b50, C4<00000000000000000000000000000000>, C4<00000000000000000000000000000000>;
L_0000015e2b0c3500 .functor AND 32, L_0000015e2b0c0800, L_0000015e2b0c01c0, C4<11111111111111111111111111111111>, C4<11111111111111111111111111111111>;
L_0000015e2b0c4840 .functor OR 32, L_0000015e2b0c3f80, L_0000015e2b0c3500, C4<00000000000000000000000000000000>, C4<00000000000000000000000000000000>;
L_0000015e2b0c3110 .functor AND 32, L_0000015e2b0c04e0, L_0000015e2b0c08a0, C4<11111111111111111111111111111111>, C4<11111111111111111111111111111111>;
L_0000015e2b0c3e30 .functor OR 32, L_0000015e2b0c4840, L_0000015e2b0c3110, C4<00000000000000000000000000000000>, C4<00000000000000000000000000000000>;
L_0000015e2b0c3960 .functor AND 32, L_0000015e2b0c09e0, L_0000015e2b0c0620, C4<11111111111111111111111111111111>, C4<11111111111111111111111111111111>;
L_0000015e2b0c3880 .functor OR 32, L_0000015e2b0c3e30, L_0000015e2b0c3960, C4<00000000000000000000000000000000>, C4<00000000000000000000000000000000>;
L_0000015e2b0c31f0 .functor AND 32, L_0000015e2b0c0bc0, L_0000015e2b0c0da0, C4<11111111111111111111111111111111>, C4<11111111111111111111111111111111>;
L_0000015e2b0c3650 .functor OR 32, L_0000015e2b0c3880, L_0000015e2b0c31f0, C4<00000000000000000000000000000000>, C4<00000000000000000000000000000000>;
L_0000015e2b0c3f10 .functor AND 32, L_0000015e2b0c0f80, L_0000015e2b0bfb80, C4<11111111111111111111111111111111>, C4<11111111111111111111111111111111>;
L_0000015e2b0c4a00 .functor OR 32, L_0000015e2b0c3650, L_0000015e2b0c3f10, C4<00000000000000000000000000000000>, C4<00000000000000000000000000000000>;
L_0000015e2b0c36c0 .functor AND 32, L_0000015e2b0bfc20, L_0000015e2b0bf9a0, C4<11111111111111111111111111111111>, C4<11111111111111111111111111111111>;
L_0000015e2b0c39d0 .functor OR 32, L_0000015e2b0c4a00, L_0000015e2b0c36c0, C4<00000000000000000000000000000000>, C4<00000000000000000000000000000000>;
L_0000015e2b0c3b90 .functor AND 32, L_0000015e2b0c0440, L_0000015e2b0c0d00, C4<11111111111111111111111111111111>, C4<11111111111111111111111111111111>;
L_0000015e2b0c32d0 .functor OR 32, L_0000015e2b0c39d0, L_0000015e2b0c3b90, C4<00000000000000000000000000000000>, C4<00000000000000000000000000000000>;
L_0000015e2b0c3c00 .functor AND 32, L_0000015e2b0c0c60, L_0000015e2b0bfe00, C4<11111111111111111111111111111111>, C4<11111111111111111111111111111111>;
L_0000015e2b0c4ae0 .functor OR 32, L_0000015e2b0c32d0, L_0000015e2b0c3c00, C4<00000000000000000000000000000000>, C4<00000000000000000000000000000000>;
L_0000015e2b0c3c70 .functor AND 32, L_0000015e2b0c0b20, L_0000015e2b0c0e40, C4<11111111111111111111111111111111>, C4<11111111111111111111111111111111>;
L_0000015e2b0c3ce0 .functor OR 32, L_0000015e2b0c4ae0, L_0000015e2b0c3c70, C4<00000000000000000000000000000000>, C4<00000000000000000000000000000000>;
L_0000015e2b0c3d50 .functor AND 32, L_0000015e2b0c0080, L_0000015e2b0c0760, C4<11111111111111111111111111111111>, C4<11111111111111111111111111111111>;
L_0000015e2b0c4f40 .functor OR 32, L_0000015e2b0c3ce0, L_0000015e2b0c3d50, C4<00000000000000000000000000000000>, C4<00000000000000000000000000000000>;
L_0000015e2b0c4ed0 .functor AND 32, L_0000015e2b0bfea0, L_0000015e2b0bff40, C4<11111111111111111111111111111111>, C4<11111111111111111111111111111111>;
L_0000015e2b0c4df0 .functor OR 32, L_0000015e2b0c4f40, L_0000015e2b0c4ed0, C4<00000000000000000000000000000000>, C4<00000000000000000000000000000000>;
v0000015e2b0b08d0_0 .net *"_ivl_1", 0 0, L_0000015e2b0bf680;  1 drivers
v0000015e2b0b0970_0 .net *"_ivl_10", 31 0, L_0000015e2b0be5a0;  1 drivers
v0000015e2b0b0b50_0 .net *"_ivl_100", 31 0, L_0000015e2b0bfc20;  1 drivers
v0000015e2b0b0bf0_0 .net *"_ivl_103", 31 0, L_0000015e2b0bf9a0;  1 drivers
v0000015e2b0b0c90_0 .net *"_ivl_104", 31 0, L_0000015e2b0c36c0;  1 drivers
v0000015e2b0b0d30_0 .net *"_ivl_106", 31 0, L_0000015e2b0c39d0;  1 drivers
v0000015e2b0b3df0_0 .net *"_ivl_109", 0 0, L_0000015e2b0c03a0;  1 drivers
v0000015e2b0b3ad0_0 .net *"_ivl_110", 31 0, L_0000015e2b0c0440;  1 drivers
v0000015e2b0b3490_0 .net *"_ivl_113", 31 0, L_0000015e2b0c0d00;  1 drivers
v0000015e2b0b28b0_0 .net *"_ivl_114", 31 0, L_0000015e2b0c3b90;  1 drivers
v0000015e2b0b3850_0 .net *"_ivl_116", 31 0, L_0000015e2b0c32d0;  1 drivers
v0000015e2b0b2e50_0 .net *"_ivl_119", 0 0, L_0000015e2b0bfd60;  1 drivers
v0000015e2b0b3d50_0 .net *"_ivl_120", 31 0, L_0000015e2b0c0c60;  1 drivers
v0000015e2b0b3b70_0 .net *"_ivl_123", 31 0, L_0000015e2b0bfe00;  1 drivers
v0000015e2b0b3530_0 .net *"_ivl_124", 31 0, L_0000015e2b0c3c00;  1 drivers
v0000015e2b0b3f30_0 .net *"_ivl_126", 31 0, L_0000015e2b0c4ae0;  1 drivers
v0000015e2b0b3c10_0 .net *"_ivl_129", 0 0, L_0000015e2b0c0580;  1 drivers
v0000015e2b0b2b30_0 .net *"_ivl_13", 31 0, L_0000015e2b0be640;  1 drivers
v0000015e2b0b37b0_0 .net *"_ivl_130", 31 0, L_0000015e2b0c0b20;  1 drivers
v0000015e2b0b3e90_0 .net *"_ivl_133", 31 0, L_0000015e2b0c0e40;  1 drivers
v0000015e2b0b33f0_0 .net *"_ivl_134", 31 0, L_0000015e2b0c3c70;  1 drivers
v0000015e2b0b35d0_0 .net *"_ivl_136", 31 0, L_0000015e2b0c3ce0;  1 drivers
v0000015e2b0b2950_0 .net *"_ivl_139", 0 0, L_0000015e2b0c0ee0;  1 drivers
v0000015e2b0b3030_0 .net *"_ivl_14", 31 0, L_0000015e2b0c46f0;  1 drivers
v0000015e2b0b3210_0 .net *"_ivl_140", 31 0, L_0000015e2b0c0080;  1 drivers
v0000015e2b0b3710_0 .net *"_ivl_143", 31 0, L_0000015e2b0c0760;  1 drivers
v0000015e2b0b38f0_0 .net *"_ivl_144", 31 0, L_0000015e2b0c3d50;  1 drivers
v0000015e2b0b2bd0_0 .net *"_ivl_146", 31 0, L_0000015e2b0c4f40;  1 drivers
v0000015e2b0b3350_0 .net *"_ivl_149", 0 0, L_0000015e2b0c06c0;  1 drivers
v0000015e2b0b30d0_0 .net *"_ivl_150", 31 0, L_0000015e2b0bfea0;  1 drivers
v0000015e2b0b3990_0 .net *"_ivl_153", 31 0, L_0000015e2b0bff40;  1 drivers
v0000015e2b0b3a30_0 .net *"_ivl_154", 31 0, L_0000015e2b0c4ed0;  1 drivers
v0000015e2b0b3cb0_0 .net *"_ivl_16", 31 0, L_0000015e2b0c4610;  1 drivers
v0000015e2b0b3170_0 .net *"_ivl_19", 0 0, L_0000015e2b0be6e0;  1 drivers
v0000015e2b0b3670_0 .net *"_ivl_2", 31 0, L_0000015e2b0be3c0;  1 drivers
v0000015e2b0b29f0_0 .net *"_ivl_20", 31 0, L_0000015e2b0be8c0;  1 drivers
v0000015e2b0b2a90_0 .net *"_ivl_23", 31 0, L_0000015e2b0bea00;  1 drivers
v0000015e2b0b2c70_0 .net *"_ivl_24", 31 0, L_0000015e2b0c4760;  1 drivers
v0000015e2b0b2d10_0 .net *"_ivl_26", 31 0, L_0000015e2b0c4680;  1 drivers
v0000015e2b0b2db0_0 .net *"_ivl_29", 0 0, L_0000015e2b0bec80;  1 drivers
v0000015e2b0b2ef0_0 .net *"_ivl_30", 31 0, L_0000015e2b0bf180;  1 drivers
v0000015e2b0b2f90_0 .net *"_ivl_33", 31 0, L_0000015e2b0bf220;  1 drivers
v0000015e2b0b32b0_0 .net *"_ivl_34", 31 0, L_0000015e2b0c4920;  1 drivers
v0000015e2b0b5600_0 .net *"_ivl_36", 31 0, L_0000015e2b0c35e0;  1 drivers
v0000015e2b0b5a60_0 .net *"_ivl_39", 0 0, L_0000015e2b0c0120;  1 drivers
v0000015e2b0b4fc0_0 .net *"_ivl_40", 31 0, L_0000015e2b0bfa40;  1 drivers
v0000015e2b0b5b00_0 .net *"_ivl_43", 31 0, L_0000015e2b0bf900;  1 drivers
v0000015e2b0b40c0_0 .net *"_ivl_44", 31 0, L_0000015e2b0c4b50;  1 drivers
v0000015e2b0b56a0_0 .net *"_ivl_46", 31 0, L_0000015e2b0c3f80;  1 drivers
v0000015e2b0b4ca0_0 .net *"_ivl_49", 0 0, L_0000015e2b0bfcc0;  1 drivers
v0000015e2b0b60a0_0 .net *"_ivl_5", 31 0, L_0000015e2b0be500;  1 drivers
v0000015e2b0b63c0_0 .net *"_ivl_50", 31 0, L_0000015e2b0c0800;  1 drivers
v0000015e2b0b57e0_0 .net *"_ivl_53", 31 0, L_0000015e2b0c01c0;  1 drivers
v0000015e2b0b4480_0 .net *"_ivl_54", 31 0, L_0000015e2b0c3500;  1 drivers
v0000015e2b0b4e80_0 .net *"_ivl_56", 31 0, L_0000015e2b0c4840;  1 drivers
v0000015e2b0b66e0_0 .net *"_ivl_59", 0 0, L_0000015e2b0c0940;  1 drivers
v0000015e2b0b5920_0 .net *"_ivl_6", 31 0, L_0000015e2b0c3570;  1 drivers
v0000015e2b0b6460_0 .net *"_ivl_60", 31 0, L_0000015e2b0c04e0;  1 drivers
v0000015e2b0b4200_0 .net *"_ivl_63", 31 0, L_0000015e2b0c08a0;  1 drivers
v0000015e2b0b59c0_0 .net *"_ivl_64", 31 0, L_0000015e2b0c3110;  1 drivers
v0000015e2b0b42a0_0 .net *"_ivl_66", 31 0, L_0000015e2b0c3e30;  1 drivers
v0000015e2b0b5880_0 .net *"_ivl_69", 0 0, L_0000015e2b0bfae0;  1 drivers
v0000015e2b0b6280_0 .net *"_ivl_70", 31 0, L_0000015e2b0c09e0;  1 drivers
v0000015e2b0b5ba0_0 .net *"_ivl_73", 31 0, L_0000015e2b0c0620;  1 drivers
v0000015e2b0b5100_0 .net *"_ivl_74", 31 0, L_0000015e2b0c3960;  1 drivers
v0000015e2b0b6140_0 .net *"_ivl_76", 31 0, L_0000015e2b0c3880;  1 drivers
v0000015e2b0b5c40_0 .net *"_ivl_79", 0 0, L_0000015e2b0c0260;  1 drivers
v0000015e2b0b5560_0 .net *"_ivl_80", 31 0, L_0000015e2b0c0bc0;  1 drivers
v0000015e2b0b6780_0 .net *"_ivl_83", 31 0, L_0000015e2b0c0da0;  1 drivers
v0000015e2b0b5060_0 .net *"_ivl_84", 31 0, L_0000015e2b0c31f0;  1 drivers
v0000015e2b0b6500_0 .net *"_ivl_86", 31 0, L_0000015e2b0c3650;  1 drivers
v0000015e2b0b54c0_0 .net *"_ivl_89", 0 0, L_0000015e2b0c0a80;  1 drivers
v0000015e2b0b5ce0_0 .net *"_ivl_9", 0 0, L_0000015e2b0bf0e0;  1 drivers
v0000015e2b0b5ec0_0 .net *"_ivl_90", 31 0, L_0000015e2b0c0f80;  1 drivers
v0000015e2b0b5d80_0 .net *"_ivl_93", 31 0, L_0000015e2b0bfb80;  1 drivers
v0000015e2b0b5420_0 .net *"_ivl_94", 31 0, L_0000015e2b0c3f10;  1 drivers
v0000015e2b0b5740_0 .net *"_ivl_96", 31 0, L_0000015e2b0c4a00;  1 drivers
v0000015e2b0b4f20_0 .net *"_ivl_99", 0 0, L_0000015e2b0c0300;  1 drivers
v0000015e2b0b5e20_0 .net "channels", 511 0, L_0000015e2b0bffe0;  alias, 1 drivers
v0000015e2b0b5f60_0 .net "hotselect", 15 0, v0000015e2b0b0510_0;  alias, 1 drivers
v0000015e2b0b5380_0 .net "muxout", 31 0, L_0000015e2b0c4df0;  alias, 1 drivers
L_0000015e2b0bf680 .part v0000015e2b0b0510_0, 15, 1;
LS_0000015e2b0be3c0_0_0 .concat [ 1 1 1 1], L_0000015e2b0bf680, L_0000015e2b0bf680, L_0000015e2b0bf680, L_0000015e2b0bf680;
LS_0000015e2b0be3c0_0_4 .concat [ 1 1 1 1], L_0000015e2b0bf680, L_0000015e2b0bf680, L_0000015e2b0bf680, L_0000015e2b0bf680;
LS_0000015e2b0be3c0_0_8 .concat [ 1 1 1 1], L_0000015e2b0bf680, L_0000015e2b0bf680, L_0000015e2b0bf680, L_0000015e2b0bf680;
LS_0000015e2b0be3c0_0_12 .concat [ 1 1 1 1], L_0000015e2b0bf680, L_0000015e2b0bf680, L_0000015e2b0bf680, L_0000015e2b0bf680;
LS_0000015e2b0be3c0_0_16 .concat [ 1 1 1 1], L_0000015e2b0bf680, L_0000015e2b0bf680, L_0000015e2b0bf680, L_0000015e2b0bf680;
LS_0000015e2b0be3c0_0_20 .concat [ 1 1 1 1], L_0000015e2b0bf680, L_0000015e2b0bf680, L_0000015e2b0bf680, L_0000015e2b0bf680;
LS_0000015e2b0be3c0_0_24 .concat [ 1 1 1 1], L_0000015e2b0bf680, L_0000015e2b0bf680, L_0000015e2b0bf680, L_0000015e2b0bf680;
LS_0000015e2b0be3c0_0_28 .concat [ 1 1 1 1], L_0000015e2b0bf680, L_0000015e2b0bf680, L_0000015e2b0bf680, L_0000015e2b0bf680;
LS_0000015e2b0be3c0_1_0 .concat [ 4 4 4 4], LS_0000015e2b0be3c0_0_0, LS_0000015e2b0be3c0_0_4, LS_0000015e2b0be3c0_0_8, LS_0000015e2b0be3c0_0_12;
LS_0000015e2b0be3c0_1_4 .concat [ 4 4 4 4], LS_0000015e2b0be3c0_0_16, LS_0000015e2b0be3c0_0_20, LS_0000015e2b0be3c0_0_24, LS_0000015e2b0be3c0_0_28;
L_0000015e2b0be3c0 .concat [ 16 16 0 0], LS_0000015e2b0be3c0_1_0, LS_0000015e2b0be3c0_1_4;
L_0000015e2b0be500 .part L_0000015e2b0bffe0, 480, 32;
L_0000015e2b0bf0e0 .part v0000015e2b0b0510_0, 14, 1;
LS_0000015e2b0be5a0_0_0 .concat [ 1 1 1 1], L_0000015e2b0bf0e0, L_0000015e2b0bf0e0, L_0000015e2b0bf0e0, L_0000015e2b0bf0e0;
LS_0000015e2b0be5a0_0_4 .concat [ 1 1 1 1], L_0000015e2b0bf0e0, L_0000015e2b0bf0e0, L_0000015e2b0bf0e0, L_0000015e2b0bf0e0;
LS_0000015e2b0be5a0_0_8 .concat [ 1 1 1 1], L_0000015e2b0bf0e0, L_0000015e2b0bf0e0, L_0000015e2b0bf0e0, L_0000015e2b0bf0e0;
LS_0000015e2b0be5a0_0_12 .concat [ 1 1 1 1], L_0000015e2b0bf0e0, L_0000015e2b0bf0e0, L_0000015e2b0bf0e0, L_0000015e2b0bf0e0;
LS_0000015e2b0be5a0_0_16 .concat [ 1 1 1 1], L_0000015e2b0bf0e0, L_0000015e2b0bf0e0, L_0000015e2b0bf0e0, L_0000015e2b0bf0e0;
LS_0000015e2b0be5a0_0_20 .concat [ 1 1 1 1], L_0000015e2b0bf0e0, L_0000015e2b0bf0e0, L_0000015e2b0bf0e0, L_0000015e2b0bf0e0;
LS_0000015e2b0be5a0_0_24 .concat [ 1 1 1 1], L_0000015e2b0bf0e0, L_0000015e2b0bf0e0, L_0000015e2b0bf0e0, L_0000015e2b0bf0e0;
LS_0000015e2b0be5a0_0_28 .concat [ 1 1 1 1], L_0000015e2b0bf0e0, L_0000015e2b0bf0e0, L_0000015e2b0bf0e0, L_0000015e2b0bf0e0;
LS_0000015e2b0be5a0_1_0 .concat [ 4 4 4 4], LS_0000015e2b0be5a0_0_0, LS_0000015e2b0be5a0_0_4, LS_0000015e2b0be5a0_0_8, LS_0000015e2b0be5a0_0_12;
LS_0000015e2b0be5a0_1_4 .concat [ 4 4 4 4], LS_0000015e2b0be5a0_0_16, LS_0000015e2b0be5a0_0_20, LS_0000015e2b0be5a0_0_24, LS_0000015e2b0be5a0_0_28;
L_0000015e2b0be5a0 .concat [ 16 16 0 0], LS_0000015e2b0be5a0_1_0, LS_0000015e2b0be5a0_1_4;
L_0000015e2b0be640 .part L_0000015e2b0bffe0, 448, 32;
L_0000015e2b0be6e0 .part v0000015e2b0b0510_0, 13, 1;
LS_0000015e2b0be8c0_0_0 .concat [ 1 1 1 1], L_0000015e2b0be6e0, L_0000015e2b0be6e0, L_0000015e2b0be6e0, L_0000015e2b0be6e0;
LS_0000015e2b0be8c0_0_4 .concat [ 1 1 1 1], L_0000015e2b0be6e0, L_0000015e2b0be6e0, L_0000015e2b0be6e0, L_0000015e2b0be6e0;
LS_0000015e2b0be8c0_0_8 .concat [ 1 1 1 1], L_0000015e2b0be6e0, L_0000015e2b0be6e0, L_0000015e2b0be6e0, L_0000015e2b0be6e0;
LS_0000015e2b0be8c0_0_12 .concat [ 1 1 1 1], L_0000015e2b0be6e0, L_0000015e2b0be6e0, L_0000015e2b0be6e0, L_0000015e2b0be6e0;
LS_0000015e2b0be8c0_0_16 .concat [ 1 1 1 1], L_0000015e2b0be6e0, L_0000015e2b0be6e0, L_0000015e2b0be6e0, L_0000015e2b0be6e0;
LS_0000015e2b0be8c0_0_20 .concat [ 1 1 1 1], L_0000015e2b0be6e0, L_0000015e2b0be6e0, L_0000015e2b0be6e0, L_0000015e2b0be6e0;
LS_0000015e2b0be8c0_0_24 .concat [ 1 1 1 1], L_0000015e2b0be6e0, L_0000015e2b0be6e0, L_0000015e2b0be6e0, L_0000015e2b0be6e0;
LS_0000015e2b0be8c0_0_28 .concat [ 1 1 1 1], L_0000015e2b0be6e0, L_0000015e2b0be6e0, L_0000015e2b0be6e0, L_0000015e2b0be6e0;
LS_0000015e2b0be8c0_1_0 .concat [ 4 4 4 4], LS_0000015e2b0be8c0_0_0, LS_0000015e2b0be8c0_0_4, LS_0000015e2b0be8c0_0_8, LS_0000015e2b0be8c0_0_12;
LS_0000015e2b0be8c0_1_4 .concat [ 4 4 4 4], LS_0000015e2b0be8c0_0_16, LS_0000015e2b0be8c0_0_20, LS_0000015e2b0be8c0_0_24, LS_0000015e2b0be8c0_0_28;
L_0000015e2b0be8c0 .concat [ 16 16 0 0], LS_0000015e2b0be8c0_1_0, LS_0000015e2b0be8c0_1_4;
L_0000015e2b0bea00 .part L_0000015e2b0bffe0, 416, 32;
L_0000015e2b0bec80 .part v0000015e2b0b0510_0, 12, 1;
LS_0000015e2b0bf180_0_0 .concat [ 1 1 1 1], L_0000015e2b0bec80, L_0000015e2b0bec80, L_0000015e2b0bec80, L_0000015e2b0bec80;
LS_0000015e2b0bf180_0_4 .concat [ 1 1 1 1], L_0000015e2b0bec80, L_0000015e2b0bec80, L_0000015e2b0bec80, L_0000015e2b0bec80;
LS_0000015e2b0bf180_0_8 .concat [ 1 1 1 1], L_0000015e2b0bec80, L_0000015e2b0bec80, L_0000015e2b0bec80, L_0000015e2b0bec80;
LS_0000015e2b0bf180_0_12 .concat [ 1 1 1 1], L_0000015e2b0bec80, L_0000015e2b0bec80, L_0000015e2b0bec80, L_0000015e2b0bec80;
LS_0000015e2b0bf180_0_16 .concat [ 1 1 1 1], L_0000015e2b0bec80, L_0000015e2b0bec80, L_0000015e2b0bec80, L_0000015e2b0bec80;
LS_0000015e2b0bf180_0_20 .concat [ 1 1 1 1], L_0000015e2b0bec80, L_0000015e2b0bec80, L_0000015e2b0bec80, L_0000015e2b0bec80;
LS_0000015e2b0bf180_0_24 .concat [ 1 1 1 1], L_0000015e2b0bec80, L_0000015e2b0bec80, L_0000015e2b0bec80, L_0000015e2b0bec80;
LS_0000015e2b0bf180_0_28 .concat [ 1 1 1 1], L_0000015e2b0bec80, L_0000015e2b0bec80, L_0000015e2b0bec80, L_0000015e2b0bec80;
LS_0000015e2b0bf180_1_0 .concat [ 4 4 4 4], LS_0000015e2b0bf180_0_0, LS_0000015e2b0bf180_0_4, LS_0000015e2b0bf180_0_8, LS_0000015e2b0bf180_0_12;
LS_0000015e2b0bf180_1_4 .concat [ 4 4 4 4], LS_0000015e2b0bf180_0_16, LS_0000015e2b0bf180_0_20, LS_0000015e2b0bf180_0_24, LS_0000015e2b0bf180_0_28;
L_0000015e2b0bf180 .concat [ 16 16 0 0], LS_0000015e2b0bf180_1_0, LS_0000015e2b0bf180_1_4;
L_0000015e2b0bf220 .part L_0000015e2b0bffe0, 384, 32;
L_0000015e2b0c0120 .part v0000015e2b0b0510_0, 11, 1;
LS_0000015e2b0bfa40_0_0 .concat [ 1 1 1 1], L_0000015e2b0c0120, L_0000015e2b0c0120, L_0000015e2b0c0120, L_0000015e2b0c0120;
LS_0000015e2b0bfa40_0_4 .concat [ 1 1 1 1], L_0000015e2b0c0120, L_0000015e2b0c0120, L_0000015e2b0c0120, L_0000015e2b0c0120;
LS_0000015e2b0bfa40_0_8 .concat [ 1 1 1 1], L_0000015e2b0c0120, L_0000015e2b0c0120, L_0000015e2b0c0120, L_0000015e2b0c0120;
LS_0000015e2b0bfa40_0_12 .concat [ 1 1 1 1], L_0000015e2b0c0120, L_0000015e2b0c0120, L_0000015e2b0c0120, L_0000015e2b0c0120;
LS_0000015e2b0bfa40_0_16 .concat [ 1 1 1 1], L_0000015e2b0c0120, L_0000015e2b0c0120, L_0000015e2b0c0120, L_0000015e2b0c0120;
LS_0000015e2b0bfa40_0_20 .concat [ 1 1 1 1], L_0000015e2b0c0120, L_0000015e2b0c0120, L_0000015e2b0c0120, L_0000015e2b0c0120;
LS_0000015e2b0bfa40_0_24 .concat [ 1 1 1 1], L_0000015e2b0c0120, L_0000015e2b0c0120, L_0000015e2b0c0120, L_0000015e2b0c0120;
LS_0000015e2b0bfa40_0_28 .concat [ 1 1 1 1], L_0000015e2b0c0120, L_0000015e2b0c0120, L_0000015e2b0c0120, L_0000015e2b0c0120;
LS_0000015e2b0bfa40_1_0 .concat [ 4 4 4 4], LS_0000015e2b0bfa40_0_0, LS_0000015e2b0bfa40_0_4, LS_0000015e2b0bfa40_0_8, LS_0000015e2b0bfa40_0_12;
LS_0000015e2b0bfa40_1_4 .concat [ 4 4 4 4], LS_0000015e2b0bfa40_0_16, LS_0000015e2b0bfa40_0_20, LS_0000015e2b0bfa40_0_24, LS_0000015e2b0bfa40_0_28;
L_0000015e2b0bfa40 .concat [ 16 16 0 0], LS_0000015e2b0bfa40_1_0, LS_0000015e2b0bfa40_1_4;
L_0000015e2b0bf900 .part L_0000015e2b0bffe0, 352, 32;
L_0000015e2b0bfcc0 .part v0000015e2b0b0510_0, 10, 1;
LS_0000015e2b0c0800_0_0 .concat [ 1 1 1 1], L_0000015e2b0bfcc0, L_0000015e2b0bfcc0, L_0000015e2b0bfcc0, L_0000015e2b0bfcc0;
LS_0000015e2b0c0800_0_4 .concat [ 1 1 1 1], L_0000015e2b0bfcc0, L_0000015e2b0bfcc0, L_0000015e2b0bfcc0, L_0000015e2b0bfcc0;
LS_0000015e2b0c0800_0_8 .concat [ 1 1 1 1], L_0000015e2b0bfcc0, L_0000015e2b0bfcc0, L_0000015e2b0bfcc0, L_0000015e2b0bfcc0;
LS_0000015e2b0c0800_0_12 .concat [ 1 1 1 1], L_0000015e2b0bfcc0, L_0000015e2b0bfcc0, L_0000015e2b0bfcc0, L_0000015e2b0bfcc0;
LS_0000015e2b0c0800_0_16 .concat [ 1 1 1 1], L_0000015e2b0bfcc0, L_0000015e2b0bfcc0, L_0000015e2b0bfcc0, L_0000015e2b0bfcc0;
LS_0000015e2b0c0800_0_20 .concat [ 1 1 1 1], L_0000015e2b0bfcc0, L_0000015e2b0bfcc0, L_0000015e2b0bfcc0, L_0000015e2b0bfcc0;
LS_0000015e2b0c0800_0_24 .concat [ 1 1 1 1], L_0000015e2b0bfcc0, L_0000015e2b0bfcc0, L_0000015e2b0bfcc0, L_0000015e2b0bfcc0;
LS_0000015e2b0c0800_0_28 .concat [ 1 1 1 1], L_0000015e2b0bfcc0, L_0000015e2b0bfcc0, L_0000015e2b0bfcc0, L_0000015e2b0bfcc0;
LS_0000015e2b0c0800_1_0 .concat [ 4 4 4 4], LS_0000015e2b0c0800_0_0, LS_0000015e2b0c0800_0_4, LS_0000015e2b0c0800_0_8, LS_0000015e2b0c0800_0_12;
LS_0000015e2b0c0800_1_4 .concat [ 4 4 4 4], LS_0000015e2b0c0800_0_16, LS_0000015e2b0c0800_0_20, LS_0000015e2b0c0800_0_24, LS_0000015e2b0c0800_0_28;
L_0000015e2b0c0800 .concat [ 16 16 0 0], LS_0000015e2b0c0800_1_0, LS_0000015e2b0c0800_1_4;
L_0000015e2b0c01c0 .part L_0000015e2b0bffe0, 320, 32;
L_0000015e2b0c0940 .part v0000015e2b0b0510_0, 9, 1;
LS_0000015e2b0c04e0_0_0 .concat [ 1 1 1 1], L_0000015e2b0c0940, L_0000015e2b0c0940, L_0000015e2b0c0940, L_0000015e2b0c0940;
LS_0000015e2b0c04e0_0_4 .concat [ 1 1 1 1], L_0000015e2b0c0940, L_0000015e2b0c0940, L_0000015e2b0c0940, L_0000015e2b0c0940;
LS_0000015e2b0c04e0_0_8 .concat [ 1 1 1 1], L_0000015e2b0c0940, L_0000015e2b0c0940, L_0000015e2b0c0940, L_0000015e2b0c0940;
LS_0000015e2b0c04e0_0_12 .concat [ 1 1 1 1], L_0000015e2b0c0940, L_0000015e2b0c0940, L_0000015e2b0c0940, L_0000015e2b0c0940;
LS_0000015e2b0c04e0_0_16 .concat [ 1 1 1 1], L_0000015e2b0c0940, L_0000015e2b0c0940, L_0000015e2b0c0940, L_0000015e2b0c0940;
LS_0000015e2b0c04e0_0_20 .concat [ 1 1 1 1], L_0000015e2b0c0940, L_0000015e2b0c0940, L_0000015e2b0c0940, L_0000015e2b0c0940;
LS_0000015e2b0c04e0_0_24 .concat [ 1 1 1 1], L_0000015e2b0c0940, L_0000015e2b0c0940, L_0000015e2b0c0940, L_0000015e2b0c0940;
LS_0000015e2b0c04e0_0_28 .concat [ 1 1 1 1], L_0000015e2b0c0940, L_0000015e2b0c0940, L_0000015e2b0c0940, L_0000015e2b0c0940;
LS_0000015e2b0c04e0_1_0 .concat [ 4 4 4 4], LS_0000015e2b0c04e0_0_0, LS_0000015e2b0c04e0_0_4, LS_0000015e2b0c04e0_0_8, LS_0000015e2b0c04e0_0_12;
LS_0000015e2b0c04e0_1_4 .concat [ 4 4 4 4], LS_0000015e2b0c04e0_0_16, LS_0000015e2b0c04e0_0_20, LS_0000015e2b0c04e0_0_24, LS_0000015e2b0c04e0_0_28;
L_0000015e2b0c04e0 .concat [ 16 16 0 0], LS_0000015e2b0c04e0_1_0, LS_0000015e2b0c04e0_1_4;
L_0000015e2b0c08a0 .part L_0000015e2b0bffe0, 288, 32;
L_0000015e2b0bfae0 .part v0000015e2b0b0510_0, 8, 1;
LS_0000015e2b0c09e0_0_0 .concat [ 1 1 1 1], L_0000015e2b0bfae0, L_0000015e2b0bfae0, L_0000015e2b0bfae0, L_0000015e2b0bfae0;
LS_0000015e2b0c09e0_0_4 .concat [ 1 1 1 1], L_0000015e2b0bfae0, L_0000015e2b0bfae0, L_0000015e2b0bfae0, L_0000015e2b0bfae0;
LS_0000015e2b0c09e0_0_8 .concat [ 1 1 1 1], L_0000015e2b0bfae0, L_0000015e2b0bfae0, L_0000015e2b0bfae0, L_0000015e2b0bfae0;
LS_0000015e2b0c09e0_0_12 .concat [ 1 1 1 1], L_0000015e2b0bfae0, L_0000015e2b0bfae0, L_0000015e2b0bfae0, L_0000015e2b0bfae0;
LS_0000015e2b0c09e0_0_16 .concat [ 1 1 1 1], L_0000015e2b0bfae0, L_0000015e2b0bfae0, L_0000015e2b0bfae0, L_0000015e2b0bfae0;
LS_0000015e2b0c09e0_0_20 .concat [ 1 1 1 1], L_0000015e2b0bfae0, L_0000015e2b0bfae0, L_0000015e2b0bfae0, L_0000015e2b0bfae0;
LS_0000015e2b0c09e0_0_24 .concat [ 1 1 1 1], L_0000015e2b0bfae0, L_0000015e2b0bfae0, L_0000015e2b0bfae0, L_0000015e2b0bfae0;
LS_0000015e2b0c09e0_0_28 .concat [ 1 1 1 1], L_0000015e2b0bfae0, L_0000015e2b0bfae0, L_0000015e2b0bfae0, L_0000015e2b0bfae0;
LS_0000015e2b0c09e0_1_0 .concat [ 4 4 4 4], LS_0000015e2b0c09e0_0_0, LS_0000015e2b0c09e0_0_4, LS_0000015e2b0c09e0_0_8, LS_0000015e2b0c09e0_0_12;
LS_0000015e2b0c09e0_1_4 .concat [ 4 4 4 4], LS_0000015e2b0c09e0_0_16, LS_0000015e2b0c09e0_0_20, LS_0000015e2b0c09e0_0_24, LS_0000015e2b0c09e0_0_28;
L_0000015e2b0c09e0 .concat [ 16 16 0 0], LS_0000015e2b0c09e0_1_0, LS_0000015e2b0c09e0_1_4;
L_0000015e2b0c0620 .part L_0000015e2b0bffe0, 256, 32;
L_0000015e2b0c0260 .part v0000015e2b0b0510_0, 7, 1;
LS_0000015e2b0c0bc0_0_0 .concat [ 1 1 1 1], L_0000015e2b0c0260, L_0000015e2b0c0260, L_0000015e2b0c0260, L_0000015e2b0c0260;
LS_0000015e2b0c0bc0_0_4 .concat [ 1 1 1 1], L_0000015e2b0c0260, L_0000015e2b0c0260, L_0000015e2b0c0260, L_0000015e2b0c0260;
LS_0000015e2b0c0bc0_0_8 .concat [ 1 1 1 1], L_0000015e2b0c0260, L_0000015e2b0c0260, L_0000015e2b0c0260, L_0000015e2b0c0260;
LS_0000015e2b0c0bc0_0_12 .concat [ 1 1 1 1], L_0000015e2b0c0260, L_0000015e2b0c0260, L_0000015e2b0c0260, L_0000015e2b0c0260;
LS_0000015e2b0c0bc0_0_16 .concat [ 1 1 1 1], L_0000015e2b0c0260, L_0000015e2b0c0260, L_0000015e2b0c0260, L_0000015e2b0c0260;
LS_0000015e2b0c0bc0_0_20 .concat [ 1 1 1 1], L_0000015e2b0c0260, L_0000015e2b0c0260, L_0000015e2b0c0260, L_0000015e2b0c0260;
LS_0000015e2b0c0bc0_0_24 .concat [ 1 1 1 1], L_0000015e2b0c0260, L_0000015e2b0c0260, L_0000015e2b0c0260, L_0000015e2b0c0260;
LS_0000015e2b0c0bc0_0_28 .concat [ 1 1 1 1], L_0000015e2b0c0260, L_0000015e2b0c0260, L_0000015e2b0c0260, L_0000015e2b0c0260;
LS_0000015e2b0c0bc0_1_0 .concat [ 4 4 4 4], LS_0000015e2b0c0bc0_0_0, LS_0000015e2b0c0bc0_0_4, LS_0000015e2b0c0bc0_0_8, LS_0000015e2b0c0bc0_0_12;
LS_0000015e2b0c0bc0_1_4 .concat [ 4 4 4 4], LS_0000015e2b0c0bc0_0_16, LS_0000015e2b0c0bc0_0_20, LS_0000015e2b0c0bc0_0_24, LS_0000015e2b0c0bc0_0_28;
L_0000015e2b0c0bc0 .concat [ 16 16 0 0], LS_0000015e2b0c0bc0_1_0, LS_0000015e2b0c0bc0_1_4;
L_0000015e2b0c0da0 .part L_0000015e2b0bffe0, 224, 32;
L_0000015e2b0c0a80 .part v0000015e2b0b0510_0, 6, 1;
LS_0000015e2b0c0f80_0_0 .concat [ 1 1 1 1], L_0000015e2b0c0a80, L_0000015e2b0c0a80, L_0000015e2b0c0a80, L_0000015e2b0c0a80;
LS_0000015e2b0c0f80_0_4 .concat [ 1 1 1 1], L_0000015e2b0c0a80, L_0000015e2b0c0a80, L_0000015e2b0c0a80, L_0000015e2b0c0a80;
LS_0000015e2b0c0f80_0_8 .concat [ 1 1 1 1], L_0000015e2b0c0a80, L_0000015e2b0c0a80, L_0000015e2b0c0a80, L_0000015e2b0c0a80;
LS_0000015e2b0c0f80_0_12 .concat [ 1 1 1 1], L_0000015e2b0c0a80, L_0000015e2b0c0a80, L_0000015e2b0c0a80, L_0000015e2b0c0a80;
LS_0000015e2b0c0f80_0_16 .concat [ 1 1 1 1], L_0000015e2b0c0a80, L_0000015e2b0c0a80, L_0000015e2b0c0a80, L_0000015e2b0c0a80;
LS_0000015e2b0c0f80_0_20 .concat [ 1 1 1 1], L_0000015e2b0c0a80, L_0000015e2b0c0a80, L_0000015e2b0c0a80, L_0000015e2b0c0a80;
LS_0000015e2b0c0f80_0_24 .concat [ 1 1 1 1], L_0000015e2b0c0a80, L_0000015e2b0c0a80, L_0000015e2b0c0a80, L_0000015e2b0c0a80;
LS_0000015e2b0c0f80_0_28 .concat [ 1 1 1 1], L_0000015e2b0c0a80, L_0000015e2b0c0a80, L_0000015e2b0c0a80, L_0000015e2b0c0a80;
LS_0000015e2b0c0f80_1_0 .concat [ 4 4 4 4], LS_0000015e2b0c0f80_0_0, LS_0000015e2b0c0f80_0_4, LS_0000015e2b0c0f80_0_8, LS_0000015e2b0c0f80_0_12;
LS_0000015e2b0c0f80_1_4 .concat [ 4 4 4 4], LS_0000015e2b0c0f80_0_16, LS_0000015e2b0c0f80_0_20, LS_0000015e2b0c0f80_0_24, LS_0000015e2b0c0f80_0_28;
L_0000015e2b0c0f80 .concat [ 16 16 0 0], LS_0000015e2b0c0f80_1_0, LS_0000015e2b0c0f80_1_4;
L_0000015e2b0bfb80 .part L_0000015e2b0bffe0, 192, 32;
L_0000015e2b0c0300 .part v0000015e2b0b0510_0, 5, 1;
LS_0000015e2b0bfc20_0_0 .concat [ 1 1 1 1], L_0000015e2b0c0300, L_0000015e2b0c0300, L_0000015e2b0c0300, L_0000015e2b0c0300;
LS_0000015e2b0bfc20_0_4 .concat [ 1 1 1 1], L_0000015e2b0c0300, L_0000015e2b0c0300, L_0000015e2b0c0300, L_0000015e2b0c0300;
LS_0000015e2b0bfc20_0_8 .concat [ 1 1 1 1], L_0000015e2b0c0300, L_0000015e2b0c0300, L_0000015e2b0c0300, L_0000015e2b0c0300;
LS_0000015e2b0bfc20_0_12 .concat [ 1 1 1 1], L_0000015e2b0c0300, L_0000015e2b0c0300, L_0000015e2b0c0300, L_0000015e2b0c0300;
LS_0000015e2b0bfc20_0_16 .concat [ 1 1 1 1], L_0000015e2b0c0300, L_0000015e2b0c0300, L_0000015e2b0c0300, L_0000015e2b0c0300;
LS_0000015e2b0bfc20_0_20 .concat [ 1 1 1 1], L_0000015e2b0c0300, L_0000015e2b0c0300, L_0000015e2b0c0300, L_0000015e2b0c0300;
LS_0000015e2b0bfc20_0_24 .concat [ 1 1 1 1], L_0000015e2b0c0300, L_0000015e2b0c0300, L_0000015e2b0c0300, L_0000015e2b0c0300;
LS_0000015e2b0bfc20_0_28 .concat [ 1 1 1 1], L_0000015e2b0c0300, L_0000015e2b0c0300, L_0000015e2b0c0300, L_0000015e2b0c0300;
LS_0000015e2b0bfc20_1_0 .concat [ 4 4 4 4], LS_0000015e2b0bfc20_0_0, LS_0000015e2b0bfc20_0_4, LS_0000015e2b0bfc20_0_8, LS_0000015e2b0bfc20_0_12;
LS_0000015e2b0bfc20_1_4 .concat [ 4 4 4 4], LS_0000015e2b0bfc20_0_16, LS_0000015e2b0bfc20_0_20, LS_0000015e2b0bfc20_0_24, LS_0000015e2b0bfc20_0_28;
L_0000015e2b0bfc20 .concat [ 16 16 0 0], LS_0000015e2b0bfc20_1_0, LS_0000015e2b0bfc20_1_4;
L_0000015e2b0bf9a0 .part L_0000015e2b0bffe0, 160, 32;
L_0000015e2b0c03a0 .part v0000015e2b0b0510_0, 4, 1;
LS_0000015e2b0c0440_0_0 .concat [ 1 1 1 1], L_0000015e2b0c03a0, L_0000015e2b0c03a0, L_0000015e2b0c03a0, L_0000015e2b0c03a0;
LS_0000015e2b0c0440_0_4 .concat [ 1 1 1 1], L_0000015e2b0c03a0, L_0000015e2b0c03a0, L_0000015e2b0c03a0, L_0000015e2b0c03a0;
LS_0000015e2b0c0440_0_8 .concat [ 1 1 1 1], L_0000015e2b0c03a0, L_0000015e2b0c03a0, L_0000015e2b0c03a0, L_0000015e2b0c03a0;
LS_0000015e2b0c0440_0_12 .concat [ 1 1 1 1], L_0000015e2b0c03a0, L_0000015e2b0c03a0, L_0000015e2b0c03a0, L_0000015e2b0c03a0;
LS_0000015e2b0c0440_0_16 .concat [ 1 1 1 1], L_0000015e2b0c03a0, L_0000015e2b0c03a0, L_0000015e2b0c03a0, L_0000015e2b0c03a0;
LS_0000015e2b0c0440_0_20 .concat [ 1 1 1 1], L_0000015e2b0c03a0, L_0000015e2b0c03a0, L_0000015e2b0c03a0, L_0000015e2b0c03a0;
LS_0000015e2b0c0440_0_24 .concat [ 1 1 1 1], L_0000015e2b0c03a0, L_0000015e2b0c03a0, L_0000015e2b0c03a0, L_0000015e2b0c03a0;
LS_0000015e2b0c0440_0_28 .concat [ 1 1 1 1], L_0000015e2b0c03a0, L_0000015e2b0c03a0, L_0000015e2b0c03a0, L_0000015e2b0c03a0;
LS_0000015e2b0c0440_1_0 .concat [ 4 4 4 4], LS_0000015e2b0c0440_0_0, LS_0000015e2b0c0440_0_4, LS_0000015e2b0c0440_0_8, LS_0000015e2b0c0440_0_12;
LS_0000015e2b0c0440_1_4 .concat [ 4 4 4 4], LS_0000015e2b0c0440_0_16, LS_0000015e2b0c0440_0_20, LS_0000015e2b0c0440_0_24, LS_0000015e2b0c0440_0_28;
L_0000015e2b0c0440 .concat [ 16 16 0 0], LS_0000015e2b0c0440_1_0, LS_0000015e2b0c0440_1_4;
L_0000015e2b0c0d00 .part L_0000015e2b0bffe0, 128, 32;
L_0000015e2b0bfd60 .part v0000015e2b0b0510_0, 3, 1;
LS_0000015e2b0c0c60_0_0 .concat [ 1 1 1 1], L_0000015e2b0bfd60, L_0000015e2b0bfd60, L_0000015e2b0bfd60, L_0000015e2b0bfd60;
LS_0000015e2b0c0c60_0_4 .concat [ 1 1 1 1], L_0000015e2b0bfd60, L_0000015e2b0bfd60, L_0000015e2b0bfd60, L_0000015e2b0bfd60;
LS_0000015e2b0c0c60_0_8 .concat [ 1 1 1 1], L_0000015e2b0bfd60, L_0000015e2b0bfd60, L_0000015e2b0bfd60, L_0000015e2b0bfd60;
LS_0000015e2b0c0c60_0_12 .concat [ 1 1 1 1], L_0000015e2b0bfd60, L_0000015e2b0bfd60, L_0000015e2b0bfd60, L_0000015e2b0bfd60;
LS_0000015e2b0c0c60_0_16 .concat [ 1 1 1 1], L_0000015e2b0bfd60, L_0000015e2b0bfd60, L_0000015e2b0bfd60, L_0000015e2b0bfd60;
LS_0000015e2b0c0c60_0_20 .concat [ 1 1 1 1], L_0000015e2b0bfd60, L_0000015e2b0bfd60, L_0000015e2b0bfd60, L_0000015e2b0bfd60;
LS_0000015e2b0c0c60_0_24 .concat [ 1 1 1 1], L_0000015e2b0bfd60, L_0000015e2b0bfd60, L_0000015e2b0bfd60, L_0000015e2b0bfd60;
LS_0000015e2b0c0c60_0_28 .concat [ 1 1 1 1], L_0000015e2b0bfd60, L_0000015e2b0bfd60, L_0000015e2b0bfd60, L_0000015e2b0bfd60;
LS_0000015e2b0c0c60_1_0 .concat [ 4 4 4 4], LS_0000015e2b0c0c60_0_0, LS_0000015e2b0c0c60_0_4, LS_0000015e2b0c0c60_0_8, LS_0000015e2b0c0c60_0_12;
LS_0000015e2b0c0c60_1_4 .concat [ 4 4 4 4], LS_0000015e2b0c0c60_0_16, LS_0000015e2b0c0c60_0_20, LS_0000015e2b0c0c60_0_24, LS_0000015e2b0c0c60_0_28;
L_0000015e2b0c0c60 .concat [ 16 16 0 0], LS_0000015e2b0c0c60_1_0, LS_0000015e2b0c0c60_1_4;
L_0000015e2b0bfe00 .part L_0000015e2b0bffe0, 96, 32;
L_0000015e2b0c0580 .part v0000015e2b0b0510_0, 2, 1;
LS_0000015e2b0c0b20_0_0 .concat [ 1 1 1 1], L_0000015e2b0c0580, L_0000015e2b0c0580, L_0000015e2b0c0580, L_0000015e2b0c0580;
LS_0000015e2b0c0b20_0_4 .concat [ 1 1 1 1], L_0000015e2b0c0580, L_0000015e2b0c0580, L_0000015e2b0c0580, L_0000015e2b0c0580;
LS_0000015e2b0c0b20_0_8 .concat [ 1 1 1 1], L_0000015e2b0c0580, L_0000015e2b0c0580, L_0000015e2b0c0580, L_0000015e2b0c0580;
LS_0000015e2b0c0b20_0_12 .concat [ 1 1 1 1], L_0000015e2b0c0580, L_0000015e2b0c0580, L_0000015e2b0c0580, L_0000015e2b0c0580;
LS_0000015e2b0c0b20_0_16 .concat [ 1 1 1 1], L_0000015e2b0c0580, L_0000015e2b0c0580, L_0000015e2b0c0580, L_0000015e2b0c0580;
LS_0000015e2b0c0b20_0_20 .concat [ 1 1 1 1], L_0000015e2b0c0580, L_0000015e2b0c0580, L_0000015e2b0c0580, L_0000015e2b0c0580;
LS_0000015e2b0c0b20_0_24 .concat [ 1 1 1 1], L_0000015e2b0c0580, L_0000015e2b0c0580, L_0000015e2b0c0580, L_0000015e2b0c0580;
LS_0000015e2b0c0b20_0_28 .concat [ 1 1 1 1], L_0000015e2b0c0580, L_0000015e2b0c0580, L_0000015e2b0c0580, L_0000015e2b0c0580;
LS_0000015e2b0c0b20_1_0 .concat [ 4 4 4 4], LS_0000015e2b0c0b20_0_0, LS_0000015e2b0c0b20_0_4, LS_0000015e2b0c0b20_0_8, LS_0000015e2b0c0b20_0_12;
LS_0000015e2b0c0b20_1_4 .concat [ 4 4 4 4], LS_0000015e2b0c0b20_0_16, LS_0000015e2b0c0b20_0_20, LS_0000015e2b0c0b20_0_24, LS_0000015e2b0c0b20_0_28;
L_0000015e2b0c0b20 .concat [ 16 16 0 0], LS_0000015e2b0c0b20_1_0, LS_0000015e2b0c0b20_1_4;
L_0000015e2b0c0e40 .part L_0000015e2b0bffe0, 64, 32;
L_0000015e2b0c0ee0 .part v0000015e2b0b0510_0, 1, 1;
LS_0000015e2b0c0080_0_0 .concat [ 1 1 1 1], L_0000015e2b0c0ee0, L_0000015e2b0c0ee0, L_0000015e2b0c0ee0, L_0000015e2b0c0ee0;
LS_0000015e2b0c0080_0_4 .concat [ 1 1 1 1], L_0000015e2b0c0ee0, L_0000015e2b0c0ee0, L_0000015e2b0c0ee0, L_0000015e2b0c0ee0;
LS_0000015e2b0c0080_0_8 .concat [ 1 1 1 1], L_0000015e2b0c0ee0, L_0000015e2b0c0ee0, L_0000015e2b0c0ee0, L_0000015e2b0c0ee0;
LS_0000015e2b0c0080_0_12 .concat [ 1 1 1 1], L_0000015e2b0c0ee0, L_0000015e2b0c0ee0, L_0000015e2b0c0ee0, L_0000015e2b0c0ee0;
LS_0000015e2b0c0080_0_16 .concat [ 1 1 1 1], L_0000015e2b0c0ee0, L_0000015e2b0c0ee0, L_0000015e2b0c0ee0, L_0000015e2b0c0ee0;
LS_0000015e2b0c0080_0_20 .concat [ 1 1 1 1], L_0000015e2b0c0ee0, L_0000015e2b0c0ee0, L_0000015e2b0c0ee0, L_0000015e2b0c0ee0;
LS_0000015e2b0c0080_0_24 .concat [ 1 1 1 1], L_0000015e2b0c0ee0, L_0000015e2b0c0ee0, L_0000015e2b0c0ee0, L_0000015e2b0c0ee0;
LS_0000015e2b0c0080_0_28 .concat [ 1 1 1 1], L_0000015e2b0c0ee0, L_0000015e2b0c0ee0, L_0000015e2b0c0ee0, L_0000015e2b0c0ee0;
LS_0000015e2b0c0080_1_0 .concat [ 4 4 4 4], LS_0000015e2b0c0080_0_0, LS_0000015e2b0c0080_0_4, LS_0000015e2b0c0080_0_8, LS_0000015e2b0c0080_0_12;
LS_0000015e2b0c0080_1_4 .concat [ 4 4 4 4], LS_0000015e2b0c0080_0_16, LS_0000015e2b0c0080_0_20, LS_0000015e2b0c0080_0_24, LS_0000015e2b0c0080_0_28;
L_0000015e2b0c0080 .concat [ 16 16 0 0], LS_0000015e2b0c0080_1_0, LS_0000015e2b0c0080_1_4;
L_0000015e2b0c0760 .part L_0000015e2b0bffe0, 32, 32;
L_0000015e2b0c06c0 .part v0000015e2b0b0510_0, 0, 1;
LS_0000015e2b0bfea0_0_0 .concat [ 1 1 1 1], L_0000015e2b0c06c0, L_0000015e2b0c06c0, L_0000015e2b0c06c0, L_0000015e2b0c06c0;
LS_0000015e2b0bfea0_0_4 .concat [ 1 1 1 1], L_0000015e2b0c06c0, L_0000015e2b0c06c0, L_0000015e2b0c06c0, L_0000015e2b0c06c0;
LS_0000015e2b0bfea0_0_8 .concat [ 1 1 1 1], L_0000015e2b0c06c0, L_0000015e2b0c06c0, L_0000015e2b0c06c0, L_0000015e2b0c06c0;
LS_0000015e2b0bfea0_0_12 .concat [ 1 1 1 1], L_0000015e2b0c06c0, L_0000015e2b0c06c0, L_0000015e2b0c06c0, L_0000015e2b0c06c0;
LS_0000015e2b0bfea0_0_16 .concat [ 1 1 1 1], L_0000015e2b0c06c0, L_0000015e2b0c06c0, L_0000015e2b0c06c0, L_0000015e2b0c06c0;
LS_0000015e2b0bfea0_0_20 .concat [ 1 1 1 1], L_0000015e2b0c06c0, L_0000015e2b0c06c0, L_0000015e2b0c06c0, L_0000015e2b0c06c0;
LS_0000015e2b0bfea0_0_24 .concat [ 1 1 1 1], L_0000015e2b0c06c0, L_0000015e2b0c06c0, L_0000015e2b0c06c0, L_0000015e2b0c06c0;
LS_0000015e2b0bfea0_0_28 .concat [ 1 1 1 1], L_0000015e2b0c06c0, L_0000015e2b0c06c0, L_0000015e2b0c06c0, L_0000015e2b0c06c0;
LS_0000015e2b0bfea0_1_0 .concat [ 4 4 4 4], LS_0000015e2b0bfea0_0_0, LS_0000015e2b0bfea0_0_4, LS_0000015e2b0bfea0_0_8, LS_0000015e2b0bfea0_0_12;
LS_0000015e2b0bfea0_1_4 .concat [ 4 4 4 4], LS_0000015e2b0bfea0_0_16, LS_0000015e2b0bfea0_0_20, LS_0000015e2b0bfea0_0_24, LS_0000015e2b0bfea0_0_28;
L_0000015e2b0bfea0 .concat [ 16 16 0 0], LS_0000015e2b0bfea0_1_0, LS_0000015e2b0bfea0_1_4;
L_0000015e2b0bff40 .part L_0000015e2b0bffe0, 0, 32;
S_0000015e2b0b8250 .scope module, "inst9" "exponent" 3 113, 7 1 0, S_0000015e2af7ea70;
 .timescale 0 0;
    .port_info 0 /INPUT 32 "inputP";
    .port_info 1 /INPUT 32 "inputQ";
    .port_info 2 /OUTPUT 32 "outEX";
v0000015e2b0b51a0_0 .net "inputP", 31 0, v0000015e2b0bd420_0;  alias, 1 drivers
v0000015e2b0b45c0_0 .net "inputQ", 31 0, v0000015e2b04a610_0;  alias, 1 drivers
v0000015e2b0b6000_0 .var "outEX", 31 0;
E_0000015e2b01c210 .event anyedge, v0000015e2b0b6000_0, v0000015e2b04a610_0, v0000015e2b0b2810_0;
S_0000015e2b0b83e0 .scope module, "logic1" "AND" 3 115, 8 14 0, S_0000015e2af7ea70;
 .timescale 0 0;
    .port_info 0 /INPUT 32 "inputP";
    .port_info 1 /INPUT 32 "inputQ";
    .port_info 2 /OUTPUT 32 "outAND";
v0000015e2b0b4de0_0 .net "inputP", 31 0, v0000015e2b0bd420_0;  alias, 1 drivers
v0000015e2b0b61e0_0 .net "inputQ", 31 0, v0000015e2b04a610_0;  alias, 1 drivers
v0000015e2b0b4520_0 .var "outAND", 31 0;
E_0000015e2b01bcd0 .event anyedge, v0000015e2b0b4520_0, v0000015e2b04a610_0, v0000015e2b0b2810_0;
S_0000015e2b0b9830 .scope module, "logic2" "NAND" 3 116, 8 42 0, S_0000015e2af7ea70;
 .timescale 0 0;
    .port_info 0 /INPUT 32 "inputP";
    .port_info 1 /INPUT 32 "inputQ";
    .port_info 2 /OUTPUT 32 "outNAND";
v0000015e2b0b6820_0 .net "inputP", 31 0, v0000015e2b0bd420_0;  alias, 1 drivers
v0000015e2b0b4c00_0 .net "inputQ", 31 0, v0000015e2b04a610_0;  alias, 1 drivers
v0000015e2b0b5240_0 .var "outNAND", 31 0;
E_0000015e2b01ba50 .event anyedge, v0000015e2b0b5240_0, v0000015e2b04a610_0, v0000015e2b0b2810_0;
S_0000015e2b0b8570 .scope module, "logic3" "NOR" 3 117, 8 70 0, S_0000015e2af7ea70;
 .timescale 0 0;
    .port_info 0 /INPUT 32 "inputP";
    .port_info 1 /INPUT 32 "inputQ";
    .port_info 2 /OUTPUT 32 "outNOR";
v0000015e2b0b48e0_0 .net "inputP", 31 0, v0000015e2b0bd420_0;  alias, 1 drivers
v0000015e2b0b6320_0 .net "inputQ", 31 0, v0000015e2b04a610_0;  alias, 1 drivers
v0000015e2b0b4980_0 .var "outNOR", 31 0;
E_0000015e2b01b5d0 .event anyedge, v0000015e2b0b4980_0, v0000015e2b04a610_0, v0000015e2b0b2810_0;
S_0000015e2b0b9060 .scope module, "logic4" "NOT" 3 118, 8 98 0, S_0000015e2af7ea70;
 .timescale 0 0;
    .port_info 0 /INPUT 32 "inputP";
    .port_info 1 /INPUT 32 "inputQ";
    .port_info 2 /OUTPUT 32 "outNOT";
v0000015e2b0b65a0_0 .net "inputP", 31 0, v0000015e2b0bd420_0;  alias, 1 drivers
v0000015e2b0b4340_0 .net "inputQ", 31 0, v0000015e2b04a610_0;  alias, 1 drivers
v0000015e2b0b43e0_0 .var "outNOT", 31 0;
E_0000015e2b01bbd0 .event anyedge, v0000015e2b0b43e0_0, v0000015e2b04a610_0, v0000015e2b0b2810_0;
S_0000015e2b0b8700 .scope module, "logic5" "OR" 3 119, 8 128 0, S_0000015e2af7ea70;
 .timescale 0 0;
    .port_info 0 /INPUT 32 "inputP";
    .port_info 1 /INPUT 32 "inputQ";
    .port_info 2 /OUTPUT 32 "outOR";
v0000015e2b0b6640_0 .net "inputP", 31 0, v0000015e2b0bd420_0;  alias, 1 drivers
v0000015e2b0b4160_0 .net "inputQ", 31 0, v0000015e2b04a610_0;  alias, 1 drivers
v0000015e2b0b52e0_0 .var "outOR", 31 0;
E_0000015e2b01bb10 .event anyedge, v0000015e2b0b52e0_0, v0000015e2b04a610_0, v0000015e2b0b2810_0;
S_0000015e2b0b8890 .scope module, "logic6" "XNOR" 3 120, 8 156 0, S_0000015e2af7ea70;
 .timescale 0 0;
    .port_info 0 /INPUT 32 "inputP";
    .port_info 1 /INPUT 32 "inputQ";
    .port_info 2 /OUTPUT 32 "outXNOR";
v0000015e2b0b4660_0 .net "inputP", 31 0, v0000015e2b0bd420_0;  alias, 1 drivers
v0000015e2b0b4700_0 .net "inputQ", 31 0, v0000015e2b04a610_0;  alias, 1 drivers
v0000015e2b0b47a0_0 .var "outXNOR", 31 0;
E_0000015e2b01b710 .event anyedge, v0000015e2b0b47a0_0, v0000015e2b04a610_0, v0000015e2b0b2810_0;
S_0000015e2b0b8a20 .scope module, "logic7" "XOR" 3 121, 8 184 0, S_0000015e2af7ea70;
 .timescale 0 0;
    .port_info 0 /INPUT 32 "inputP";
    .port_info 1 /INPUT 32 "inputQ";
    .port_info 2 /OUTPUT 32 "outXOR";
v0000015e2b0b4840_0 .net "inputP", 31 0, v0000015e2b0bd420_0;  alias, 1 drivers
v0000015e2b0b4a20_0 .net "inputQ", 31 0, v0000015e2b04a610_0;  alias, 1 drivers
v0000015e2b0b4ac0_0 .var "outXOR", 31 0;
E_0000015e2b01bc10 .event anyedge, v0000015e2b0b4ac0_0, v0000015e2b04a610_0, v0000015e2b0b2810_0;
S_0000015e2b0b91f0 .scope module, "state_reg" "DFF" 3 99, 9 5 0, S_0000015e2af7ea70;
 .timescale 0 0;
    .port_info 0 /INPUT 1 "clk";
    .port_info 1 /INPUT 32 "in";
    .port_info 2 /OUTPUT 32 "out";
P_0000015e2b01ba90 .param/l "n" 0 9 6, +C4<00000000000000000000000000100000>;
v0000015e2b0b4b60_0 .net "clk", 0 0, v0000015e2b0be960_0;  alias, 1 drivers
v0000015e2b0b4d40_0 .net "in", 31 0, L_0000015e2b0c4df0;  alias, 1 drivers
v0000015e2b0b7ea0_0 .var "out", 31 0;
E_0000015e2b01b4d0 .event posedge, v0000015e2b0b4b60_0;
    .scope S_0000015e2b0b91f0;
T_0 ;
    %wait E_0000015e2b01b4d0;
    %load/vec4 v0000015e2b0b4d40_0;
    %store/vec4 v0000015e2b0b7ea0_0, 0, 32;
    %jmp T_0;
    .thread T_0;
    .scope S_0000015e2af7ec00;
T_1 ;
    %wait E_0000015e2b01a350;
    %load/vec4 v0000015e2b04b0b0_0;
    %cmpi/e 0, 0, 32;
    %jmp/0xz  T_1.0, 4;
    %load/vec4 v0000015e2b04aa70_0;
    %cassign/vec4 v0000015e2b04a610_0;
    %cassign/link v0000015e2b04a610_0, v0000015e2b04aa70_0;
    %jmp T_1.1;
T_1.0 ;
    %load/vec4 v0000015e2b04b0b0_0;
    %cassign/vec4 v0000015e2b04a610_0;
    %cassign/link v0000015e2b04a610_0, v0000015e2b04b0b0_0;
T_1.1 ;
    %jmp T_1;
    .thread T_1, $push;
    .scope S_0000015e2af81400;
T_2 ;
    %wait E_0000015e2b01a990;
    %load/vec4 v0000015e2b04a6b0_0;
    %pad/u 32;
    %cmpi/e 1, 0, 32;
    %jmp/0xz  T_2.0, 4;
    %pushi/vec4 1, 0, 1;
    %store/vec4 v0000015e2b04a110_0, 0, 1;
    %jmp T_2.1;
T_2.0 ;
    %pushi/vec4 0, 0, 1;
    %store/vec4 v0000015e2b04a110_0, 0, 1;
T_2.1 ;
    %jmp T_2;
    .thread T_2, $push;
    .scope S_0000015e2b0afd10;
T_3 ;
    %wait E_0000015e2b01aa90;
    %load/vec4 v0000015e2b0b1cd0_0;
    %load/vec4 v0000015e2b0b2810_0;
    %mod;
    %store/vec4 v0000015e2b0b1050_0, 0, 32;
    %jmp T_3;
    .thread T_3, $push;
    .scope S_0000015e2b0afd10;
T_4 ;
    %wait E_0000015e2b01a9d0;
    %load/vec4 v0000015e2b0b2810_0;
    %nor/r;
    %flag_set/vec4 8;
    %jmp/0xz  T_4.0, 8;
    %pushi/vec4 1, 0, 1;
    %cassign/vec4 v0000015e2b0b0e70_0;
    %jmp T_4.1;
T_4.0 ;
    %pushi/vec4 0, 0, 1;
    %cassign/vec4 v0000015e2b0b0e70_0;
T_4.1 ;
    %jmp T_4;
    .thread T_4, $push;
    .scope S_0000015e2b0afea0;
T_5 ;
    %wait E_0000015e2b01b890;
    %load/vec4 v0000015e2b0b10f0_0;
    %cmpi/e 0, 0, 32;
    %jmp/0xz  T_5.0, 4;
    %pushi/vec4 1, 0, 1;
    %cassign/vec4 v0000015e2b0b00b0_0;
    %jmp T_5.1;
T_5.0 ;
    %pushi/vec4 0, 0, 1;
    %cassign/vec4 v0000015e2b0b00b0_0;
T_5.1 ;
    %jmp T_5;
    .thread T_5, $push;
    .scope S_0000015e2b0afea0;
T_6 ;
    %wait E_0000015e2b01b7d0;
    %load/vec4 v0000015e2b0b03d0_0;
    %load/vec4 v0000015e2b0b10f0_0;
    %div;
    %store/vec4 v0000015e2b0b0470_0, 0, 32;
    %jmp T_6;
    .thread T_6, $push;
    .scope S_0000015e2b0af6d0;
T_7 ;
    %wait E_0000015e2b01b690;
    %load/vec4 v0000015e2b0b1230_0;
    %load/vec4 v0000015e2b0b1d70_0;
    %mul;
    %store/vec4 v0000015e2b0b12d0_0, 0, 32;
    %jmp T_7;
    .thread T_7, $push;
    .scope S_0000015e2b0af090;
T_8 ;
    %wait E_0000015e2b01a990;
    %load/vec4 v0000015e2b0b0dd0_0;
    %dup/vec4;
    %pushi/vec4 0, 0, 4;
    %cmp/u;
    %jmp/1 T_8.0, 6;
    %dup/vec4;
    %pushi/vec4 1, 0, 4;
    %cmp/u;
    %jmp/1 T_8.1, 6;
    %dup/vec4;
    %pushi/vec4 2, 0, 4;
    %cmp/u;
    %jmp/1 T_8.2, 6;
    %dup/vec4;
    %pushi/vec4 3, 0, 4;
    %cmp/u;
    %jmp/1 T_8.3, 6;
    %dup/vec4;
    %pushi/vec4 4, 0, 4;
    %cmp/u;
    %jmp/1 T_8.4, 6;
    %dup/vec4;
    %pushi/vec4 5, 0, 4;
    %cmp/u;
    %jmp/1 T_8.5, 6;
    %dup/vec4;
    %pushi/vec4 6, 0, 4;
    %cmp/u;
    %jmp/1 T_8.6, 6;
    %dup/vec4;
    %pushi/vec4 7, 0, 4;
    %cmp/u;
    %jmp/1 T_8.7, 6;
    %dup/vec4;
    %pushi/vec4 8, 0, 4;
    %cmp/u;
    %jmp/1 T_8.8, 6;
    %dup/vec4;
    %pushi/vec4 9, 0, 4;
    %cmp/u;
    %jmp/1 T_8.9, 6;
    %dup/vec4;
    %pushi/vec4 10, 0, 4;
    %cmp/u;
    %jmp/1 T_8.10, 6;
    %dup/vec4;
    %pushi/vec4 11, 0, 4;
    %cmp/u;
    %jmp/1 T_8.11, 6;
    %dup/vec4;
    %pushi/vec4 12, 0, 4;
    %cmp/u;
    %jmp/1 T_8.12, 6;
    %dup/vec4;
    %pushi/vec4 13, 0, 4;
    %cmp/u;
    %jmp/1 T_8.13, 6;
    %dup/vec4;
    %pushi/vec4 14, 0, 4;
    %cmp/u;
    %jmp/1 T_8.14, 6;
    %dup/vec4;
    %pushi/vec4 15, 0, 4;
    %cmp/u;
    %jmp/1 T_8.15, 6;
    %jmp T_8.16;
T_8.0 ;
    %pushi/vec4 1, 0, 16;
    %cassign/vec4 v0000015e2b0b0510_0;
    %jmp T_8.16;
T_8.1 ;
    %pushi/vec4 2, 0, 16;
    %cassign/vec4 v0000015e2b0b0510_0;
    %jmp T_8.16;
T_8.2 ;
    %pushi/vec4 4, 0, 16;
    %cassign/vec4 v0000015e2b0b0510_0;
    %jmp T_8.16;
T_8.3 ;
    %pushi/vec4 8, 0, 16;
    %cassign/vec4 v0000015e2b0b0510_0;
    %jmp T_8.16;
T_8.4 ;
    %pushi/vec4 16, 0, 16;
    %cassign/vec4 v0000015e2b0b0510_0;
    %jmp T_8.16;
T_8.5 ;
    %pushi/vec4 32, 0, 16;
    %cassign/vec4 v0000015e2b0b0510_0;
    %jmp T_8.16;
T_8.6 ;
    %pushi/vec4 64, 0, 16;
    %cassign/vec4 v0000015e2b0b0510_0;
    %jmp T_8.16;
T_8.7 ;
    %pushi/vec4 128, 0, 16;
    %cassign/vec4 v0000015e2b0b0510_0;
    %jmp T_8.16;
T_8.8 ;
    %pushi/vec4 256, 0, 16;
    %cassign/vec4 v0000015e2b0b0510_0;
    %jmp T_8.16;
T_8.9 ;
    %pushi/vec4 512, 0, 16;
    %cassign/vec4 v0000015e2b0b0510_0;
    %jmp T_8.16;
T_8.10 ;
    %pushi/vec4 1024, 0, 16;
    %cassign/vec4 v0000015e2b0b0510_0;
    %jmp T_8.16;
T_8.11 ;
    %pushi/vec4 2048, 0, 16;
    %cassign/vec4 v0000015e2b0b0510_0;
    %jmp T_8.16;
T_8.12 ;
    %pushi/vec4 4096, 0, 16;
    %cassign/vec4 v0000015e2b0b0510_0;
    %jmp T_8.16;
T_8.13 ;
    %pushi/vec4 8192, 0, 16;
    %cassign/vec4 v0000015e2b0b0510_0;
    %jmp T_8.16;
T_8.14 ;
    %pushi/vec4 16384, 0, 16;
    %cassign/vec4 v0000015e2b0b0510_0;
    %jmp T_8.16;
T_8.15 ;
    %pushi/vec4 32768, 0, 16;
    %cassign/vec4 v0000015e2b0b0510_0;
    %jmp T_8.16;
T_8.16 ;
    %pop/vec4 1;
    %jmp T_8;
    .thread T_8, $push;
    .scope S_0000015e2b0b8250;
T_9 ;
    %wait E_0000015e2b01c210;
    %load/vec4 v0000015e2b0b51a0_0;
    %load/vec4 v0000015e2b0b45c0_0;
    %pow;
    %store/vec4 v0000015e2b0b6000_0, 0, 32;
    %jmp T_9;
    .thread T_9, $push;
    .scope S_0000015e2b0b83e0;
T_10 ;
    %wait E_0000015e2b01bcd0;
    %load/vec4 v0000015e2b0b4de0_0;
    %load/vec4 v0000015e2b0b61e0_0;
    %and;
    %store/vec4 v0000015e2b0b4520_0, 0, 32;
    %jmp T_10;
    .thread T_10, $push;
    .scope S_0000015e2b0b9830;
T_11 ;
    %wait E_0000015e2b01ba50;
    %load/vec4 v0000015e2b0b6820_0;
    %load/vec4 v0000015e2b0b4c00_0;
    %and;
    %inv;
    %store/vec4 v0000015e2b0b5240_0, 0, 32;
    %jmp T_11;
    .thread T_11, $push;
    .scope S_0000015e2b0b8570;
T_12 ;
    %wait E_0000015e2b01b5d0;
    %load/vec4 v0000015e2b0b48e0_0;
    %load/vec4 v0000015e2b0b6320_0;
    %or;
    %inv;
    %store/vec4 v0000015e2b0b4980_0, 0, 32;
    %jmp T_12;
    .thread T_12, $push;
    .scope S_0000015e2b0b9060;
T_13 ;
    %wait E_0000015e2b01bbd0;
    %load/vec4 v0000015e2b0b65a0_0;
    %load/vec4 v0000015e2b0b4340_0;
    %inv;
    %concat/vec4; draw_concat_vec4
    %pad/u 32;
    %store/vec4 v0000015e2b0b43e0_0, 0, 32;
    %jmp T_13;
    .thread T_13, $push;
    .scope S_0000015e2b0b8700;
T_14 ;
    %wait E_0000015e2b01bb10;
    %load/vec4 v0000015e2b0b6640_0;
    %load/vec4 v0000015e2b0b4160_0;
    %or;
    %store/vec4 v0000015e2b0b52e0_0, 0, 32;
    %jmp T_14;
    .thread T_14, $push;
    .scope S_0000015e2b0b8890;
T_15 ;
    %wait E_0000015e2b01b710;
    %load/vec4 v0000015e2b0b4660_0;
    %load/vec4 v0000015e2b0b4700_0;
    %xor;
    %inv;
    %store/vec4 v0000015e2b0b47a0_0, 0, 32;
    %jmp T_15;
    .thread T_15, $push;
    .scope S_0000015e2b0b8a20;
T_16 ;
    %wait E_0000015e2b01bc10;
    %load/vec4 v0000015e2b0b4840_0;
    %load/vec4 v0000015e2b0b4a20_0;
    %xor;
    %store/vec4 v0000015e2b0b4ac0_0, 0, 32;
    %jmp T_16;
    .thread T_16, $push;
    .scope S_0000015e2af7ea70;
T_17 ;
    %wait E_0000015e2b01a950;
    %load/vec4 v0000015e2b0b77c0_0;
    %store/vec4 v0000015e2b0b7900_0, 0, 32;
    %jmp T_17;
    .thread T_17, $push;
    .scope S_0000015e2af7e8e0;
T_18 ;
T_18.0 ;
    %pushi/vec4 0, 0, 1;
    %store/vec4 v0000015e2b0be960_0, 0, 1;
    %delay 3, 0;
    %delay 2, 0;
    %pushi/vec4 1, 0, 1;
    %store/vec4 v0000015e2b0be960_0, 0, 1;
    %delay 3, 0;
    %delay 2, 0;
    %jmp T_18.0;
    %end;
    .thread T_18;
    .scope S_0000015e2af7e8e0;
T_19 ;
    %vpi_call 2 34 "$display", "\012==========================================================================\012" {0 0 0};
    %delay 5, 0;
    %pushi/vec4 0, 0, 32;
    %cassign/vec4 v0000015e2b0bd420_0;
    %pushi/vec4 12, 0, 4;
    %cassign/vec4 v0000015e2b0be1e0_0;
    %delay 10, 0;
    %pushi/vec4 12, 0, 32;
    %cassign/vec4 v0000015e2b0bd420_0;
    %pushi/vec4 2, 0, 32;
    %cassign/vec4 v0000015e2b0be140_0;
    %pushi/vec4 15, 0, 4;
    %cassign/vec4 v0000015e2b0be1e0_0;
    %delay 10, 0;
    %pushi/vec4 0, 0, 32;
    %cassign/vec4 v0000015e2b0be140_0;
    %pushi/vec4 3141, 0, 32;
    %cassign/vec4 v0000015e2b0bd420_0;
    %pushi/vec4 2, 0, 4;
    %cassign/vec4 v0000015e2b0be1e0_0;
    %delay 10, 0;
    %pushi/vec4 1000, 0, 32;
    %cassign/vec4 v0000015e2b0bd420_0;
    %pushi/vec4 3, 0, 4;
    %cassign/vec4 v0000015e2b0be1e0_0;
    %delay 10, 0;
    %vpi_call 2 56 "$display", "Result:%8d", v0000015e2b0bf400_0 {0 0 0};
    %vpi_call 2 61 "$finish" {0 0 0};
    %end;
    .thread T_19;
# The file index is used to find the file name in the following table.
:file_names 10;
    "N/A";
    "<interactive>";
    "calcCircle.v";
    "./DJMr.G.Part3.v";
    "./FeedbackCheck.v";
    "./Arithmetic.v";
    "./Multiplexer-Decode-ErrorMode.v";
    "./exponent.v";
    "./logic_operations.v";
    "./DFF.v";
