#! /c/Source/iverilog-install/bin/vvp
:ivl_version "12.0 (devel)" "(s20150603-1110-g18392a46)";
:ivl_delay_selection "TYPICAL";
:vpi_time_precision + 0;
:vpi_module "C:\iverilog\lib\ivl\system.vpi";
:vpi_module "C:\iverilog\lib\ivl\vhdl_sys.vpi";
:vpi_module "C:\iverilog\lib\ivl\vhdl_textio.vpi";
:vpi_module "C:\iverilog\lib\ivl\v2005_math.vpi";
:vpi_module "C:\iverilog\lib\ivl\va_math.vpi";
S_000001e2e9b7ae30 .scope module, "calcFrustrum" "calcFrustrum" 2 2;
 .timescale 0 0;
v000001e2e9cfe4c0_0 .var "clk", 0 0;
v000001e2e9cfed80_0 .net "errorCode", 1 0, L_000001e2e9cfb7c0;  1 drivers
v000001e2e9cfdac0_0 .var "inputP", 31 0;
v000001e2e9cfe380_0 .var "inputQ", 31 0;
v000001e2e9cfda20_0 .var "opCode", 3 0;
v000001e2e9cfdca0_0 .net "outALU", 31 0, v000001e2e9cf5a50_0;  1 drivers
S_000001e2e9be4ab0 .scope module, "electricity1" "ALU" 2 12, 3 26 0, S_000001e2e9b7ae30;
 .timescale 0 0;
    .port_info 0 /INPUT 1 "clk";
    .port_info 1 /INPUT 32 "inputP";
    .port_info 2 /INPUT 32 "inputQ";
    .port_info 3 /INPUT 4 "opCode";
    .port_info 4 /OUTPUT 32 "outALU";
    .port_info 5 /OUTPUT 2 "errorCode";
L_000001e2e9d04bb0 .functor BUFZ 32, L_000001e2e9cfcb20, C4<00000000000000000000000000000000>, C4<00000000000000000000000000000000>, C4<00000000000000000000000000000000>;
L_000001e2e9d04d00 .functor BUFZ 32, L_000001e2e9cfcb20, C4<00000000000000000000000000000000>, C4<00000000000000000000000000000000>, C4<00000000000000000000000000000000>;
L_000001e2e9d05010 .functor BUFZ 32, v000001e2e9cf1d60_0, C4<00000000000000000000000000000000>, C4<00000000000000000000000000000000>, C4<00000000000000000000000000000000>;
L_000001e2e9d04d70 .functor BUFZ 32, v000001e2e9cf0500_0, C4<00000000000000000000000000000000>, C4<00000000000000000000000000000000>, C4<00000000000000000000000000000000>;
L_000001e2e9d04fa0 .functor BUFZ 32, v000001e2e9cf14a0_0, C4<00000000000000000000000000000000>, C4<00000000000000000000000000000000>, C4<00000000000000000000000000000000>;
L_000001e2e9d04de0 .functor BUFZ 32, v000001e2e9cf5e10_0, C4<00000000000000000000000000000000>, C4<00000000000000000000000000000000>, C4<00000000000000000000000000000000>;
L_000001e2e9d04e50 .functor BUFZ 32, v000001e2e9cf5230_0, C4<00000000000000000000000000000000>, C4<00000000000000000000000000000000>, C4<00000000000000000000000000000000>;
L_000001e2e9d04ec0 .functor BUFZ 32, v000001e2e9cf6810_0, C4<00000000000000000000000000000000>, C4<00000000000000000000000000000000>, C4<00000000000000000000000000000000>;
L_000001e2e9d04f30 .functor BUFZ 32, v000001e2e9cf5ff0_0, C4<00000000000000000000000000000000>, C4<00000000000000000000000000000000>, C4<00000000000000000000000000000000>;
L_000001e2e9d5bb40 .functor BUFZ 32, v000001e2e9cf4fb0_0, C4<00000000000000000000000000000000>, C4<00000000000000000000000000000000>, C4<00000000000000000000000000000000>;
L_000001e2e9d5c9b0 .functor BUFZ 32, v000001e2e9cf5d70_0, C4<00000000000000000000000000000000>, C4<00000000000000000000000000000000>, C4<00000000000000000000000000000000>;
L_000001e2e9d5c470 .functor BUFZ 32, v000001e2e9cf5550_0, C4<00000000000000000000000000000000>, C4<00000000000000000000000000000000>, C4<00000000000000000000000000000000>;
L_000001e2e9d5c780 .functor BUFZ 32, L_000001e2e9d5d190, C4<00000000000000000000000000000000>, C4<00000000000000000000000000000000>, C4<00000000000000000000000000000000>;
L_000001e2e9d5bbb0 .functor BUFZ 32, v000001e2e9cf4150_0, C4<00000000000000000000000000000000>, C4<00000000000000000000000000000000>, C4<00000000000000000000000000000000>;
L_000001e2e9d5d190 .functor BUFZ 32, v000001e2e9cf52d0_0, C4<00000000000000000000000000000000>, C4<00000000000000000000000000000000>, C4<00000000000000000000000000000000>;
v000001e2e9cf55f0_0 .net "C", 0 0, L_000001e2e9c7b150;  1 drivers
v000001e2e9cf4bf0_0 .net *"_ivl_11", 31 0, L_000001e2e9d04d00;  1 drivers
v000001e2e9cf5f50_0 .net *"_ivl_15", 31 0, L_000001e2e9d05010;  1 drivers
v000001e2e9cf5370_0 .net *"_ivl_19", 31 0, L_000001e2e9d04d70;  1 drivers
v000001e2e9cf41f0_0 .net *"_ivl_23", 31 0, L_000001e2e9d04fa0;  1 drivers
v000001e2e9cf4330_0 .net *"_ivl_27", 31 0, L_000001e2e9d04de0;  1 drivers
v000001e2e9cf4470_0 .net *"_ivl_31", 31 0, L_000001e2e9d04e50;  1 drivers
v000001e2e9cf40b0_0 .net *"_ivl_35", 31 0, L_000001e2e9d04ec0;  1 drivers
v000001e2e9cf5af0_0 .net *"_ivl_39", 31 0, L_000001e2e9d04f30;  1 drivers
v000001e2e9cf61d0_0 .net *"_ivl_43", 31 0, L_000001e2e9d5bb40;  1 drivers
v000001e2e9cf5410_0 .net *"_ivl_47", 31 0, L_000001e2e9d5c9b0;  1 drivers
v000001e2e9cf6130_0 .net *"_ivl_51", 31 0, L_000001e2e9d5c470;  1 drivers
L_000001e2e9d07558 .functor BUFT 1, C4<00000000000000000000000000000000>, C4<0>, C4<0>, C4<0>;
v000001e2e9cf5690_0 .net/2u *"_ivl_54", 31 0, L_000001e2e9d07558;  1 drivers
L_000001e2e9d075a0 .functor BUFT 1, C4<11111111111111111111111111111111>, C4<0>, C4<0>, C4<0>;
v000001e2e9cf4830_0 .net/2u *"_ivl_58", 31 0, L_000001e2e9d075a0;  1 drivers
v000001e2e9cf6590_0 .net *"_ivl_63", 31 0, L_000001e2e9d5c780;  1 drivers
v000001e2e9cf6270_0 .net *"_ivl_68", 31 0, L_000001e2e9d5bbb0;  1 drivers
v000001e2e9cf46f0_0 .net *"_ivl_7", 31 0, L_000001e2e9d04bb0;  1 drivers
v000001e2e9cf6630_0 .net "channels", 511 0, L_000001e2e9cfb4a0;  1 drivers
v000001e2e9cf45b0_0 .net "clk", 0 0, v000001e2e9cfe4c0_0;  1 drivers
v000001e2e9cf5190_0 .net "divZeroDiv", 0 0, v000001e2e9cf1cc0_0;  1 drivers
v000001e2e9cf4290_0 .net "divZeroMod", 0 0, v000001e2e9cf2260_0;  1 drivers
v000001e2e9cf48d0_0 .net "errorCode", 1 0, L_000001e2e9cfb7c0;  alias, 1 drivers
v000001e2e9cf5870_0 .net "feedback", 31 0, L_000001e2e9d5d190;  1 drivers
v000001e2e9cf4970_0 .net "feedbackCheckOut", 31 0, v000001e2e9c7dc60_0;  1 drivers
v000001e2e9cf4ab0_0 .net "hotselect", 15 0, v000001e2e9cf17c0_0;  1 drivers
v000001e2e9cf66d0_0 .net "inputP", 31 0, v000001e2e9cfdac0_0;  1 drivers
v000001e2e9cf4b50_0 .net "inputQ", 31 0, v000001e2e9cfe380_0;  1 drivers
v000001e2e9cf43d0_0 .net "mode", 0 0, v000001e2e9c7db20_0;  1 drivers
v000001e2e9cf4510_0 .net "muxout", 31 0, L_000001e2e9d04b40;  1 drivers
v000001e2e9cf4d30_0 .net "opCode", 3 0, v000001e2e9cfda20_0;  1 drivers
v000001e2e9cf5a50_0 .var "outALU", 31 0;
v000001e2e9cf5910_0 .net "outAND", 31 0, v000001e2e9cf5e10_0;  1 drivers
v000001e2e9cf4dd0_0 .net "outAddSub", 31 0, L_000001e2e9cfcb20;  1 drivers
v000001e2e9cf4e70_0 .net "outDiv", 31 0, v000001e2e9cf0500_0;  1 drivers
v000001e2e9cf5b90_0 .net "outEX", 31 0, v000001e2e9cf4150_0;  1 drivers
v000001e2e9cf5c30_0 .net "outMod", 31 0, v000001e2e9cf14a0_0;  1 drivers
v000001e2e9cf5cd0_0 .net "outMult", 31 0, v000001e2e9cf1d60_0;  1 drivers
v000001e2e9cfdd40_0 .net "outNAND", 31 0, v000001e2e9cf5230_0;  1 drivers
v000001e2e9cfe920_0 .net "outNOR", 31 0, v000001e2e9cf6810_0;  1 drivers
v000001e2e9cfece0_0 .net "outNOT", 31 0, v000001e2e9cf5ff0_0;  1 drivers
v000001e2e9cfeec0_0 .net "outOR", 31 0, v000001e2e9cf4fb0_0;  1 drivers
v000001e2e9cfdc00_0 .net "outXNOR", 31 0, v000001e2e9cf5d70_0;  1 drivers
v000001e2e9cfe2e0_0 .net "outXOR", 31 0, v000001e2e9cf5550_0;  1 drivers
v000001e2e9cfe240_0 .net "outval", 31 0, v000001e2e9cf52d0_0;  1 drivers
v000001e2e9cfdde0_0 .net "overflow", 0 0, L_000001e2e9d038e0;  1 drivers
E_000001e2e9c6d680 .event anyedge, v000001e2e9cf7a30_0;
L_000001e2e9cfbd60 .part v000001e2e9cfdac0_0, 0, 16;
L_000001e2e9cfbae0 .part v000001e2e9c7dc60_0, 0, 16;
LS_000001e2e9cfb4a0_0_0 .concat8 [ 32 32 32 32], L_000001e2e9d04bb0, L_000001e2e9d04d00, L_000001e2e9d05010, L_000001e2e9d04d70;
LS_000001e2e9cfb4a0_0_4 .concat8 [ 32 32 32 32], L_000001e2e9d04fa0, L_000001e2e9d04de0, L_000001e2e9d04e50, L_000001e2e9d04ec0;
LS_000001e2e9cfb4a0_0_8 .concat8 [ 32 32 32 32], L_000001e2e9d04f30, L_000001e2e9d5bb40, L_000001e2e9d5c9b0, L_000001e2e9d5c470;
LS_000001e2e9cfb4a0_0_12 .concat8 [ 32 32 32 32], L_000001e2e9d07558, L_000001e2e9d075a0, L_000001e2e9d5c780, L_000001e2e9d5bbb0;
L_000001e2e9cfb4a0 .concat8 [ 128 128 128 128], LS_000001e2e9cfb4a0_0_0, LS_000001e2e9cfb4a0_0_4, LS_000001e2e9cfb4a0_0_8, LS_000001e2e9cfb4a0_0_12;
S_000001e2e9be4c40 .scope module, "inst0" "FeedbackCheck" 3 100, 4 1 0, S_000001e2e9be4ab0;
 .timescale 0 0;
    .port_info 0 /INPUT 32 "inputQ";
    .port_info 1 /INPUT 32 "feedback";
    .port_info 2 /OUTPUT 32 "feedbackCheck";
v000001e2e9c7d300_0 .net "feedback", 31 0, L_000001e2e9d5d190;  alias, 1 drivers
v000001e2e9c7dc60_0 .var "feedbackCheck", 31 0;
v000001e2e9c7d3a0_0 .net "inputQ", 31 0, v000001e2e9cfe380_0;  alias, 1 drivers
E_000001e2e9c6cf00 .event anyedge, v000001e2e9c7dc60_0, v000001e2e9c7d300_0, v000001e2e9c7d3a0_0;
S_000001e2e9be4dd0 .scope module, "inst1" "add_sub" 3 101, 5 18 0, S_000001e2e9be4ab0;
 .timescale 0 0;
    .port_info 0 /INPUT 16 "inputP";
    .port_info 1 /INPUT 16 "inputQ";
    .port_info 2 /INPUT 4 "Command";
    .port_info 3 /INOUT 1 "mode";
    .port_info 4 /OUTPUT 32 "outAddSub";
    .port_info 5 /OUTPUT 1 "C";
    .port_info 6 /OUTPUT 1 "O";
L_000001e2e9c7aeb0 .functor XOR 1, L_000001e2e9cfee20, v000001e2e9c7db20_0, C4<0>, C4<0>;
L_000001e2e9c7add0 .functor XOR 1, L_000001e2e9cfe420, v000001e2e9c7db20_0, C4<0>, C4<0>;
L_000001e2e9c7b230 .functor XOR 1, L_000001e2e9cfef60, v000001e2e9c7db20_0, C4<0>, C4<0>;
L_000001e2e9c7b8c0 .functor XOR 1, L_000001e2e9cfde80, v000001e2e9c7db20_0, C4<0>, C4<0>;
L_000001e2e9c7b690 .functor XOR 1, L_000001e2e9cfdf20, v000001e2e9c7db20_0, C4<0>, C4<0>;
L_000001e2e9c7b310 .functor XOR 1, L_000001e2e9cfd8e0, v000001e2e9c7db20_0, C4<0>, C4<0>;
L_000001e2e9c7b540 .functor XOR 1, L_000001e2e9cfdfc0, v000001e2e9c7db20_0, C4<0>, C4<0>;
L_000001e2e9c7b380 .functor XOR 1, L_000001e2e9cfe560, v000001e2e9c7db20_0, C4<0>, C4<0>;
L_000001e2e9c7ae40 .functor XOR 1, L_000001e2e9cfe600, v000001e2e9c7db20_0, C4<0>, C4<0>;
L_000001e2e9c7b5b0 .functor XOR 1, L_000001e2e9cfe060, v000001e2e9c7db20_0, C4<0>, C4<0>;
L_000001e2e9c7b460 .functor XOR 1, L_000001e2e9cfe6a0, v000001e2e9c7db20_0, C4<0>, C4<0>;
L_000001e2e9c7b700 .functor XOR 1, L_000001e2e9cfe740, v000001e2e9c7db20_0, C4<0>, C4<0>;
L_000001e2e9c7b7e0 .functor XOR 1, L_000001e2e9cfe7e0, v000001e2e9c7db20_0, C4<0>, C4<0>;
L_000001e2e9c7af20 .functor XOR 1, L_000001e2e9cfeb00, v000001e2e9c7db20_0, C4<0>, C4<0>;
L_000001e2e9c7b4d0 .functor XOR 1, L_000001e2e9cfd980, v000001e2e9c7db20_0, C4<0>, C4<0>;
L_000001e2e9c7b0e0 .functor XOR 1, L_000001e2e9cfe880, v000001e2e9c7db20_0, C4<0>, C4<0>;
L_000001e2e9c7b150 .functor XOR 1, L_000001e2e9d03b80, v000001e2e9c7db20_0, C4<0>, C4<0>;
L_000001e2e9d038e0 .functor XOR 1, L_000001e2e9d03e20, L_000001e2e9d03b80, C4<0>, C4<0>;
v000001e2e9cee610_0 .net "C", 0 0, L_000001e2e9c7b150;  alias, 1 drivers
v000001e2e9ced530_0 .net "C0", 0 0, L_000001e2e9c7b070;  1 drivers
v000001e2e9cecd10_0 .net "C1", 0 0, L_000001e2e9d02a50;  1 drivers
v000001e2e9cee430_0 .net "C10", 0 0, L_000001e2e9d02dd0;  1 drivers
v000001e2e9ced170_0 .net "C11", 0 0, L_000001e2e9d043d0;  1 drivers
v000001e2e9ceddf0_0 .net "C12", 0 0, L_000001e2e9d04980;  1 drivers
v000001e2e9ced5d0_0 .net "C13", 0 0, L_000001e2e9d04c20;  1 drivers
v000001e2e9ced670_0 .net "C14", 0 0, L_000001e2e9d03e20;  1 drivers
v000001e2e9cede90_0 .net "C15", 0 0, L_000001e2e9d03b80;  1 drivers
v000001e2e9cec3b0_0 .net "C2", 0 0, L_000001e2e9d02190;  1 drivers
v000001e2e9cec4f0_0 .net "C3", 0 0, L_000001e2e9d027b0;  1 drivers
v000001e2e9ceca90_0 .net "C4", 0 0, L_000001e2e9d019b0;  1 drivers
v000001e2e9ced710_0 .net "C5", 0 0, L_000001e2e9d02580;  1 drivers
v000001e2e9cee7f0_0 .net "C6", 0 0, L_000001e2e9d02900;  1 drivers
v000001e2e9cec590_0 .net "C7", 0 0, L_000001e2e9d02ac0;  1 drivers
v000001e2e9cedf30_0 .net "C8", 0 0, L_000001e2e9d02350;  1 drivers
v000001e2e9ced7b0_0 .net "C9", 0 0, L_000001e2e9d02ba0;  1 drivers
v000001e2e9ced850_0 .net "Command", 3 0, v000001e2e9cfda20_0;  alias, 1 drivers
v000001e2e9cec8b0_0 .net "O", 0 0, L_000001e2e9d038e0;  alias, 1 drivers
v000001e2e9cee070_0 .net "Q0", 0 0, L_000001e2e9c7aeb0;  1 drivers
v000001e2e9cee4d0_0 .net "Q1", 0 0, L_000001e2e9c7add0;  1 drivers
v000001e2e9cedfd0_0 .net "Q10", 0 0, L_000001e2e9c7b460;  1 drivers
v000001e2e9ceda30_0 .net "Q11", 0 0, L_000001e2e9c7b700;  1 drivers
v000001e2e9cedad0_0 .net "Q12", 0 0, L_000001e2e9c7b7e0;  1 drivers
v000001e2e9cee6b0_0 .net "Q13", 0 0, L_000001e2e9c7af20;  1 drivers
v000001e2e9cee750_0 .net "Q14", 0 0, L_000001e2e9c7b4d0;  1 drivers
v000001e2e9cec630_0 .net "Q15", 0 0, L_000001e2e9c7b0e0;  1 drivers
v000001e2e9cec770_0 .net "Q2", 0 0, L_000001e2e9c7b230;  1 drivers
v000001e2e9cec950_0 .net "Q3", 0 0, L_000001e2e9c7b8c0;  1 drivers
v000001e2e9cecb30_0 .net "Q4", 0 0, L_000001e2e9c7b690;  1 drivers
v000001e2e9cecbd0_0 .net "Q5", 0 0, L_000001e2e9c7b310;  1 drivers
v000001e2e9cecc70_0 .net "Q6", 0 0, L_000001e2e9c7b540;  1 drivers
v000001e2e9cecdb0_0 .net "Q7", 0 0, L_000001e2e9c7b380;  1 drivers
v000001e2e9cf1a40_0 .net "Q8", 0 0, L_000001e2e9c7ae40;  1 drivers
v000001e2e9cf1040_0 .net "Q9", 0 0, L_000001e2e9c7b5b0;  1 drivers
v000001e2e9cf1f40_0 .net *"_ivl_1", 0 0, L_000001e2e9cfee20;  1 drivers
v000001e2e9cf0780_0 .net *"_ivl_13", 0 0, L_000001e2e9cfde80;  1 drivers
L_000001e2e9d070d8 .functor BUFT 1, C4<0>, C4<0>, C4<0>, C4<0>;
v000001e2e9cf24e0_0 .net/2u *"_ivl_134", 0 0, L_000001e2e9d070d8;  1 drivers
L_000001e2e9d07120 .functor BUFT 1, C4<0>, C4<0>, C4<0>, C4<0>;
v000001e2e9cf0820_0 .net/2u *"_ivl_138", 0 0, L_000001e2e9d07120;  1 drivers
L_000001e2e9d07168 .functor BUFT 1, C4<0>, C4<0>, C4<0>, C4<0>;
v000001e2e9cf1360_0 .net/2u *"_ivl_142", 0 0, L_000001e2e9d07168;  1 drivers
L_000001e2e9d071b0 .functor BUFT 1, C4<0>, C4<0>, C4<0>, C4<0>;
v000001e2e9cf1540_0 .net/2u *"_ivl_146", 0 0, L_000001e2e9d071b0;  1 drivers
L_000001e2e9d071f8 .functor BUFT 1, C4<0>, C4<0>, C4<0>, C4<0>;
v000001e2e9cf0c80_0 .net/2u *"_ivl_150", 0 0, L_000001e2e9d071f8;  1 drivers
L_000001e2e9d07240 .functor BUFT 1, C4<0>, C4<0>, C4<0>, C4<0>;
v000001e2e9cf2080_0 .net/2u *"_ivl_154", 0 0, L_000001e2e9d07240;  1 drivers
L_000001e2e9d07288 .functor BUFT 1, C4<0>, C4<0>, C4<0>, C4<0>;
v000001e2e9cf1220_0 .net/2u *"_ivl_158", 0 0, L_000001e2e9d07288;  1 drivers
L_000001e2e9d072d0 .functor BUFT 1, C4<0>, C4<0>, C4<0>, C4<0>;
v000001e2e9cf05a0_0 .net/2u *"_ivl_162", 0 0, L_000001e2e9d072d0;  1 drivers
L_000001e2e9d07318 .functor BUFT 1, C4<0>, C4<0>, C4<0>, C4<0>;
v000001e2e9cf1ae0_0 .net/2u *"_ivl_166", 0 0, L_000001e2e9d07318;  1 drivers
v000001e2e9cf0d20_0 .net *"_ivl_17", 0 0, L_000001e2e9cfdf20;  1 drivers
L_000001e2e9d07360 .functor BUFT 1, C4<0>, C4<0>, C4<0>, C4<0>;
v000001e2e9cf1900_0 .net/2u *"_ivl_170", 0 0, L_000001e2e9d07360;  1 drivers
L_000001e2e9d073a8 .functor BUFT 1, C4<0>, C4<0>, C4<0>, C4<0>;
v000001e2e9cf15e0_0 .net/2u *"_ivl_174", 0 0, L_000001e2e9d073a8;  1 drivers
L_000001e2e9d073f0 .functor BUFT 1, C4<0>, C4<0>, C4<0>, C4<0>;
v000001e2e9cf0dc0_0 .net/2u *"_ivl_178", 0 0, L_000001e2e9d073f0;  1 drivers
L_000001e2e9d07438 .functor BUFT 1, C4<0>, C4<0>, C4<0>, C4<0>;
v000001e2e9cf0aa0_0 .net/2u *"_ivl_182", 0 0, L_000001e2e9d07438;  1 drivers
L_000001e2e9d07480 .functor BUFT 1, C4<0>, C4<0>, C4<0>, C4<0>;
v000001e2e9cf21c0_0 .net/2u *"_ivl_186", 0 0, L_000001e2e9d07480;  1 drivers
L_000001e2e9d074c8 .functor BUFT 1, C4<0>, C4<0>, C4<0>, C4<0>;
v000001e2e9cf1c20_0 .net/2u *"_ivl_190", 0 0, L_000001e2e9d074c8;  1 drivers
L_000001e2e9d07510 .functor BUFT 1, C4<0>, C4<0>, C4<0>, C4<0>;
v000001e2e9cf0640_0 .net/2u *"_ivl_195", 0 0, L_000001e2e9d07510;  1 drivers
v000001e2e9cf1680_0 .net *"_ivl_21", 0 0, L_000001e2e9cfd8e0;  1 drivers
v000001e2e9cf1400_0 .net *"_ivl_25", 0 0, L_000001e2e9cfdfc0;  1 drivers
v000001e2e9cf2120_0 .net *"_ivl_29", 0 0, L_000001e2e9cfe560;  1 drivers
v000001e2e9cf06e0_0 .net *"_ivl_33", 0 0, L_000001e2e9cfe600;  1 drivers
v000001e2e9cf2300_0 .net *"_ivl_37", 0 0, L_000001e2e9cfe060;  1 drivers
v000001e2e9cf08c0_0 .net *"_ivl_41", 0 0, L_000001e2e9cfe6a0;  1 drivers
v000001e2e9cf01e0_0 .net *"_ivl_45", 0 0, L_000001e2e9cfe740;  1 drivers
v000001e2e9cf0960_0 .net *"_ivl_49", 0 0, L_000001e2e9cfe7e0;  1 drivers
v000001e2e9cf19a0_0 .net *"_ivl_5", 0 0, L_000001e2e9cfe420;  1 drivers
v000001e2e9cf12c0_0 .net *"_ivl_53", 0 0, L_000001e2e9cfeb00;  1 drivers
v000001e2e9cf0a00_0 .net *"_ivl_57", 0 0, L_000001e2e9cfd980;  1 drivers
v000001e2e9cf1fe0_0 .net *"_ivl_61", 0 0, L_000001e2e9cfe880;  1 drivers
v000001e2e9cf0f00_0 .net *"_ivl_9", 0 0, L_000001e2e9cfef60;  1 drivers
v000001e2e9cf1e00_0 .net "inputP", 15 0, L_000001e2e9cfbd60;  1 drivers
v000001e2e9cf0b40_0 .net "inputQ", 15 0, L_000001e2e9cfbae0;  1 drivers
v000001e2e9cf1b80_0 .net "mode", 0 0, v000001e2e9c7db20_0;  alias, 1 drivers
v000001e2e9cf1720_0 .net "outAddSub", 31 0, L_000001e2e9cfcb20;  alias, 1 drivers
L_000001e2e9cfee20 .part L_000001e2e9cfbae0, 0, 1;
L_000001e2e9cfe420 .part L_000001e2e9cfbae0, 1, 1;
L_000001e2e9cfef60 .part L_000001e2e9cfbae0, 2, 1;
L_000001e2e9cfde80 .part L_000001e2e9cfbae0, 3, 1;
L_000001e2e9cfdf20 .part L_000001e2e9cfbae0, 4, 1;
L_000001e2e9cfd8e0 .part L_000001e2e9cfbae0, 5, 1;
L_000001e2e9cfdfc0 .part L_000001e2e9cfbae0, 6, 1;
L_000001e2e9cfe560 .part L_000001e2e9cfbae0, 7, 1;
L_000001e2e9cfe600 .part L_000001e2e9cfbae0, 8, 1;
L_000001e2e9cfe060 .part L_000001e2e9cfbae0, 9, 1;
L_000001e2e9cfe6a0 .part L_000001e2e9cfbae0, 10, 1;
L_000001e2e9cfe740 .part L_000001e2e9cfbae0, 11, 1;
L_000001e2e9cfe7e0 .part L_000001e2e9cfbae0, 12, 1;
L_000001e2e9cfeb00 .part L_000001e2e9cfbae0, 13, 1;
L_000001e2e9cfd980 .part L_000001e2e9cfbae0, 14, 1;
L_000001e2e9cfe880 .part L_000001e2e9cfbae0, 15, 1;
L_000001e2e9cfdb60 .part L_000001e2e9cfbd60, 0, 1;
L_000001e2e9cfe9c0 .part L_000001e2e9cfbd60, 1, 1;
L_000001e2e9cfeba0 .part L_000001e2e9cfbd60, 2, 1;
L_000001e2e9cfea60 .part L_000001e2e9cfbd60, 3, 1;
L_000001e2e9cfe100 .part L_000001e2e9cfbd60, 4, 1;
L_000001e2e9cfec40 .part L_000001e2e9cfbd60, 5, 1;
L_000001e2e9cfe1a0 .part L_000001e2e9cfbd60, 6, 1;
L_000001e2e9cfbc20 .part L_000001e2e9cfbd60, 7, 1;
L_000001e2e9cfbf40 .part L_000001e2e9cfbd60, 8, 1;
L_000001e2e9cfcf80 .part L_000001e2e9cfbd60, 9, 1;
L_000001e2e9cfcbc0 .part L_000001e2e9cfbd60, 10, 1;
L_000001e2e9cfc080 .part L_000001e2e9cfbd60, 11, 1;
L_000001e2e9cfc4e0 .part L_000001e2e9cfbd60, 12, 1;
L_000001e2e9cfc580 .part L_000001e2e9cfbd60, 13, 1;
L_000001e2e9cfb0e0 .part L_000001e2e9cfbd60, 14, 1;
L_000001e2e9cfb720 .part L_000001e2e9cfbd60, 15, 1;
LS_000001e2e9cfcb20_0_0 .concat8 [ 1 1 1 1], L_000001e2e9c7b000, L_000001e2e9c7ab30, L_000001e2e9d018d0, L_000001e2e9d01940;
LS_000001e2e9cfcb20_0_4 .concat8 [ 1 1 1 1], L_000001e2e9d01470, L_000001e2e9d02820, L_000001e2e9d01e10, L_000001e2e9d01fd0;
LS_000001e2e9cfcb20_0_8 .concat8 [ 1 1 1 1], L_000001e2e9d01cc0, L_000001e2e9d02510, L_000001e2e9d01320, L_000001e2e9d02eb0;
LS_000001e2e9cfcb20_0_12 .concat8 [ 1 1 1 1], L_000001e2e9d04910, L_000001e2e9d03640, L_000001e2e9d044b0, L_000001e2e9d03db0;
LS_000001e2e9cfcb20_0_16 .concat8 [ 1 1 1 1], L_000001e2e9d070d8, L_000001e2e9d07120, L_000001e2e9d07168, L_000001e2e9d071b0;
LS_000001e2e9cfcb20_0_20 .concat8 [ 1 1 1 1], L_000001e2e9d071f8, L_000001e2e9d07240, L_000001e2e9d07288, L_000001e2e9d072d0;
LS_000001e2e9cfcb20_0_24 .concat8 [ 1 1 1 1], L_000001e2e9d07318, L_000001e2e9d07360, L_000001e2e9d073a8, L_000001e2e9d073f0;
LS_000001e2e9cfcb20_0_28 .concat8 [ 1 1 1 1], L_000001e2e9d07438, L_000001e2e9d07480, L_000001e2e9d074c8, L_000001e2e9d07510;
LS_000001e2e9cfcb20_1_0 .concat8 [ 4 4 4 4], LS_000001e2e9cfcb20_0_0, LS_000001e2e9cfcb20_0_4, LS_000001e2e9cfcb20_0_8, LS_000001e2e9cfcb20_0_12;
LS_000001e2e9cfcb20_1_4 .concat8 [ 4 4 4 4], LS_000001e2e9cfcb20_0_16, LS_000001e2e9cfcb20_0_20, LS_000001e2e9cfcb20_0_24, LS_000001e2e9cfcb20_0_28;
L_000001e2e9cfcb20 .concat8 [ 16 16 0 0], LS_000001e2e9cfcb20_1_0, LS_000001e2e9cfcb20_1_4;
S_000001e2e9bef320 .scope module, "cmd" "command_mode" 5 35, 5 113 0, S_000001e2e9be4dd0;
 .timescale 0 0;
    .port_info 0 /INPUT 4 "Command";
    .port_info 1 /OUTPUT 1 "mode";
v000001e2e9c7c540_0 .net "Command", 3 0, v000001e2e9cfda20_0;  alias, 1 drivers
v000001e2e9c7db20_0 .var "mode", 0 0;
E_000001e2e9c6d8c0 .event anyedge, v000001e2e9c7c540_0;
S_000001e2e9bef4b0 .scope module, "fa0" "full_adder" 5 62, 5 100 0, S_000001e2e9be4dd0;
 .timescale 0 0;
    .port_info 0 /OUTPUT 1 "outAddSub";
    .port_info 1 /OUTPUT 1 "Cout";
    .port_info 2 /INPUT 1 "inputP";
    .port_info 3 /INPUT 1 "inputQ";
    .port_info 4 /INPUT 1 "Cin";
L_000001e2e9c7b1c0 .functor XOR 1, L_000001e2e9cfdb60, L_000001e2e9c7aeb0, C4<0>, C4<0>;
L_000001e2e9c7b000 .functor XOR 1, L_000001e2e9c7b1c0, v000001e2e9c7db20_0, C4<0>, C4<0>;
L_000001e2e9c7b770 .functor AND 1, L_000001e2e9cfdb60, L_000001e2e9c7aeb0, C4<1>, C4<1>;
L_000001e2e9c7b930 .functor AND 1, L_000001e2e9c7aeb0, v000001e2e9c7db20_0, C4<1>, C4<1>;
L_000001e2e9c7af90 .functor OR 1, L_000001e2e9c7b770, L_000001e2e9c7b930, C4<0>, C4<0>;
L_000001e2e9c7aa50 .functor AND 1, L_000001e2e9cfdb60, v000001e2e9c7db20_0, C4<1>, C4<1>;
L_000001e2e9c7b070 .functor OR 1, L_000001e2e9c7af90, L_000001e2e9c7aa50, C4<0>, C4<0>;
v000001e2e9c7d6c0_0 .net "Cin", 0 0, v000001e2e9c7db20_0;  alias, 1 drivers
v000001e2e9c7c9a0_0 .net "Cout", 0 0, L_000001e2e9c7b070;  alias, 1 drivers
v000001e2e9c7cc20_0 .net *"_ivl_0", 0 0, L_000001e2e9c7b1c0;  1 drivers
v000001e2e9c7d440_0 .net *"_ivl_10", 0 0, L_000001e2e9c7aa50;  1 drivers
v000001e2e9c7c680_0 .net *"_ivl_4", 0 0, L_000001e2e9c7b770;  1 drivers
v000001e2e9c7ce00_0 .net *"_ivl_6", 0 0, L_000001e2e9c7b930;  1 drivers
v000001e2e9c7d120_0 .net *"_ivl_8", 0 0, L_000001e2e9c7af90;  1 drivers
v000001e2e9c7d260_0 .net "inputP", 0 0, L_000001e2e9cfdb60;  1 drivers
v000001e2e9c7c5e0_0 .net "inputQ", 0 0, L_000001e2e9c7aeb0;  alias, 1 drivers
v000001e2e9c7ccc0_0 .net "outAddSub", 0 0, L_000001e2e9c7b000;  1 drivers
S_000001e2e9bef640 .scope module, "fa1" "full_adder" 5 63, 5 100 0, S_000001e2e9be4dd0;
 .timescale 0 0;
    .port_info 0 /OUTPUT 1 "outAddSub";
    .port_info 1 /OUTPUT 1 "Cout";
    .port_info 2 /INPUT 1 "inputP";
    .port_info 3 /INPUT 1 "inputQ";
    .port_info 4 /INPUT 1 "Cin";
L_000001e2e9c7aac0 .functor XOR 1, L_000001e2e9cfe9c0, L_000001e2e9c7add0, C4<0>, C4<0>;
L_000001e2e9c7ab30 .functor XOR 1, L_000001e2e9c7aac0, L_000001e2e9c7b070, C4<0>, C4<0>;
L_000001e2e9c7aba0 .functor AND 1, L_000001e2e9cfe9c0, L_000001e2e9c7add0, C4<1>, C4<1>;
L_000001e2e9c54710 .functor AND 1, L_000001e2e9c7add0, L_000001e2e9c7b070, C4<1>, C4<1>;
L_000001e2e9d01a20 .functor OR 1, L_000001e2e9c7aba0, L_000001e2e9c54710, C4<0>, C4<0>;
L_000001e2e9d023c0 .functor AND 1, L_000001e2e9cfe9c0, L_000001e2e9c7b070, C4<1>, C4<1>;
L_000001e2e9d02a50 .functor OR 1, L_000001e2e9d01a20, L_000001e2e9d023c0, C4<0>, C4<0>;
v000001e2e9c7c180_0 .net "Cin", 0 0, L_000001e2e9c7b070;  alias, 1 drivers
v000001e2e9c7cfe0_0 .net "Cout", 0 0, L_000001e2e9d02a50;  alias, 1 drivers
v000001e2e9c7d1c0_0 .net *"_ivl_0", 0 0, L_000001e2e9c7aac0;  1 drivers
v000001e2e9c7c4a0_0 .net *"_ivl_10", 0 0, L_000001e2e9d023c0;  1 drivers
v000001e2e9c7c860_0 .net *"_ivl_4", 0 0, L_000001e2e9c7aba0;  1 drivers
v000001e2e9c7cd60_0 .net *"_ivl_6", 0 0, L_000001e2e9c54710;  1 drivers
v000001e2e9c7c220_0 .net *"_ivl_8", 0 0, L_000001e2e9d01a20;  1 drivers
v000001e2e9c7d4e0_0 .net "inputP", 0 0, L_000001e2e9cfe9c0;  1 drivers
v000001e2e9c7d580_0 .net "inputQ", 0 0, L_000001e2e9c7add0;  alias, 1 drivers
v000001e2e9c7c900_0 .net "outAddSub", 0 0, L_000001e2e9c7ab30;  1 drivers
S_000001e2e9be5790 .scope module, "fa10" "full_adder" 5 72, 5 100 0, S_000001e2e9be4dd0;
 .timescale 0 0;
    .port_info 0 /OUTPUT 1 "outAddSub";
    .port_info 1 /OUTPUT 1 "Cout";
    .port_info 2 /INPUT 1 "inputP";
    .port_info 3 /INPUT 1 "inputQ";
    .port_info 4 /INPUT 1 "Cin";
L_000001e2e9d02c80 .functor XOR 1, L_000001e2e9cfcbc0, L_000001e2e9c7b460, C4<0>, C4<0>;
L_000001e2e9d01320 .functor XOR 1, L_000001e2e9d02c80, L_000001e2e9d02ba0, C4<0>, C4<0>;
L_000001e2e9d01390 .functor AND 1, L_000001e2e9cfcbc0, L_000001e2e9c7b460, C4<1>, C4<1>;
L_000001e2e9d014e0 .functor AND 1, L_000001e2e9c7b460, L_000001e2e9d02ba0, C4<1>, C4<1>;
L_000001e2e9d01550 .functor OR 1, L_000001e2e9d01390, L_000001e2e9d014e0, C4<0>, C4<0>;
L_000001e2e9d02e40 .functor AND 1, L_000001e2e9cfcbc0, L_000001e2e9d02ba0, C4<1>, C4<1>;
L_000001e2e9d02dd0 .functor OR 1, L_000001e2e9d01550, L_000001e2e9d02e40, C4<0>, C4<0>;
v000001e2e9c7ca40_0 .net "Cin", 0 0, L_000001e2e9d02ba0;  alias, 1 drivers
v000001e2e9c7c2c0_0 .net "Cout", 0 0, L_000001e2e9d02dd0;  alias, 1 drivers
v000001e2e9c7cea0_0 .net *"_ivl_0", 0 0, L_000001e2e9d02c80;  1 drivers
v000001e2e9c7dd00_0 .net *"_ivl_10", 0 0, L_000001e2e9d02e40;  1 drivers
v000001e2e9c7c400_0 .net *"_ivl_4", 0 0, L_000001e2e9d01390;  1 drivers
v000001e2e9c7cf40_0 .net *"_ivl_6", 0 0, L_000001e2e9d014e0;  1 drivers
v000001e2e9c7d760_0 .net *"_ivl_8", 0 0, L_000001e2e9d01550;  1 drivers
v000001e2e9c7d8a0_0 .net "inputP", 0 0, L_000001e2e9cfcbc0;  1 drivers
v000001e2e9c7d940_0 .net "inputQ", 0 0, L_000001e2e9c7b460;  alias, 1 drivers
v000001e2e9c7d9e0_0 .net "outAddSub", 0 0, L_000001e2e9d01320;  1 drivers
S_000001e2e9be5920 .scope module, "fa11" "full_adder" 5 73, 5 100 0, S_000001e2e9be4dd0;
 .timescale 0 0;
    .port_info 0 /OUTPUT 1 "outAddSub";
    .port_info 1 /OUTPUT 1 "Cout";
    .port_info 2 /INPUT 1 "inputP";
    .port_info 3 /INPUT 1 "inputQ";
    .port_info 4 /INPUT 1 "Cin";
L_000001e2e9d02f90 .functor XOR 1, L_000001e2e9cfc080, L_000001e2e9c7b700, C4<0>, C4<0>;
L_000001e2e9d02eb0 .functor XOR 1, L_000001e2e9d02f90, L_000001e2e9d02dd0, C4<0>, C4<0>;
L_000001e2e9d02cf0 .functor AND 1, L_000001e2e9cfc080, L_000001e2e9c7b700, C4<1>, C4<1>;
L_000001e2e9d03000 .functor AND 1, L_000001e2e9c7b700, L_000001e2e9d02dd0, C4<1>, C4<1>;
L_000001e2e9d02d60 .functor OR 1, L_000001e2e9d02cf0, L_000001e2e9d03000, C4<0>, C4<0>;
L_000001e2e9d02f20 .functor AND 1, L_000001e2e9cfc080, L_000001e2e9d02dd0, C4<1>, C4<1>;
L_000001e2e9d043d0 .functor OR 1, L_000001e2e9d02d60, L_000001e2e9d02f20, C4<0>, C4<0>;
v000001e2e9c7d080_0 .net "Cin", 0 0, L_000001e2e9d02dd0;  alias, 1 drivers
v000001e2e9c7c720_0 .net "Cout", 0 0, L_000001e2e9d043d0;  alias, 1 drivers
v000001e2e9c7da80_0 .net *"_ivl_0", 0 0, L_000001e2e9d02f90;  1 drivers
v000001e2e9c7dbc0_0 .net *"_ivl_10", 0 0, L_000001e2e9d02f20;  1 drivers
v000001e2e9c7be60_0 .net *"_ivl_4", 0 0, L_000001e2e9d02cf0;  1 drivers
v000001e2e9c7bf00_0 .net *"_ivl_6", 0 0, L_000001e2e9d03000;  1 drivers
v000001e2e9c7bfa0_0 .net *"_ivl_8", 0 0, L_000001e2e9d02d60;  1 drivers
v000001e2e9c7c040_0 .net "inputP", 0 0, L_000001e2e9cfc080;  1 drivers
v000001e2e9c7c0e0_0 .net "inputQ", 0 0, L_000001e2e9c7b700;  alias, 1 drivers
v000001e2e9c7c360_0 .net "outAddSub", 0 0, L_000001e2e9d02eb0;  1 drivers
S_000001e2e9be5ab0 .scope module, "fa12" "full_adder" 5 74, 5 100 0, S_000001e2e9be4dd0;
 .timescale 0 0;
    .port_info 0 /OUTPUT 1 "outAddSub";
    .port_info 1 /OUTPUT 1 "Cout";
    .port_info 2 /INPUT 1 "inputP";
    .port_info 3 /INPUT 1 "inputQ";
    .port_info 4 /INPUT 1 "Cin";
L_000001e2e9d041a0 .functor XOR 1, L_000001e2e9cfc4e0, L_000001e2e9c7b7e0, C4<0>, C4<0>;
L_000001e2e9d04910 .functor XOR 1, L_000001e2e9d041a0, L_000001e2e9d043d0, C4<0>, C4<0>;
L_000001e2e9d031e0 .functor AND 1, L_000001e2e9cfc4e0, L_000001e2e9c7b7e0, C4<1>, C4<1>;
L_000001e2e9d04280 .functor AND 1, L_000001e2e9c7b7e0, L_000001e2e9d043d0, C4<1>, C4<1>;
L_000001e2e9d03f70 .functor OR 1, L_000001e2e9d031e0, L_000001e2e9d04280, C4<0>, C4<0>;
L_000001e2e9d049f0 .functor AND 1, L_000001e2e9cfc4e0, L_000001e2e9d043d0, C4<1>, C4<1>;
L_000001e2e9d04980 .functor OR 1, L_000001e2e9d03f70, L_000001e2e9d049f0, C4<0>, C4<0>;
v000001e2e9c7c7c0_0 .net "Cin", 0 0, L_000001e2e9d043d0;  alias, 1 drivers
v000001e2e9c5d700_0 .net "Cout", 0 0, L_000001e2e9d04980;  alias, 1 drivers
v000001e2e9ce9000_0 .net *"_ivl_0", 0 0, L_000001e2e9d041a0;  1 drivers
v000001e2e9ce9dc0_0 .net *"_ivl_10", 0 0, L_000001e2e9d049f0;  1 drivers
v000001e2e9ce98c0_0 .net *"_ivl_4", 0 0, L_000001e2e9d031e0;  1 drivers
v000001e2e9ce93c0_0 .net *"_ivl_6", 0 0, L_000001e2e9d04280;  1 drivers
v000001e2e9ce8e20_0 .net *"_ivl_8", 0 0, L_000001e2e9d03f70;  1 drivers
v000001e2e9ce8060_0 .net "inputP", 0 0, L_000001e2e9cfc4e0;  1 drivers
v000001e2e9ce9e60_0 .net "inputQ", 0 0, L_000001e2e9c7b7e0;  alias, 1 drivers
v000001e2e9ce8ec0_0 .net "outAddSub", 0 0, L_000001e2e9d04910;  1 drivers
S_000001e2e9bce5d0 .scope module, "fa13" "full_adder" 5 75, 5 100 0, S_000001e2e9be4dd0;
 .timescale 0 0;
    .port_info 0 /OUTPUT 1 "outAddSub";
    .port_info 1 /OUTPUT 1 "Cout";
    .port_info 2 /INPUT 1 "inputP";
    .port_info 3 /INPUT 1 "inputQ";
    .port_info 4 /INPUT 1 "Cin";
L_000001e2e9d04c90 .functor XOR 1, L_000001e2e9cfc580, L_000001e2e9c7af20, C4<0>, C4<0>;
L_000001e2e9d03640 .functor XOR 1, L_000001e2e9d04c90, L_000001e2e9d04980, C4<0>, C4<0>;
L_000001e2e9d03950 .functor AND 1, L_000001e2e9cfc580, L_000001e2e9c7af20, C4<1>, C4<1>;
L_000001e2e9d03cd0 .functor AND 1, L_000001e2e9c7af20, L_000001e2e9d04980, C4<1>, C4<1>;
L_000001e2e9d03410 .functor OR 1, L_000001e2e9d03950, L_000001e2e9d03cd0, C4<0>, C4<0>;
L_000001e2e9d03b10 .functor AND 1, L_000001e2e9cfc580, L_000001e2e9d04980, C4<1>, C4<1>;
L_000001e2e9d04c20 .functor OR 1, L_000001e2e9d03410, L_000001e2e9d03b10, C4<0>, C4<0>;
v000001e2e9ce86a0_0 .net "Cin", 0 0, L_000001e2e9d04980;  alias, 1 drivers
v000001e2e9ce8ce0_0 .net "Cout", 0 0, L_000001e2e9d04c20;  alias, 1 drivers
v000001e2e9ce8ba0_0 .net *"_ivl_0", 0 0, L_000001e2e9d04c90;  1 drivers
v000001e2e9ce87e0_0 .net *"_ivl_10", 0 0, L_000001e2e9d03b10;  1 drivers
v000001e2e9ce9460_0 .net *"_ivl_4", 0 0, L_000001e2e9d03950;  1 drivers
v000001e2e9ce9140_0 .net *"_ivl_6", 0 0, L_000001e2e9d03cd0;  1 drivers
v000001e2e9ce8b00_0 .net *"_ivl_8", 0 0, L_000001e2e9d03410;  1 drivers
v000001e2e9ce9c80_0 .net "inputP", 0 0, L_000001e2e9cfc580;  1 drivers
v000001e2e9ce8c40_0 .net "inputQ", 0 0, L_000001e2e9c7af20;  alias, 1 drivers
v000001e2e9ce9820_0 .net "outAddSub", 0 0, L_000001e2e9d03640;  1 drivers
S_000001e2e9bce760 .scope module, "fa14" "full_adder" 5 76, 5 100 0, S_000001e2e9be4dd0;
 .timescale 0 0;
    .port_info 0 /OUTPUT 1 "outAddSub";
    .port_info 1 /OUTPUT 1 "Cout";
    .port_info 2 /INPUT 1 "inputP";
    .port_info 3 /INPUT 1 "inputQ";
    .port_info 4 /INPUT 1 "Cin";
L_000001e2e9d033a0 .functor XOR 1, L_000001e2e9cfb0e0, L_000001e2e9c7b4d0, C4<0>, C4<0>;
L_000001e2e9d044b0 .functor XOR 1, L_000001e2e9d033a0, L_000001e2e9d04c20, C4<0>, C4<0>;
L_000001e2e9d04130 .functor AND 1, L_000001e2e9cfb0e0, L_000001e2e9c7b4d0, C4<1>, C4<1>;
L_000001e2e9d03bf0 .functor AND 1, L_000001e2e9c7b4d0, L_000001e2e9d04c20, C4<1>, C4<1>;
L_000001e2e9d036b0 .functor OR 1, L_000001e2e9d04130, L_000001e2e9d03bf0, C4<0>, C4<0>;
L_000001e2e9d03100 .functor AND 1, L_000001e2e9cfb0e0, L_000001e2e9d04c20, C4<1>, C4<1>;
L_000001e2e9d03e20 .functor OR 1, L_000001e2e9d036b0, L_000001e2e9d03100, C4<0>, C4<0>;
v000001e2e9ce81a0_0 .net "Cin", 0 0, L_000001e2e9d04c20;  alias, 1 drivers
v000001e2e9ce9500_0 .net "Cout", 0 0, L_000001e2e9d03e20;  alias, 1 drivers
v000001e2e9ce8100_0 .net *"_ivl_0", 0 0, L_000001e2e9d033a0;  1 drivers
v000001e2e9ce9960_0 .net *"_ivl_10", 0 0, L_000001e2e9d03100;  1 drivers
v000001e2e9ce8f60_0 .net *"_ivl_4", 0 0, L_000001e2e9d04130;  1 drivers
v000001e2e9ce8880_0 .net *"_ivl_6", 0 0, L_000001e2e9d03bf0;  1 drivers
v000001e2e9ce8740_0 .net *"_ivl_8", 0 0, L_000001e2e9d036b0;  1 drivers
v000001e2e9ce9d20_0 .net "inputP", 0 0, L_000001e2e9cfb0e0;  1 drivers
v000001e2e9ce89c0_0 .net "inputQ", 0 0, L_000001e2e9c7b4d0;  alias, 1 drivers
v000001e2e9ce9f00_0 .net "outAddSub", 0 0, L_000001e2e9d044b0;  1 drivers
S_000001e2e9bce8f0 .scope module, "fa15" "full_adder" 5 77, 5 100 0, S_000001e2e9be4dd0;
 .timescale 0 0;
    .port_info 0 /OUTPUT 1 "outAddSub";
    .port_info 1 /OUTPUT 1 "Cout";
    .port_info 2 /INPUT 1 "inputP";
    .port_info 3 /INPUT 1 "inputQ";
    .port_info 4 /INPUT 1 "Cin";
L_000001e2e9d03d40 .functor XOR 1, L_000001e2e9cfb720, L_000001e2e9c7b0e0, C4<0>, C4<0>;
L_000001e2e9d03db0 .functor XOR 1, L_000001e2e9d03d40, L_000001e2e9d03e20, C4<0>, C4<0>;
L_000001e2e9d04a60 .functor AND 1, L_000001e2e9cfb720, L_000001e2e9c7b0e0, C4<1>, C4<1>;
L_000001e2e9d04520 .functor AND 1, L_000001e2e9c7b0e0, L_000001e2e9d03e20, C4<1>, C4<1>;
L_000001e2e9d04360 .functor OR 1, L_000001e2e9d04a60, L_000001e2e9d04520, C4<0>, C4<0>;
L_000001e2e9d03e90 .functor AND 1, L_000001e2e9cfb720, L_000001e2e9d03e20, C4<1>, C4<1>;
L_000001e2e9d03b80 .functor OR 1, L_000001e2e9d04360, L_000001e2e9d03e90, C4<0>, C4<0>;
v000001e2e9ce8d80_0 .net "Cin", 0 0, L_000001e2e9d03e20;  alias, 1 drivers
v000001e2e9ce8240_0 .net "Cout", 0 0, L_000001e2e9d03b80;  alias, 1 drivers
v000001e2e9ce8a60_0 .net *"_ivl_0", 0 0, L_000001e2e9d03d40;  1 drivers
v000001e2e9ce9320_0 .net *"_ivl_10", 0 0, L_000001e2e9d03e90;  1 drivers
v000001e2e9ce9640_0 .net *"_ivl_4", 0 0, L_000001e2e9d04a60;  1 drivers
v000001e2e9ce8380_0 .net *"_ivl_6", 0 0, L_000001e2e9d04520;  1 drivers
v000001e2e9ce90a0_0 .net *"_ivl_8", 0 0, L_000001e2e9d04360;  1 drivers
v000001e2e9ce95a0_0 .net "inputP", 0 0, L_000001e2e9cfb720;  1 drivers
v000001e2e9ce82e0_0 .net "inputQ", 0 0, L_000001e2e9c7b0e0;  alias, 1 drivers
v000001e2e9ce8420_0 .net "outAddSub", 0 0, L_000001e2e9d03db0;  1 drivers
S_000001e2e9bcdc60 .scope module, "fa2" "full_adder" 5 64, 5 100 0, S_000001e2e9be4dd0;
 .timescale 0 0;
    .port_info 0 /OUTPUT 1 "outAddSub";
    .port_info 1 /OUTPUT 1 "Cout";
    .port_info 2 /INPUT 1 "inputP";
    .port_info 3 /INPUT 1 "inputQ";
    .port_info 4 /INPUT 1 "Cin";
L_000001e2e9d02890 .functor XOR 1, L_000001e2e9cfeba0, L_000001e2e9c7b230, C4<0>, C4<0>;
L_000001e2e9d018d0 .functor XOR 1, L_000001e2e9d02890, L_000001e2e9d02a50, C4<0>, C4<0>;
L_000001e2e9d01710 .functor AND 1, L_000001e2e9cfeba0, L_000001e2e9c7b230, C4<1>, C4<1>;
L_000001e2e9d01ef0 .functor AND 1, L_000001e2e9c7b230, L_000001e2e9d02a50, C4<1>, C4<1>;
L_000001e2e9d01be0 .functor OR 1, L_000001e2e9d01710, L_000001e2e9d01ef0, C4<0>, C4<0>;
L_000001e2e9d01400 .functor AND 1, L_000001e2e9cfeba0, L_000001e2e9d02a50, C4<1>, C4<1>;
L_000001e2e9d02190 .functor OR 1, L_000001e2e9d01be0, L_000001e2e9d01400, C4<0>, C4<0>;
v000001e2e9ce91e0_0 .net "Cin", 0 0, L_000001e2e9d02a50;  alias, 1 drivers
v000001e2e9ce9be0_0 .net "Cout", 0 0, L_000001e2e9d02190;  alias, 1 drivers
v000001e2e9ce84c0_0 .net *"_ivl_0", 0 0, L_000001e2e9d02890;  1 drivers
v000001e2e9ce96e0_0 .net *"_ivl_10", 0 0, L_000001e2e9d01400;  1 drivers
v000001e2e9ce8920_0 .net *"_ivl_4", 0 0, L_000001e2e9d01710;  1 drivers
v000001e2e9ce9280_0 .net *"_ivl_6", 0 0, L_000001e2e9d01ef0;  1 drivers
v000001e2e9ce8560_0 .net *"_ivl_8", 0 0, L_000001e2e9d01be0;  1 drivers
v000001e2e9ce8600_0 .net "inputP", 0 0, L_000001e2e9cfeba0;  1 drivers
v000001e2e9ce9780_0 .net "inputQ", 0 0, L_000001e2e9c7b230;  alias, 1 drivers
v000001e2e9ce9a00_0 .net "outAddSub", 0 0, L_000001e2e9d018d0;  1 drivers
S_000001e2e9bcddf0 .scope module, "fa3" "full_adder" 5 65, 5 100 0, S_000001e2e9be4dd0;
 .timescale 0 0;
    .port_info 0 /OUTPUT 1 "outAddSub";
    .port_info 1 /OUTPUT 1 "Cout";
    .port_info 2 /INPUT 1 "inputP";
    .port_info 3 /INPUT 1 "inputQ";
    .port_info 4 /INPUT 1 "Cin";
L_000001e2e9d015c0 .functor XOR 1, L_000001e2e9cfea60, L_000001e2e9c7b8c0, C4<0>, C4<0>;
L_000001e2e9d01940 .functor XOR 1, L_000001e2e9d015c0, L_000001e2e9d02190, C4<0>, C4<0>;
L_000001e2e9d02c10 .functor AND 1, L_000001e2e9cfea60, L_000001e2e9c7b8c0, C4<1>, C4<1>;
L_000001e2e9d01860 .functor AND 1, L_000001e2e9c7b8c0, L_000001e2e9d02190, C4<1>, C4<1>;
L_000001e2e9d01f60 .functor OR 1, L_000001e2e9d02c10, L_000001e2e9d01860, C4<0>, C4<0>;
L_000001e2e9d01160 .functor AND 1, L_000001e2e9cfea60, L_000001e2e9d02190, C4<1>, C4<1>;
L_000001e2e9d027b0 .functor OR 1, L_000001e2e9d01f60, L_000001e2e9d01160, C4<0>, C4<0>;
v000001e2e9ce9aa0_0 .net "Cin", 0 0, L_000001e2e9d02190;  alias, 1 drivers
v000001e2e9ce9b40_0 .net "Cout", 0 0, L_000001e2e9d027b0;  alias, 1 drivers
v000001e2e9cef510_0 .net *"_ivl_0", 0 0, L_000001e2e9d015c0;  1 drivers
v000001e2e9ceef70_0 .net *"_ivl_10", 0 0, L_000001e2e9d01160;  1 drivers
v000001e2e9cefab0_0 .net *"_ivl_4", 0 0, L_000001e2e9d02c10;  1 drivers
v000001e2e9cefa10_0 .net *"_ivl_6", 0 0, L_000001e2e9d01860;  1 drivers
v000001e2e9ceecf0_0 .net *"_ivl_8", 0 0, L_000001e2e9d01f60;  1 drivers
v000001e2e9cefc90_0 .net "inputP", 0 0, L_000001e2e9cfea60;  1 drivers
v000001e2e9cef010_0 .net "inputQ", 0 0, L_000001e2e9c7b8c0;  alias, 1 drivers
v000001e2e9cef650_0 .net "outAddSub", 0 0, L_000001e2e9d01940;  1 drivers
S_000001e2e9bcdf80 .scope module, "fa4" "full_adder" 5 66, 5 100 0, S_000001e2e9be4dd0;
 .timescale 0 0;
    .port_info 0 /OUTPUT 1 "outAddSub";
    .port_info 1 /OUTPUT 1 "Cout";
    .port_info 2 /INPUT 1 "inputP";
    .port_info 3 /INPUT 1 "inputQ";
    .port_info 4 /INPUT 1 "Cin";
L_000001e2e9d016a0 .functor XOR 1, L_000001e2e9cfe100, L_000001e2e9c7b690, C4<0>, C4<0>;
L_000001e2e9d01470 .functor XOR 1, L_000001e2e9d016a0, L_000001e2e9d027b0, C4<0>, C4<0>;
L_000001e2e9d02270 .functor AND 1, L_000001e2e9cfe100, L_000001e2e9c7b690, C4<1>, C4<1>;
L_000001e2e9d01d30 .functor AND 1, L_000001e2e9c7b690, L_000001e2e9d027b0, C4<1>, C4<1>;
L_000001e2e9d01b00 .functor OR 1, L_000001e2e9d02270, L_000001e2e9d01d30, C4<0>, C4<0>;
L_000001e2e9d01da0 .functor AND 1, L_000001e2e9cfe100, L_000001e2e9d027b0, C4<1>, C4<1>;
L_000001e2e9d019b0 .functor OR 1, L_000001e2e9d01b00, L_000001e2e9d01da0, C4<0>, C4<0>;
v000001e2e9ceed90_0 .net "Cin", 0 0, L_000001e2e9d027b0;  alias, 1 drivers
v000001e2e9cee9d0_0 .net "Cout", 0 0, L_000001e2e9d019b0;  alias, 1 drivers
v000001e2e9ceea70_0 .net *"_ivl_0", 0 0, L_000001e2e9d016a0;  1 drivers
v000001e2e9cef5b0_0 .net *"_ivl_10", 0 0, L_000001e2e9d01da0;  1 drivers
v000001e2e9cef6f0_0 .net *"_ivl_4", 0 0, L_000001e2e9d02270;  1 drivers
v000001e2e9cee890_0 .net *"_ivl_6", 0 0, L_000001e2e9d01d30;  1 drivers
v000001e2e9cefb50_0 .net *"_ivl_8", 0 0, L_000001e2e9d01b00;  1 drivers
v000001e2e9cef830_0 .net "inputP", 0 0, L_000001e2e9cfe100;  1 drivers
v000001e2e9cef790_0 .net "inputQ", 0 0, L_000001e2e9c7b690;  alias, 1 drivers
v000001e2e9ceeed0_0 .net "outAddSub", 0 0, L_000001e2e9d01470;  1 drivers
S_000001e2e9bc9310 .scope module, "fa5" "full_adder" 5 67, 5 100 0, S_000001e2e9be4dd0;
 .timescale 0 0;
    .port_info 0 /OUTPUT 1 "outAddSub";
    .port_info 1 /OUTPUT 1 "Cout";
    .port_info 2 /INPUT 1 "inputP";
    .port_info 3 /INPUT 1 "inputQ";
    .port_info 4 /INPUT 1 "Cin";
L_000001e2e9d02200 .functor XOR 1, L_000001e2e9cfec40, L_000001e2e9c7b310, C4<0>, C4<0>;
L_000001e2e9d02820 .functor XOR 1, L_000001e2e9d02200, L_000001e2e9d019b0, C4<0>, C4<0>;
L_000001e2e9d02430 .functor AND 1, L_000001e2e9cfec40, L_000001e2e9c7b310, C4<1>, C4<1>;
L_000001e2e9d02040 .functor AND 1, L_000001e2e9c7b310, L_000001e2e9d019b0, C4<1>, C4<1>;
L_000001e2e9d029e0 .functor OR 1, L_000001e2e9d02430, L_000001e2e9d02040, C4<0>, C4<0>;
L_000001e2e9d02660 .functor AND 1, L_000001e2e9cfec40, L_000001e2e9d019b0, C4<1>, C4<1>;
L_000001e2e9d02580 .functor OR 1, L_000001e2e9d029e0, L_000001e2e9d02660, C4<0>, C4<0>;
v000001e2e9cef330_0 .net "Cin", 0 0, L_000001e2e9d019b0;  alias, 1 drivers
v000001e2e9cef0b0_0 .net "Cout", 0 0, L_000001e2e9d02580;  alias, 1 drivers
v000001e2e9cef8d0_0 .net *"_ivl_0", 0 0, L_000001e2e9d02200;  1 drivers
v000001e2e9cef970_0 .net *"_ivl_10", 0 0, L_000001e2e9d02660;  1 drivers
v000001e2e9cefbf0_0 .net *"_ivl_4", 0 0, L_000001e2e9d02430;  1 drivers
v000001e2e9cef3d0_0 .net *"_ivl_6", 0 0, L_000001e2e9d02040;  1 drivers
v000001e2e9cee930_0 .net *"_ivl_8", 0 0, L_000001e2e9d029e0;  1 drivers
v000001e2e9cefe70_0 .net "inputP", 0 0, L_000001e2e9cfec40;  1 drivers
v000001e2e9cef470_0 .net "inputQ", 0 0, L_000001e2e9c7b310;  alias, 1 drivers
v000001e2e9cef150_0 .net "outAddSub", 0 0, L_000001e2e9d02820;  1 drivers
S_000001e2e9c7eaf0 .scope module, "fa6" "full_adder" 5 68, 5 100 0, S_000001e2e9be4dd0;
 .timescale 0 0;
    .port_info 0 /OUTPUT 1 "outAddSub";
    .port_info 1 /OUTPUT 1 "Cout";
    .port_info 2 /INPUT 1 "inputP";
    .port_info 3 /INPUT 1 "inputQ";
    .port_info 4 /INPUT 1 "Cin";
L_000001e2e9d01a90 .functor XOR 1, L_000001e2e9cfe1a0, L_000001e2e9c7b540, C4<0>, C4<0>;
L_000001e2e9d01e10 .functor XOR 1, L_000001e2e9d01a90, L_000001e2e9d02580, C4<0>, C4<0>;
L_000001e2e9d020b0 .functor AND 1, L_000001e2e9cfe1a0, L_000001e2e9c7b540, C4<1>, C4<1>;
L_000001e2e9d01b70 .functor AND 1, L_000001e2e9c7b540, L_000001e2e9d02580, C4<1>, C4<1>;
L_000001e2e9d026d0 .functor OR 1, L_000001e2e9d020b0, L_000001e2e9d01b70, C4<0>, C4<0>;
L_000001e2e9d01630 .functor AND 1, L_000001e2e9cfe1a0, L_000001e2e9d02580, C4<1>, C4<1>;
L_000001e2e9d02900 .functor OR 1, L_000001e2e9d026d0, L_000001e2e9d01630, C4<0>, C4<0>;
v000001e2e9cefd30_0 .net "Cin", 0 0, L_000001e2e9d02580;  alias, 1 drivers
v000001e2e9ceeb10_0 .net "Cout", 0 0, L_000001e2e9d02900;  alias, 1 drivers
v000001e2e9ceebb0_0 .net *"_ivl_0", 0 0, L_000001e2e9d01a90;  1 drivers
v000001e2e9cefdd0_0 .net *"_ivl_10", 0 0, L_000001e2e9d01630;  1 drivers
v000001e2e9ceee30_0 .net *"_ivl_4", 0 0, L_000001e2e9d020b0;  1 drivers
v000001e2e9cef1f0_0 .net *"_ivl_6", 0 0, L_000001e2e9d01b70;  1 drivers
v000001e2e9ceec50_0 .net *"_ivl_8", 0 0, L_000001e2e9d026d0;  1 drivers
v000001e2e9cef290_0 .net "inputP", 0 0, L_000001e2e9cfe1a0;  1 drivers
v000001e2e9ceff10_0 .net "inputQ", 0 0, L_000001e2e9c7b540;  alias, 1 drivers
v000001e2e9cece50_0 .net "outAddSub", 0 0, L_000001e2e9d01e10;  1 drivers
S_000001e2e9c7e000 .scope module, "fa7" "full_adder" 5 69, 5 100 0, S_000001e2e9be4dd0;
 .timescale 0 0;
    .port_info 0 /OUTPUT 1 "outAddSub";
    .port_info 1 /OUTPUT 1 "Cout";
    .port_info 2 /INPUT 1 "inputP";
    .port_info 3 /INPUT 1 "inputQ";
    .port_info 4 /INPUT 1 "Cin";
L_000001e2e9d010f0 .functor XOR 1, L_000001e2e9cfbc20, L_000001e2e9c7b380, C4<0>, C4<0>;
L_000001e2e9d01fd0 .functor XOR 1, L_000001e2e9d010f0, L_000001e2e9d02900, C4<0>, C4<0>;
L_000001e2e9d02120 .functor AND 1, L_000001e2e9cfbc20, L_000001e2e9c7b380, C4<1>, C4<1>;
L_000001e2e9d011d0 .functor AND 1, L_000001e2e9c7b380, L_000001e2e9d02900, C4<1>, C4<1>;
L_000001e2e9d01c50 .functor OR 1, L_000001e2e9d02120, L_000001e2e9d011d0, C4<0>, C4<0>;
L_000001e2e9d022e0 .functor AND 1, L_000001e2e9cfbc20, L_000001e2e9d02900, C4<1>, C4<1>;
L_000001e2e9d02ac0 .functor OR 1, L_000001e2e9d01c50, L_000001e2e9d022e0, C4<0>, C4<0>;
v000001e2e9cecf90_0 .net "Cin", 0 0, L_000001e2e9d02900;  alias, 1 drivers
v000001e2e9cedb70_0 .net "Cout", 0 0, L_000001e2e9d02ac0;  alias, 1 drivers
v000001e2e9ced8f0_0 .net *"_ivl_0", 0 0, L_000001e2e9d010f0;  1 drivers
v000001e2e9ced030_0 .net *"_ivl_10", 0 0, L_000001e2e9d022e0;  1 drivers
v000001e2e9cecef0_0 .net *"_ivl_4", 0 0, L_000001e2e9d02120;  1 drivers
v000001e2e9cec9f0_0 .net *"_ivl_6", 0 0, L_000001e2e9d011d0;  1 drivers
v000001e2e9ced350_0 .net *"_ivl_8", 0 0, L_000001e2e9d01c50;  1 drivers
v000001e2e9ced210_0 .net "inputP", 0 0, L_000001e2e9cfbc20;  1 drivers
v000001e2e9cec810_0 .net "inputQ", 0 0, L_000001e2e9c7b380;  alias, 1 drivers
v000001e2e9cee570_0 .net "outAddSub", 0 0, L_000001e2e9d01fd0;  1 drivers
S_000001e2e9c7e960 .scope module, "fa8" "full_adder" 5 70, 5 100 0, S_000001e2e9be4dd0;
 .timescale 0 0;
    .port_info 0 /OUTPUT 1 "outAddSub";
    .port_info 1 /OUTPUT 1 "Cout";
    .port_info 2 /INPUT 1 "inputP";
    .port_info 3 /INPUT 1 "inputQ";
    .port_info 4 /INPUT 1 "Cin";
L_000001e2e9d01240 .functor XOR 1, L_000001e2e9cfbf40, L_000001e2e9c7ae40, C4<0>, C4<0>;
L_000001e2e9d01cc0 .functor XOR 1, L_000001e2e9d01240, L_000001e2e9d02ac0, C4<0>, C4<0>;
L_000001e2e9d01780 .functor AND 1, L_000001e2e9cfbf40, L_000001e2e9c7ae40, C4<1>, C4<1>;
L_000001e2e9d012b0 .functor AND 1, L_000001e2e9c7ae40, L_000001e2e9d02ac0, C4<1>, C4<1>;
L_000001e2e9d017f0 .functor OR 1, L_000001e2e9d01780, L_000001e2e9d012b0, C4<0>, C4<0>;
L_000001e2e9d01e80 .functor AND 1, L_000001e2e9cfbf40, L_000001e2e9d02ac0, C4<1>, C4<1>;
L_000001e2e9d02350 .functor OR 1, L_000001e2e9d017f0, L_000001e2e9d01e80, C4<0>, C4<0>;
v000001e2e9ced3f0_0 .net "Cin", 0 0, L_000001e2e9d02ac0;  alias, 1 drivers
v000001e2e9cec130_0 .net "Cout", 0 0, L_000001e2e9d02350;  alias, 1 drivers
v000001e2e9cee250_0 .net *"_ivl_0", 0 0, L_000001e2e9d01240;  1 drivers
v000001e2e9cec450_0 .net *"_ivl_10", 0 0, L_000001e2e9d01e80;  1 drivers
v000001e2e9cec090_0 .net *"_ivl_4", 0 0, L_000001e2e9d01780;  1 drivers
v000001e2e9cedc10_0 .net *"_ivl_6", 0 0, L_000001e2e9d012b0;  1 drivers
v000001e2e9cee1b0_0 .net *"_ivl_8", 0 0, L_000001e2e9d017f0;  1 drivers
v000001e2e9ced490_0 .net "inputP", 0 0, L_000001e2e9cfbf40;  1 drivers
v000001e2e9ced0d0_0 .net "inputQ", 0 0, L_000001e2e9c7ae40;  alias, 1 drivers
v000001e2e9cedcb0_0 .net "outAddSub", 0 0, L_000001e2e9d01cc0;  1 drivers
S_000001e2e9c7ec80 .scope module, "fa9" "full_adder" 5 71, 5 100 0, S_000001e2e9be4dd0;
 .timescale 0 0;
    .port_info 0 /OUTPUT 1 "outAddSub";
    .port_info 1 /OUTPUT 1 "Cout";
    .port_info 2 /INPUT 1 "inputP";
    .port_info 3 /INPUT 1 "inputQ";
    .port_info 4 /INPUT 1 "Cin";
L_000001e2e9d024a0 .functor XOR 1, L_000001e2e9cfcf80, L_000001e2e9c7b5b0, C4<0>, C4<0>;
L_000001e2e9d02510 .functor XOR 1, L_000001e2e9d024a0, L_000001e2e9d02350, C4<0>, C4<0>;
L_000001e2e9d025f0 .functor AND 1, L_000001e2e9cfcf80, L_000001e2e9c7b5b0, C4<1>, C4<1>;
L_000001e2e9d02740 .functor AND 1, L_000001e2e9c7b5b0, L_000001e2e9d02350, C4<1>, C4<1>;
L_000001e2e9d02970 .functor OR 1, L_000001e2e9d025f0, L_000001e2e9d02740, C4<0>, C4<0>;
L_000001e2e9d02b30 .functor AND 1, L_000001e2e9cfcf80, L_000001e2e9d02350, C4<1>, C4<1>;
L_000001e2e9d02ba0 .functor OR 1, L_000001e2e9d02970, L_000001e2e9d02b30, C4<0>, C4<0>;
v000001e2e9ced990_0 .net "Cin", 0 0, L_000001e2e9d02350;  alias, 1 drivers
v000001e2e9ced2b0_0 .net "Cout", 0 0, L_000001e2e9d02ba0;  alias, 1 drivers
v000001e2e9cec1d0_0 .net *"_ivl_0", 0 0, L_000001e2e9d024a0;  1 drivers
v000001e2e9cee110_0 .net *"_ivl_10", 0 0, L_000001e2e9d02b30;  1 drivers
v000001e2e9cedd50_0 .net *"_ivl_4", 0 0, L_000001e2e9d025f0;  1 drivers
v000001e2e9cee2f0_0 .net *"_ivl_6", 0 0, L_000001e2e9d02740;  1 drivers
v000001e2e9cec6d0_0 .net *"_ivl_8", 0 0, L_000001e2e9d02970;  1 drivers
v000001e2e9cee390_0 .net "inputP", 0 0, L_000001e2e9cfcf80;  1 drivers
v000001e2e9cec270_0 .net "inputQ", 0 0, L_000001e2e9c7b5b0;  alias, 1 drivers
v000001e2e9cec310_0 .net "outAddSub", 0 0, L_000001e2e9d02510;  1 drivers
S_000001e2e9c7de70 .scope module, "inst2" "Modulo" 3 102, 5 192 0, S_000001e2e9be4ab0;
 .timescale 0 0;
    .port_info 0 /INPUT 32 "inputP";
    .port_info 1 /INPUT 32 "inputQ";
    .port_info 2 /OUTPUT 32 "outMod";
    .port_info 3 /OUTPUT 1 "divZero";
v000001e2e9cf2260_0 .var "divZero", 0 0;
v000001e2e9cf0fa0_0 .net "inputP", 31 0, v000001e2e9c7dc60_0;  alias, 1 drivers
v000001e2e9cf2760_0 .net "inputQ", 31 0, v000001e2e9cfdac0_0;  alias, 1 drivers
v000001e2e9cf14a0_0 .var "outMod", 31 0;
E_000001e2e9c6d800 .event anyedge, v000001e2e9cf2260_0, v000001e2e9cf2760_0;
E_000001e2e9c6ce40 .event anyedge, v000001e2e9cf14a0_0, v000001e2e9cf2760_0, v000001e2e9c7dc60_0;
S_000001e2e9c7e190 .scope module, "inst3" "Division" 3 103, 5 144 0, S_000001e2e9be4ab0;
 .timescale 0 0;
    .port_info 0 /INPUT 32 "inputP";
    .port_info 1 /INPUT 32 "inputQ";
    .port_info 2 /OUTPUT 32 "quotient";
    .port_info 3 /OUTPUT 1 "divideByZero";
v000001e2e9cf1cc0_0 .var "divideByZero", 0 0;
v000001e2e9cf10e0_0 .net "inputP", 31 0, v000001e2e9c7dc60_0;  alias, 1 drivers
v000001e2e9cf0be0_0 .net "inputQ", 31 0, v000001e2e9cfdac0_0;  alias, 1 drivers
v000001e2e9cf0500_0 .var "quotient", 31 0;
E_000001e2e9c6cc80 .event anyedge, v000001e2e9cf0500_0, v000001e2e9cf2760_0, v000001e2e9c7dc60_0;
E_000001e2e9c6cec0 .event anyedge, v000001e2e9cf1cc0_0, v000001e2e9cf2760_0;
S_000001e2e9c7e320 .scope module, "inst4" "Multiplication" 3 104, 5 229 0, S_000001e2e9be4ab0;
 .timescale 0 0;
    .port_info 0 /INPUT 32 "inputP";
    .port_info 1 /INPUT 32 "inputQ";
    .port_info 2 /OUTPUT 32 "product";
v000001e2e9cf1180_0 .net "inputP", 31 0, v000001e2e9cfdac0_0;  alias, 1 drivers
v000001e2e9cf0e60_0 .net "inputQ", 31 0, v000001e2e9c7dc60_0;  alias, 1 drivers
v000001e2e9cf1d60_0 .var "product", 31 0;
E_000001e2e9c6da00 .event anyedge, v000001e2e9cf1d60_0, v000001e2e9c7dc60_0, v000001e2e9cf2760_0;
S_000001e2e9c7e4b0 .scope module, "inst5" "Decoder" 3 105, 6 17 0, S_000001e2e9be4ab0;
 .timescale 0 0;
    .port_info 0 /INPUT 4 "opCode";
    .port_info 1 /OUTPUT 16 "hotselect";
v000001e2e9cf17c0_0 .var "hotselect", 15 0;
v000001e2e9cf1860_0 .net "opCode", 3 0, v000001e2e9cfda20_0;  alias, 1 drivers
S_000001e2e9c7e640 .scope module, "inst6" "ErrorModule" 3 106, 6 104 0, S_000001e2e9be4ab0;
 .timescale 0 0;
    .port_info 0 /INPUT 1 "overflow";
    .port_info 1 /INPUT 1 "dividebyzeroDiv";
    .port_info 2 /INPUT 1 "dividebyzeroMod";
    .port_info 3 /OUTPUT 2 "errorCode";
L_000001e2e9d03c60 .functor OR 1, v000001e2e9cf1cc0_0, v000001e2e9cf2260_0, C4<0>, C4<0>;
L_000001e2e9d03250 .functor BUFZ 1, L_000001e2e9d038e0, C4<0>, C4<0>, C4<0>;
v000001e2e9cf1ea0_0 .net *"_ivl_3", 0 0, L_000001e2e9d03c60;  1 drivers
v000001e2e9cf23a0_0 .net *"_ivl_8", 0 0, L_000001e2e9d03250;  1 drivers
v000001e2e9cf0140_0 .net "dividebyzeroDiv", 0 0, v000001e2e9cf1cc0_0;  alias, 1 drivers
v000001e2e9cf2440_0 .net "dividebyzeroMod", 0 0, v000001e2e9cf2260_0;  alias, 1 drivers
v000001e2e9cf2580_0 .net "errorCode", 1 0, L_000001e2e9cfb7c0;  alias, 1 drivers
v000001e2e9cf2620_0 .net "overflow", 0 0, L_000001e2e9d038e0;  alias, 1 drivers
L_000001e2e9cfb7c0 .concat8 [ 1 1 0 0], L_000001e2e9d03c60, L_000001e2e9d03250;
S_000001e2e9c7e7d0 .scope module, "inst7" "Multiplexer" 3 119, 6 62 0, S_000001e2e9be4ab0;
 .timescale 0 0;
    .port_info 0 /INPUT 512 "channels";
    .port_info 1 /INPUT 16 "hotselect";
    .port_info 2 /OUTPUT 32 "muxout";
L_000001e2e9d039c0 .functor AND 32, L_000001e2e9cfd7a0, L_000001e2e9cfc300, C4<11111111111111111111111111111111>, C4<11111111111111111111111111111111>;
L_000001e2e9d04590 .functor AND 32, L_000001e2e9cfc620, L_000001e2e9cfb860, C4<11111111111111111111111111111111>, C4<11111111111111111111111111111111>;
L_000001e2e9d03170 .functor OR 32, L_000001e2e9d039c0, L_000001e2e9d04590, C4<00000000000000000000000000000000>, C4<00000000000000000000000000000000>;
L_000001e2e9d04600 .functor AND 32, L_000001e2e9cfc1c0, L_000001e2e9cfd0c0, C4<11111111111111111111111111111111>, C4<11111111111111111111111111111111>;
L_000001e2e9d04440 .functor OR 32, L_000001e2e9d03170, L_000001e2e9d04600, C4<00000000000000000000000000000000>, C4<00000000000000000000000000000000>;
L_000001e2e9d047c0 .functor AND 32, L_000001e2e9cfcd00, L_000001e2e9cfb900, C4<11111111111111111111111111111111>, C4<11111111111111111111111111111111>;
L_000001e2e9d04670 .functor OR 32, L_000001e2e9d04440, L_000001e2e9d047c0, C4<00000000000000000000000000000000>, C4<00000000000000000000000000000000>;
L_000001e2e9d032c0 .functor AND 32, L_000001e2e9cfba40, L_000001e2e9cfc6c0, C4<11111111111111111111111111111111>, C4<11111111111111111111111111111111>;
L_000001e2e9d03330 .functor OR 32, L_000001e2e9d04670, L_000001e2e9d032c0, C4<00000000000000000000000000000000>, C4<00000000000000000000000000000000>;
L_000001e2e9d04210 .functor AND 32, L_000001e2e9cfce40, L_000001e2e9cfcda0, C4<11111111111111111111111111111111>, C4<11111111111111111111111111111111>;
L_000001e2e9d03f00 .functor OR 32, L_000001e2e9d03330, L_000001e2e9d04210, C4<00000000000000000000000000000000>, C4<00000000000000000000000000000000>;
L_000001e2e9d03480 .functor AND 32, L_000001e2e9cfd480, L_000001e2e9cfbb80, C4<11111111111111111111111111111111>, C4<11111111111111111111111111111111>;
L_000001e2e9d03fe0 .functor OR 32, L_000001e2e9d03f00, L_000001e2e9d03480, C4<00000000000000000000000000000000>, C4<00000000000000000000000000000000>;
L_000001e2e9d034f0 .functor AND 32, L_000001e2e9cfd160, L_000001e2e9cfb180, C4<11111111111111111111111111111111>, C4<11111111111111111111111111111111>;
L_000001e2e9d04ad0 .functor OR 32, L_000001e2e9d03fe0, L_000001e2e9d034f0, C4<00000000000000000000000000000000>, C4<00000000000000000000000000000000>;
L_000001e2e9d03560 .functor AND 32, L_000001e2e9cfc760, L_000001e2e9cfd660, C4<11111111111111111111111111111111>, C4<11111111111111111111111111111111>;
L_000001e2e9d04050 .functor OR 32, L_000001e2e9d04ad0, L_000001e2e9d03560, C4<00000000000000000000000000000000>, C4<00000000000000000000000000000000>;
L_000001e2e9d03720 .functor AND 32, L_000001e2e9cfcc60, L_000001e2e9cfd200, C4<11111111111111111111111111111111>, C4<11111111111111111111111111111111>;
L_000001e2e9d035d0 .functor OR 32, L_000001e2e9d04050, L_000001e2e9d03720, C4<00000000000000000000000000000000>, C4<00000000000000000000000000000000>;
L_000001e2e9d03790 .functor AND 32, L_000001e2e9cfb220, L_000001e2e9cfc800, C4<11111111111111111111111111111111>, C4<11111111111111111111111111111111>;
L_000001e2e9d03800 .functor OR 32, L_000001e2e9d035d0, L_000001e2e9d03790, C4<00000000000000000000000000000000>, C4<00000000000000000000000000000000>;
L_000001e2e9d03870 .functor AND 32, L_000001e2e9cfbe00, L_000001e2e9cfbea0, C4<11111111111111111111111111111111>, C4<11111111111111111111111111111111>;
L_000001e2e9d03a30 .functor OR 32, L_000001e2e9d03800, L_000001e2e9d03870, C4<00000000000000000000000000000000>, C4<00000000000000000000000000000000>;
L_000001e2e9d03aa0 .functor AND 32, L_000001e2e9cfc440, L_000001e2e9cfb540, C4<11111111111111111111111111111111>, C4<11111111111111111111111111111111>;
L_000001e2e9d040c0 .functor OR 32, L_000001e2e9d03a30, L_000001e2e9d03aa0, C4<00000000000000000000000000000000>, C4<00000000000000000000000000000000>;
L_000001e2e9d042f0 .functor AND 32, L_000001e2e9cfc940, L_000001e2e9cfd340, C4<11111111111111111111111111111111>, C4<11111111111111111111111111111111>;
L_000001e2e9d046e0 .functor OR 32, L_000001e2e9d040c0, L_000001e2e9d042f0, C4<00000000000000000000000000000000>, C4<00000000000000000000000000000000>;
L_000001e2e9d04750 .functor AND 32, L_000001e2e9cfd840, L_000001e2e9cfb2c0, C4<11111111111111111111111111111111>, C4<11111111111111111111111111111111>;
L_000001e2e9d04830 .functor OR 32, L_000001e2e9d046e0, L_000001e2e9d04750, C4<00000000000000000000000000000000>, C4<00000000000000000000000000000000>;
L_000001e2e9d048a0 .functor AND 32, L_000001e2e9cfb360, L_000001e2e9cfb400, C4<11111111111111111111111111111111>, C4<11111111111111111111111111111111>;
L_000001e2e9d04b40 .functor OR 32, L_000001e2e9d04830, L_000001e2e9d048a0, C4<00000000000000000000000000000000>, C4<00000000000000000000000000000000>;
v000001e2e9cf26c0_0 .net *"_ivl_1", 0 0, L_000001e2e9cfd3e0;  1 drivers
v000001e2e9cf2800_0 .net *"_ivl_10", 31 0, L_000001e2e9cfc620;  1 drivers
v000001e2e9cf00a0_0 .net *"_ivl_100", 31 0, L_000001e2e9cfb220;  1 drivers
v000001e2e9cf0280_0 .net *"_ivl_103", 31 0, L_000001e2e9cfc800;  1 drivers
v000001e2e9cf0320_0 .net *"_ivl_104", 31 0, L_000001e2e9d03790;  1 drivers
v000001e2e9cf03c0_0 .net *"_ivl_106", 31 0, L_000001e2e9d03800;  1 drivers
v000001e2e9cf0460_0 .net *"_ivl_109", 0 0, L_000001e2e9cfcee0;  1 drivers
v000001e2e9cf3c00_0 .net *"_ivl_110", 31 0, L_000001e2e9cfbe00;  1 drivers
v000001e2e9cf2e40_0 .net *"_ivl_113", 31 0, L_000001e2e9cfbea0;  1 drivers
v000001e2e9cf28a0_0 .net *"_ivl_114", 31 0, L_000001e2e9d03870;  1 drivers
v000001e2e9cf3840_0 .net *"_ivl_116", 31 0, L_000001e2e9d03a30;  1 drivers
v000001e2e9cf3d40_0 .net *"_ivl_119", 0 0, L_000001e2e9cfd2a0;  1 drivers
v000001e2e9cf2ee0_0 .net *"_ivl_120", 31 0, L_000001e2e9cfc440;  1 drivers
v000001e2e9cf3200_0 .net *"_ivl_123", 31 0, L_000001e2e9cfb540;  1 drivers
v000001e2e9cf38e0_0 .net *"_ivl_124", 31 0, L_000001e2e9d03aa0;  1 drivers
v000001e2e9cf2b20_0 .net *"_ivl_126", 31 0, L_000001e2e9d040c0;  1 drivers
v000001e2e9cf32a0_0 .net *"_ivl_129", 0 0, L_000001e2e9cfc8a0;  1 drivers
v000001e2e9cf2a80_0 .net *"_ivl_13", 31 0, L_000001e2e9cfb860;  1 drivers
v000001e2e9cf37a0_0 .net *"_ivl_130", 31 0, L_000001e2e9cfc940;  1 drivers
v000001e2e9cf3340_0 .net *"_ivl_133", 31 0, L_000001e2e9cfd340;  1 drivers
v000001e2e9cf2940_0 .net *"_ivl_134", 31 0, L_000001e2e9d042f0;  1 drivers
v000001e2e9cf29e0_0 .net *"_ivl_136", 31 0, L_000001e2e9d046e0;  1 drivers
v000001e2e9cf35c0_0 .net *"_ivl_139", 0 0, L_000001e2e9cfc9e0;  1 drivers
v000001e2e9cf3480_0 .net *"_ivl_14", 31 0, L_000001e2e9d04590;  1 drivers
v000001e2e9cf3980_0 .net *"_ivl_140", 31 0, L_000001e2e9cfd840;  1 drivers
v000001e2e9cf2bc0_0 .net *"_ivl_143", 31 0, L_000001e2e9cfb2c0;  1 drivers
v000001e2e9cf3520_0 .net *"_ivl_144", 31 0, L_000001e2e9d04750;  1 drivers
v000001e2e9cf2c60_0 .net *"_ivl_146", 31 0, L_000001e2e9d04830;  1 drivers
v000001e2e9cf3160_0 .net *"_ivl_149", 0 0, L_000001e2e9cfca80;  1 drivers
v000001e2e9cf2d00_0 .net *"_ivl_150", 31 0, L_000001e2e9cfb360;  1 drivers
v000001e2e9cf2f80_0 .net *"_ivl_153", 31 0, L_000001e2e9cfb400;  1 drivers
v000001e2e9cf3f20_0 .net *"_ivl_154", 31 0, L_000001e2e9d048a0;  1 drivers
v000001e2e9cf33e0_0 .net *"_ivl_16", 31 0, L_000001e2e9d03170;  1 drivers
v000001e2e9cf2da0_0 .net *"_ivl_19", 0 0, L_000001e2e9cfc260;  1 drivers
v000001e2e9cf3660_0 .net *"_ivl_2", 31 0, L_000001e2e9cfd7a0;  1 drivers
v000001e2e9cf3ac0_0 .net *"_ivl_20", 31 0, L_000001e2e9cfc1c0;  1 drivers
v000001e2e9cf3ca0_0 .net *"_ivl_23", 31 0, L_000001e2e9cfd0c0;  1 drivers
v000001e2e9cf3700_0 .net *"_ivl_24", 31 0, L_000001e2e9d04600;  1 drivers
v000001e2e9cf3020_0 .net *"_ivl_26", 31 0, L_000001e2e9d04440;  1 drivers
v000001e2e9cf3b60_0 .net *"_ivl_29", 0 0, L_000001e2e9cfd020;  1 drivers
v000001e2e9cf3a20_0 .net *"_ivl_30", 31 0, L_000001e2e9cfcd00;  1 drivers
v000001e2e9cf30c0_0 .net *"_ivl_33", 31 0, L_000001e2e9cfb900;  1 drivers
v000001e2e9cf3de0_0 .net *"_ivl_34", 31 0, L_000001e2e9d047c0;  1 drivers
v000001e2e9cf3e80_0 .net *"_ivl_36", 31 0, L_000001e2e9d04670;  1 drivers
v000001e2e9cf7670_0 .net *"_ivl_39", 0 0, L_000001e2e9cfd520;  1 drivers
v000001e2e9cf69f0_0 .net *"_ivl_40", 31 0, L_000001e2e9cfba40;  1 drivers
v000001e2e9cf70d0_0 .net *"_ivl_43", 31 0, L_000001e2e9cfc6c0;  1 drivers
v000001e2e9cf6bd0_0 .net *"_ivl_44", 31 0, L_000001e2e9d032c0;  1 drivers
v000001e2e9cf7170_0 .net *"_ivl_46", 31 0, L_000001e2e9d03330;  1 drivers
v000001e2e9cf7cb0_0 .net *"_ivl_49", 0 0, L_000001e2e9cfb680;  1 drivers
v000001e2e9cf7490_0 .net *"_ivl_5", 31 0, L_000001e2e9cfc300;  1 drivers
v000001e2e9cf7d50_0 .net *"_ivl_50", 31 0, L_000001e2e9cfce40;  1 drivers
v000001e2e9cf68b0_0 .net *"_ivl_53", 31 0, L_000001e2e9cfcda0;  1 drivers
v000001e2e9cf7ad0_0 .net *"_ivl_54", 31 0, L_000001e2e9d04210;  1 drivers
v000001e2e9cf7850_0 .net *"_ivl_56", 31 0, L_000001e2e9d03f00;  1 drivers
v000001e2e9cf7210_0 .net *"_ivl_59", 0 0, L_000001e2e9cfbfe0;  1 drivers
v000001e2e9cf72b0_0 .net *"_ivl_6", 31 0, L_000001e2e9d039c0;  1 drivers
v000001e2e9cf7e90_0 .net *"_ivl_60", 31 0, L_000001e2e9cfd480;  1 drivers
v000001e2e9cf7b70_0 .net *"_ivl_63", 31 0, L_000001e2e9cfbb80;  1 drivers
v000001e2e9cf7350_0 .net *"_ivl_64", 31 0, L_000001e2e9d03480;  1 drivers
v000001e2e9cf6d10_0 .net *"_ivl_66", 31 0, L_000001e2e9d03fe0;  1 drivers
v000001e2e9cf7f30_0 .net *"_ivl_69", 0 0, L_000001e2e9cfbcc0;  1 drivers
v000001e2e9cf73f0_0 .net *"_ivl_70", 31 0, L_000001e2e9cfd160;  1 drivers
v000001e2e9cf6e50_0 .net *"_ivl_73", 31 0, L_000001e2e9cfb180;  1 drivers
v000001e2e9cf7df0_0 .net *"_ivl_74", 31 0, L_000001e2e9d034f0;  1 drivers
v000001e2e9cf7530_0 .net *"_ivl_76", 31 0, L_000001e2e9d04ad0;  1 drivers
v000001e2e9cf6950_0 .net *"_ivl_79", 0 0, L_000001e2e9cfd5c0;  1 drivers
v000001e2e9cf6a90_0 .net *"_ivl_80", 31 0, L_000001e2e9cfc760;  1 drivers
v000001e2e9cf75d0_0 .net *"_ivl_83", 31 0, L_000001e2e9cfd660;  1 drivers
v000001e2e9cf7710_0 .net *"_ivl_84", 31 0, L_000001e2e9d03560;  1 drivers
v000001e2e9cf6b30_0 .net *"_ivl_86", 31 0, L_000001e2e9d04050;  1 drivers
v000001e2e9cf78f0_0 .net *"_ivl_89", 0 0, L_000001e2e9cfd700;  1 drivers
v000001e2e9cf6c70_0 .net *"_ivl_9", 0 0, L_000001e2e9cfb9a0;  1 drivers
v000001e2e9cf7990_0 .net *"_ivl_90", 31 0, L_000001e2e9cfcc60;  1 drivers
v000001e2e9cf6db0_0 .net *"_ivl_93", 31 0, L_000001e2e9cfd200;  1 drivers
v000001e2e9cf6ef0_0 .net *"_ivl_94", 31 0, L_000001e2e9d03720;  1 drivers
v000001e2e9cf6f90_0 .net *"_ivl_96", 31 0, L_000001e2e9d035d0;  1 drivers
v000001e2e9cf7030_0 .net *"_ivl_99", 0 0, L_000001e2e9cfc3a0;  1 drivers
v000001e2e9cf7c10_0 .net "channels", 511 0, L_000001e2e9cfb4a0;  alias, 1 drivers
v000001e2e9cf77b0_0 .net "hotselect", 15 0, v000001e2e9cf17c0_0;  alias, 1 drivers
v000001e2e9cf7a30_0 .net "muxout", 31 0, L_000001e2e9d04b40;  alias, 1 drivers
L_000001e2e9cfd3e0 .part v000001e2e9cf17c0_0, 15, 1;
LS_000001e2e9cfd7a0_0_0 .concat [ 1 1 1 1], L_000001e2e9cfd3e0, L_000001e2e9cfd3e0, L_000001e2e9cfd3e0, L_000001e2e9cfd3e0;
LS_000001e2e9cfd7a0_0_4 .concat [ 1 1 1 1], L_000001e2e9cfd3e0, L_000001e2e9cfd3e0, L_000001e2e9cfd3e0, L_000001e2e9cfd3e0;
LS_000001e2e9cfd7a0_0_8 .concat [ 1 1 1 1], L_000001e2e9cfd3e0, L_000001e2e9cfd3e0, L_000001e2e9cfd3e0, L_000001e2e9cfd3e0;
LS_000001e2e9cfd7a0_0_12 .concat [ 1 1 1 1], L_000001e2e9cfd3e0, L_000001e2e9cfd3e0, L_000001e2e9cfd3e0, L_000001e2e9cfd3e0;
LS_000001e2e9cfd7a0_0_16 .concat [ 1 1 1 1], L_000001e2e9cfd3e0, L_000001e2e9cfd3e0, L_000001e2e9cfd3e0, L_000001e2e9cfd3e0;
LS_000001e2e9cfd7a0_0_20 .concat [ 1 1 1 1], L_000001e2e9cfd3e0, L_000001e2e9cfd3e0, L_000001e2e9cfd3e0, L_000001e2e9cfd3e0;
LS_000001e2e9cfd7a0_0_24 .concat [ 1 1 1 1], L_000001e2e9cfd3e0, L_000001e2e9cfd3e0, L_000001e2e9cfd3e0, L_000001e2e9cfd3e0;
LS_000001e2e9cfd7a0_0_28 .concat [ 1 1 1 1], L_000001e2e9cfd3e0, L_000001e2e9cfd3e0, L_000001e2e9cfd3e0, L_000001e2e9cfd3e0;
LS_000001e2e9cfd7a0_1_0 .concat [ 4 4 4 4], LS_000001e2e9cfd7a0_0_0, LS_000001e2e9cfd7a0_0_4, LS_000001e2e9cfd7a0_0_8, LS_000001e2e9cfd7a0_0_12;
LS_000001e2e9cfd7a0_1_4 .concat [ 4 4 4 4], LS_000001e2e9cfd7a0_0_16, LS_000001e2e9cfd7a0_0_20, LS_000001e2e9cfd7a0_0_24, LS_000001e2e9cfd7a0_0_28;
L_000001e2e9cfd7a0 .concat [ 16 16 0 0], LS_000001e2e9cfd7a0_1_0, LS_000001e2e9cfd7a0_1_4;
L_000001e2e9cfc300 .part L_000001e2e9cfb4a0, 480, 32;
L_000001e2e9cfb9a0 .part v000001e2e9cf17c0_0, 14, 1;
LS_000001e2e9cfc620_0_0 .concat [ 1 1 1 1], L_000001e2e9cfb9a0, L_000001e2e9cfb9a0, L_000001e2e9cfb9a0, L_000001e2e9cfb9a0;
LS_000001e2e9cfc620_0_4 .concat [ 1 1 1 1], L_000001e2e9cfb9a0, L_000001e2e9cfb9a0, L_000001e2e9cfb9a0, L_000001e2e9cfb9a0;
LS_000001e2e9cfc620_0_8 .concat [ 1 1 1 1], L_000001e2e9cfb9a0, L_000001e2e9cfb9a0, L_000001e2e9cfb9a0, L_000001e2e9cfb9a0;
LS_000001e2e9cfc620_0_12 .concat [ 1 1 1 1], L_000001e2e9cfb9a0, L_000001e2e9cfb9a0, L_000001e2e9cfb9a0, L_000001e2e9cfb9a0;
LS_000001e2e9cfc620_0_16 .concat [ 1 1 1 1], L_000001e2e9cfb9a0, L_000001e2e9cfb9a0, L_000001e2e9cfb9a0, L_000001e2e9cfb9a0;
LS_000001e2e9cfc620_0_20 .concat [ 1 1 1 1], L_000001e2e9cfb9a0, L_000001e2e9cfb9a0, L_000001e2e9cfb9a0, L_000001e2e9cfb9a0;
LS_000001e2e9cfc620_0_24 .concat [ 1 1 1 1], L_000001e2e9cfb9a0, L_000001e2e9cfb9a0, L_000001e2e9cfb9a0, L_000001e2e9cfb9a0;
LS_000001e2e9cfc620_0_28 .concat [ 1 1 1 1], L_000001e2e9cfb9a0, L_000001e2e9cfb9a0, L_000001e2e9cfb9a0, L_000001e2e9cfb9a0;
LS_000001e2e9cfc620_1_0 .concat [ 4 4 4 4], LS_000001e2e9cfc620_0_0, LS_000001e2e9cfc620_0_4, LS_000001e2e9cfc620_0_8, LS_000001e2e9cfc620_0_12;
LS_000001e2e9cfc620_1_4 .concat [ 4 4 4 4], LS_000001e2e9cfc620_0_16, LS_000001e2e9cfc620_0_20, LS_000001e2e9cfc620_0_24, LS_000001e2e9cfc620_0_28;
L_000001e2e9cfc620 .concat [ 16 16 0 0], LS_000001e2e9cfc620_1_0, LS_000001e2e9cfc620_1_4;
L_000001e2e9cfb860 .part L_000001e2e9cfb4a0, 448, 32;
L_000001e2e9cfc260 .part v000001e2e9cf17c0_0, 13, 1;
LS_000001e2e9cfc1c0_0_0 .concat [ 1 1 1 1], L_000001e2e9cfc260, L_000001e2e9cfc260, L_000001e2e9cfc260, L_000001e2e9cfc260;
LS_000001e2e9cfc1c0_0_4 .concat [ 1 1 1 1], L_000001e2e9cfc260, L_000001e2e9cfc260, L_000001e2e9cfc260, L_000001e2e9cfc260;
LS_000001e2e9cfc1c0_0_8 .concat [ 1 1 1 1], L_000001e2e9cfc260, L_000001e2e9cfc260, L_000001e2e9cfc260, L_000001e2e9cfc260;
LS_000001e2e9cfc1c0_0_12 .concat [ 1 1 1 1], L_000001e2e9cfc260, L_000001e2e9cfc260, L_000001e2e9cfc260, L_000001e2e9cfc260;
LS_000001e2e9cfc1c0_0_16 .concat [ 1 1 1 1], L_000001e2e9cfc260, L_000001e2e9cfc260, L_000001e2e9cfc260, L_000001e2e9cfc260;
LS_000001e2e9cfc1c0_0_20 .concat [ 1 1 1 1], L_000001e2e9cfc260, L_000001e2e9cfc260, L_000001e2e9cfc260, L_000001e2e9cfc260;
LS_000001e2e9cfc1c0_0_24 .concat [ 1 1 1 1], L_000001e2e9cfc260, L_000001e2e9cfc260, L_000001e2e9cfc260, L_000001e2e9cfc260;
LS_000001e2e9cfc1c0_0_28 .concat [ 1 1 1 1], L_000001e2e9cfc260, L_000001e2e9cfc260, L_000001e2e9cfc260, L_000001e2e9cfc260;
LS_000001e2e9cfc1c0_1_0 .concat [ 4 4 4 4], LS_000001e2e9cfc1c0_0_0, LS_000001e2e9cfc1c0_0_4, LS_000001e2e9cfc1c0_0_8, LS_000001e2e9cfc1c0_0_12;
LS_000001e2e9cfc1c0_1_4 .concat [ 4 4 4 4], LS_000001e2e9cfc1c0_0_16, LS_000001e2e9cfc1c0_0_20, LS_000001e2e9cfc1c0_0_24, LS_000001e2e9cfc1c0_0_28;
L_000001e2e9cfc1c0 .concat [ 16 16 0 0], LS_000001e2e9cfc1c0_1_0, LS_000001e2e9cfc1c0_1_4;
L_000001e2e9cfd0c0 .part L_000001e2e9cfb4a0, 416, 32;
L_000001e2e9cfd020 .part v000001e2e9cf17c0_0, 12, 1;
LS_000001e2e9cfcd00_0_0 .concat [ 1 1 1 1], L_000001e2e9cfd020, L_000001e2e9cfd020, L_000001e2e9cfd020, L_000001e2e9cfd020;
LS_000001e2e9cfcd00_0_4 .concat [ 1 1 1 1], L_000001e2e9cfd020, L_000001e2e9cfd020, L_000001e2e9cfd020, L_000001e2e9cfd020;
LS_000001e2e9cfcd00_0_8 .concat [ 1 1 1 1], L_000001e2e9cfd020, L_000001e2e9cfd020, L_000001e2e9cfd020, L_000001e2e9cfd020;
LS_000001e2e9cfcd00_0_12 .concat [ 1 1 1 1], L_000001e2e9cfd020, L_000001e2e9cfd020, L_000001e2e9cfd020, L_000001e2e9cfd020;
LS_000001e2e9cfcd00_0_16 .concat [ 1 1 1 1], L_000001e2e9cfd020, L_000001e2e9cfd020, L_000001e2e9cfd020, L_000001e2e9cfd020;
LS_000001e2e9cfcd00_0_20 .concat [ 1 1 1 1], L_000001e2e9cfd020, L_000001e2e9cfd020, L_000001e2e9cfd020, L_000001e2e9cfd020;
LS_000001e2e9cfcd00_0_24 .concat [ 1 1 1 1], L_000001e2e9cfd020, L_000001e2e9cfd020, L_000001e2e9cfd020, L_000001e2e9cfd020;
LS_000001e2e9cfcd00_0_28 .concat [ 1 1 1 1], L_000001e2e9cfd020, L_000001e2e9cfd020, L_000001e2e9cfd020, L_000001e2e9cfd020;
LS_000001e2e9cfcd00_1_0 .concat [ 4 4 4 4], LS_000001e2e9cfcd00_0_0, LS_000001e2e9cfcd00_0_4, LS_000001e2e9cfcd00_0_8, LS_000001e2e9cfcd00_0_12;
LS_000001e2e9cfcd00_1_4 .concat [ 4 4 4 4], LS_000001e2e9cfcd00_0_16, LS_000001e2e9cfcd00_0_20, LS_000001e2e9cfcd00_0_24, LS_000001e2e9cfcd00_0_28;
L_000001e2e9cfcd00 .concat [ 16 16 0 0], LS_000001e2e9cfcd00_1_0, LS_000001e2e9cfcd00_1_4;
L_000001e2e9cfb900 .part L_000001e2e9cfb4a0, 384, 32;
L_000001e2e9cfd520 .part v000001e2e9cf17c0_0, 11, 1;
LS_000001e2e9cfba40_0_0 .concat [ 1 1 1 1], L_000001e2e9cfd520, L_000001e2e9cfd520, L_000001e2e9cfd520, L_000001e2e9cfd520;
LS_000001e2e9cfba40_0_4 .concat [ 1 1 1 1], L_000001e2e9cfd520, L_000001e2e9cfd520, L_000001e2e9cfd520, L_000001e2e9cfd520;
LS_000001e2e9cfba40_0_8 .concat [ 1 1 1 1], L_000001e2e9cfd520, L_000001e2e9cfd520, L_000001e2e9cfd520, L_000001e2e9cfd520;
LS_000001e2e9cfba40_0_12 .concat [ 1 1 1 1], L_000001e2e9cfd520, L_000001e2e9cfd520, L_000001e2e9cfd520, L_000001e2e9cfd520;
LS_000001e2e9cfba40_0_16 .concat [ 1 1 1 1], L_000001e2e9cfd520, L_000001e2e9cfd520, L_000001e2e9cfd520, L_000001e2e9cfd520;
LS_000001e2e9cfba40_0_20 .concat [ 1 1 1 1], L_000001e2e9cfd520, L_000001e2e9cfd520, L_000001e2e9cfd520, L_000001e2e9cfd520;
LS_000001e2e9cfba40_0_24 .concat [ 1 1 1 1], L_000001e2e9cfd520, L_000001e2e9cfd520, L_000001e2e9cfd520, L_000001e2e9cfd520;
LS_000001e2e9cfba40_0_28 .concat [ 1 1 1 1], L_000001e2e9cfd520, L_000001e2e9cfd520, L_000001e2e9cfd520, L_000001e2e9cfd520;
LS_000001e2e9cfba40_1_0 .concat [ 4 4 4 4], LS_000001e2e9cfba40_0_0, LS_000001e2e9cfba40_0_4, LS_000001e2e9cfba40_0_8, LS_000001e2e9cfba40_0_12;
LS_000001e2e9cfba40_1_4 .concat [ 4 4 4 4], LS_000001e2e9cfba40_0_16, LS_000001e2e9cfba40_0_20, LS_000001e2e9cfba40_0_24, LS_000001e2e9cfba40_0_28;
L_000001e2e9cfba40 .concat [ 16 16 0 0], LS_000001e2e9cfba40_1_0, LS_000001e2e9cfba40_1_4;
L_000001e2e9cfc6c0 .part L_000001e2e9cfb4a0, 352, 32;
L_000001e2e9cfb680 .part v000001e2e9cf17c0_0, 10, 1;
LS_000001e2e9cfce40_0_0 .concat [ 1 1 1 1], L_000001e2e9cfb680, L_000001e2e9cfb680, L_000001e2e9cfb680, L_000001e2e9cfb680;
LS_000001e2e9cfce40_0_4 .concat [ 1 1 1 1], L_000001e2e9cfb680, L_000001e2e9cfb680, L_000001e2e9cfb680, L_000001e2e9cfb680;
LS_000001e2e9cfce40_0_8 .concat [ 1 1 1 1], L_000001e2e9cfb680, L_000001e2e9cfb680, L_000001e2e9cfb680, L_000001e2e9cfb680;
LS_000001e2e9cfce40_0_12 .concat [ 1 1 1 1], L_000001e2e9cfb680, L_000001e2e9cfb680, L_000001e2e9cfb680, L_000001e2e9cfb680;
LS_000001e2e9cfce40_0_16 .concat [ 1 1 1 1], L_000001e2e9cfb680, L_000001e2e9cfb680, L_000001e2e9cfb680, L_000001e2e9cfb680;
LS_000001e2e9cfce40_0_20 .concat [ 1 1 1 1], L_000001e2e9cfb680, L_000001e2e9cfb680, L_000001e2e9cfb680, L_000001e2e9cfb680;
LS_000001e2e9cfce40_0_24 .concat [ 1 1 1 1], L_000001e2e9cfb680, L_000001e2e9cfb680, L_000001e2e9cfb680, L_000001e2e9cfb680;
LS_000001e2e9cfce40_0_28 .concat [ 1 1 1 1], L_000001e2e9cfb680, L_000001e2e9cfb680, L_000001e2e9cfb680, L_000001e2e9cfb680;
LS_000001e2e9cfce40_1_0 .concat [ 4 4 4 4], LS_000001e2e9cfce40_0_0, LS_000001e2e9cfce40_0_4, LS_000001e2e9cfce40_0_8, LS_000001e2e9cfce40_0_12;
LS_000001e2e9cfce40_1_4 .concat [ 4 4 4 4], LS_000001e2e9cfce40_0_16, LS_000001e2e9cfce40_0_20, LS_000001e2e9cfce40_0_24, LS_000001e2e9cfce40_0_28;
L_000001e2e9cfce40 .concat [ 16 16 0 0], LS_000001e2e9cfce40_1_0, LS_000001e2e9cfce40_1_4;
L_000001e2e9cfcda0 .part L_000001e2e9cfb4a0, 320, 32;
L_000001e2e9cfbfe0 .part v000001e2e9cf17c0_0, 9, 1;
LS_000001e2e9cfd480_0_0 .concat [ 1 1 1 1], L_000001e2e9cfbfe0, L_000001e2e9cfbfe0, L_000001e2e9cfbfe0, L_000001e2e9cfbfe0;
LS_000001e2e9cfd480_0_4 .concat [ 1 1 1 1], L_000001e2e9cfbfe0, L_000001e2e9cfbfe0, L_000001e2e9cfbfe0, L_000001e2e9cfbfe0;
LS_000001e2e9cfd480_0_8 .concat [ 1 1 1 1], L_000001e2e9cfbfe0, L_000001e2e9cfbfe0, L_000001e2e9cfbfe0, L_000001e2e9cfbfe0;
LS_000001e2e9cfd480_0_12 .concat [ 1 1 1 1], L_000001e2e9cfbfe0, L_000001e2e9cfbfe0, L_000001e2e9cfbfe0, L_000001e2e9cfbfe0;
LS_000001e2e9cfd480_0_16 .concat [ 1 1 1 1], L_000001e2e9cfbfe0, L_000001e2e9cfbfe0, L_000001e2e9cfbfe0, L_000001e2e9cfbfe0;
LS_000001e2e9cfd480_0_20 .concat [ 1 1 1 1], L_000001e2e9cfbfe0, L_000001e2e9cfbfe0, L_000001e2e9cfbfe0, L_000001e2e9cfbfe0;
LS_000001e2e9cfd480_0_24 .concat [ 1 1 1 1], L_000001e2e9cfbfe0, L_000001e2e9cfbfe0, L_000001e2e9cfbfe0, L_000001e2e9cfbfe0;
LS_000001e2e9cfd480_0_28 .concat [ 1 1 1 1], L_000001e2e9cfbfe0, L_000001e2e9cfbfe0, L_000001e2e9cfbfe0, L_000001e2e9cfbfe0;
LS_000001e2e9cfd480_1_0 .concat [ 4 4 4 4], LS_000001e2e9cfd480_0_0, LS_000001e2e9cfd480_0_4, LS_000001e2e9cfd480_0_8, LS_000001e2e9cfd480_0_12;
LS_000001e2e9cfd480_1_4 .concat [ 4 4 4 4], LS_000001e2e9cfd480_0_16, LS_000001e2e9cfd480_0_20, LS_000001e2e9cfd480_0_24, LS_000001e2e9cfd480_0_28;
L_000001e2e9cfd480 .concat [ 16 16 0 0], LS_000001e2e9cfd480_1_0, LS_000001e2e9cfd480_1_4;
L_000001e2e9cfbb80 .part L_000001e2e9cfb4a0, 288, 32;
L_000001e2e9cfbcc0 .part v000001e2e9cf17c0_0, 8, 1;
LS_000001e2e9cfd160_0_0 .concat [ 1 1 1 1], L_000001e2e9cfbcc0, L_000001e2e9cfbcc0, L_000001e2e9cfbcc0, L_000001e2e9cfbcc0;
LS_000001e2e9cfd160_0_4 .concat [ 1 1 1 1], L_000001e2e9cfbcc0, L_000001e2e9cfbcc0, L_000001e2e9cfbcc0, L_000001e2e9cfbcc0;
LS_000001e2e9cfd160_0_8 .concat [ 1 1 1 1], L_000001e2e9cfbcc0, L_000001e2e9cfbcc0, L_000001e2e9cfbcc0, L_000001e2e9cfbcc0;
LS_000001e2e9cfd160_0_12 .concat [ 1 1 1 1], L_000001e2e9cfbcc0, L_000001e2e9cfbcc0, L_000001e2e9cfbcc0, L_000001e2e9cfbcc0;
LS_000001e2e9cfd160_0_16 .concat [ 1 1 1 1], L_000001e2e9cfbcc0, L_000001e2e9cfbcc0, L_000001e2e9cfbcc0, L_000001e2e9cfbcc0;
LS_000001e2e9cfd160_0_20 .concat [ 1 1 1 1], L_000001e2e9cfbcc0, L_000001e2e9cfbcc0, L_000001e2e9cfbcc0, L_000001e2e9cfbcc0;
LS_000001e2e9cfd160_0_24 .concat [ 1 1 1 1], L_000001e2e9cfbcc0, L_000001e2e9cfbcc0, L_000001e2e9cfbcc0, L_000001e2e9cfbcc0;
LS_000001e2e9cfd160_0_28 .concat [ 1 1 1 1], L_000001e2e9cfbcc0, L_000001e2e9cfbcc0, L_000001e2e9cfbcc0, L_000001e2e9cfbcc0;
LS_000001e2e9cfd160_1_0 .concat [ 4 4 4 4], LS_000001e2e9cfd160_0_0, LS_000001e2e9cfd160_0_4, LS_000001e2e9cfd160_0_8, LS_000001e2e9cfd160_0_12;
LS_000001e2e9cfd160_1_4 .concat [ 4 4 4 4], LS_000001e2e9cfd160_0_16, LS_000001e2e9cfd160_0_20, LS_000001e2e9cfd160_0_24, LS_000001e2e9cfd160_0_28;
L_000001e2e9cfd160 .concat [ 16 16 0 0], LS_000001e2e9cfd160_1_0, LS_000001e2e9cfd160_1_4;
L_000001e2e9cfb180 .part L_000001e2e9cfb4a0, 256, 32;
L_000001e2e9cfd5c0 .part v000001e2e9cf17c0_0, 7, 1;
LS_000001e2e9cfc760_0_0 .concat [ 1 1 1 1], L_000001e2e9cfd5c0, L_000001e2e9cfd5c0, L_000001e2e9cfd5c0, L_000001e2e9cfd5c0;
LS_000001e2e9cfc760_0_4 .concat [ 1 1 1 1], L_000001e2e9cfd5c0, L_000001e2e9cfd5c0, L_000001e2e9cfd5c0, L_000001e2e9cfd5c0;
LS_000001e2e9cfc760_0_8 .concat [ 1 1 1 1], L_000001e2e9cfd5c0, L_000001e2e9cfd5c0, L_000001e2e9cfd5c0, L_000001e2e9cfd5c0;
LS_000001e2e9cfc760_0_12 .concat [ 1 1 1 1], L_000001e2e9cfd5c0, L_000001e2e9cfd5c0, L_000001e2e9cfd5c0, L_000001e2e9cfd5c0;
LS_000001e2e9cfc760_0_16 .concat [ 1 1 1 1], L_000001e2e9cfd5c0, L_000001e2e9cfd5c0, L_000001e2e9cfd5c0, L_000001e2e9cfd5c0;
LS_000001e2e9cfc760_0_20 .concat [ 1 1 1 1], L_000001e2e9cfd5c0, L_000001e2e9cfd5c0, L_000001e2e9cfd5c0, L_000001e2e9cfd5c0;
LS_000001e2e9cfc760_0_24 .concat [ 1 1 1 1], L_000001e2e9cfd5c0, L_000001e2e9cfd5c0, L_000001e2e9cfd5c0, L_000001e2e9cfd5c0;
LS_000001e2e9cfc760_0_28 .concat [ 1 1 1 1], L_000001e2e9cfd5c0, L_000001e2e9cfd5c0, L_000001e2e9cfd5c0, L_000001e2e9cfd5c0;
LS_000001e2e9cfc760_1_0 .concat [ 4 4 4 4], LS_000001e2e9cfc760_0_0, LS_000001e2e9cfc760_0_4, LS_000001e2e9cfc760_0_8, LS_000001e2e9cfc760_0_12;
LS_000001e2e9cfc760_1_4 .concat [ 4 4 4 4], LS_000001e2e9cfc760_0_16, LS_000001e2e9cfc760_0_20, LS_000001e2e9cfc760_0_24, LS_000001e2e9cfc760_0_28;
L_000001e2e9cfc760 .concat [ 16 16 0 0], LS_000001e2e9cfc760_1_0, LS_000001e2e9cfc760_1_4;
L_000001e2e9cfd660 .part L_000001e2e9cfb4a0, 224, 32;
L_000001e2e9cfd700 .part v000001e2e9cf17c0_0, 6, 1;
LS_000001e2e9cfcc60_0_0 .concat [ 1 1 1 1], L_000001e2e9cfd700, L_000001e2e9cfd700, L_000001e2e9cfd700, L_000001e2e9cfd700;
LS_000001e2e9cfcc60_0_4 .concat [ 1 1 1 1], L_000001e2e9cfd700, L_000001e2e9cfd700, L_000001e2e9cfd700, L_000001e2e9cfd700;
LS_000001e2e9cfcc60_0_8 .concat [ 1 1 1 1], L_000001e2e9cfd700, L_000001e2e9cfd700, L_000001e2e9cfd700, L_000001e2e9cfd700;
LS_000001e2e9cfcc60_0_12 .concat [ 1 1 1 1], L_000001e2e9cfd700, L_000001e2e9cfd700, L_000001e2e9cfd700, L_000001e2e9cfd700;
LS_000001e2e9cfcc60_0_16 .concat [ 1 1 1 1], L_000001e2e9cfd700, L_000001e2e9cfd700, L_000001e2e9cfd700, L_000001e2e9cfd700;
LS_000001e2e9cfcc60_0_20 .concat [ 1 1 1 1], L_000001e2e9cfd700, L_000001e2e9cfd700, L_000001e2e9cfd700, L_000001e2e9cfd700;
LS_000001e2e9cfcc60_0_24 .concat [ 1 1 1 1], L_000001e2e9cfd700, L_000001e2e9cfd700, L_000001e2e9cfd700, L_000001e2e9cfd700;
LS_000001e2e9cfcc60_0_28 .concat [ 1 1 1 1], L_000001e2e9cfd700, L_000001e2e9cfd700, L_000001e2e9cfd700, L_000001e2e9cfd700;
LS_000001e2e9cfcc60_1_0 .concat [ 4 4 4 4], LS_000001e2e9cfcc60_0_0, LS_000001e2e9cfcc60_0_4, LS_000001e2e9cfcc60_0_8, LS_000001e2e9cfcc60_0_12;
LS_000001e2e9cfcc60_1_4 .concat [ 4 4 4 4], LS_000001e2e9cfcc60_0_16, LS_000001e2e9cfcc60_0_20, LS_000001e2e9cfcc60_0_24, LS_000001e2e9cfcc60_0_28;
L_000001e2e9cfcc60 .concat [ 16 16 0 0], LS_000001e2e9cfcc60_1_0, LS_000001e2e9cfcc60_1_4;
L_000001e2e9cfd200 .part L_000001e2e9cfb4a0, 192, 32;
L_000001e2e9cfc3a0 .part v000001e2e9cf17c0_0, 5, 1;
LS_000001e2e9cfb220_0_0 .concat [ 1 1 1 1], L_000001e2e9cfc3a0, L_000001e2e9cfc3a0, L_000001e2e9cfc3a0, L_000001e2e9cfc3a0;
LS_000001e2e9cfb220_0_4 .concat [ 1 1 1 1], L_000001e2e9cfc3a0, L_000001e2e9cfc3a0, L_000001e2e9cfc3a0, L_000001e2e9cfc3a0;
LS_000001e2e9cfb220_0_8 .concat [ 1 1 1 1], L_000001e2e9cfc3a0, L_000001e2e9cfc3a0, L_000001e2e9cfc3a0, L_000001e2e9cfc3a0;
LS_000001e2e9cfb220_0_12 .concat [ 1 1 1 1], L_000001e2e9cfc3a0, L_000001e2e9cfc3a0, L_000001e2e9cfc3a0, L_000001e2e9cfc3a0;
LS_000001e2e9cfb220_0_16 .concat [ 1 1 1 1], L_000001e2e9cfc3a0, L_000001e2e9cfc3a0, L_000001e2e9cfc3a0, L_000001e2e9cfc3a0;
LS_000001e2e9cfb220_0_20 .concat [ 1 1 1 1], L_000001e2e9cfc3a0, L_000001e2e9cfc3a0, L_000001e2e9cfc3a0, L_000001e2e9cfc3a0;
LS_000001e2e9cfb220_0_24 .concat [ 1 1 1 1], L_000001e2e9cfc3a0, L_000001e2e9cfc3a0, L_000001e2e9cfc3a0, L_000001e2e9cfc3a0;
LS_000001e2e9cfb220_0_28 .concat [ 1 1 1 1], L_000001e2e9cfc3a0, L_000001e2e9cfc3a0, L_000001e2e9cfc3a0, L_000001e2e9cfc3a0;
LS_000001e2e9cfb220_1_0 .concat [ 4 4 4 4], LS_000001e2e9cfb220_0_0, LS_000001e2e9cfb220_0_4, LS_000001e2e9cfb220_0_8, LS_000001e2e9cfb220_0_12;
LS_000001e2e9cfb220_1_4 .concat [ 4 4 4 4], LS_000001e2e9cfb220_0_16, LS_000001e2e9cfb220_0_20, LS_000001e2e9cfb220_0_24, LS_000001e2e9cfb220_0_28;
L_000001e2e9cfb220 .concat [ 16 16 0 0], LS_000001e2e9cfb220_1_0, LS_000001e2e9cfb220_1_4;
L_000001e2e9cfc800 .part L_000001e2e9cfb4a0, 160, 32;
L_000001e2e9cfcee0 .part v000001e2e9cf17c0_0, 4, 1;
LS_000001e2e9cfbe00_0_0 .concat [ 1 1 1 1], L_000001e2e9cfcee0, L_000001e2e9cfcee0, L_000001e2e9cfcee0, L_000001e2e9cfcee0;
LS_000001e2e9cfbe00_0_4 .concat [ 1 1 1 1], L_000001e2e9cfcee0, L_000001e2e9cfcee0, L_000001e2e9cfcee0, L_000001e2e9cfcee0;
LS_000001e2e9cfbe00_0_8 .concat [ 1 1 1 1], L_000001e2e9cfcee0, L_000001e2e9cfcee0, L_000001e2e9cfcee0, L_000001e2e9cfcee0;
LS_000001e2e9cfbe00_0_12 .concat [ 1 1 1 1], L_000001e2e9cfcee0, L_000001e2e9cfcee0, L_000001e2e9cfcee0, L_000001e2e9cfcee0;
LS_000001e2e9cfbe00_0_16 .concat [ 1 1 1 1], L_000001e2e9cfcee0, L_000001e2e9cfcee0, L_000001e2e9cfcee0, L_000001e2e9cfcee0;
LS_000001e2e9cfbe00_0_20 .concat [ 1 1 1 1], L_000001e2e9cfcee0, L_000001e2e9cfcee0, L_000001e2e9cfcee0, L_000001e2e9cfcee0;
LS_000001e2e9cfbe00_0_24 .concat [ 1 1 1 1], L_000001e2e9cfcee0, L_000001e2e9cfcee0, L_000001e2e9cfcee0, L_000001e2e9cfcee0;
LS_000001e2e9cfbe00_0_28 .concat [ 1 1 1 1], L_000001e2e9cfcee0, L_000001e2e9cfcee0, L_000001e2e9cfcee0, L_000001e2e9cfcee0;
LS_000001e2e9cfbe00_1_0 .concat [ 4 4 4 4], LS_000001e2e9cfbe00_0_0, LS_000001e2e9cfbe00_0_4, LS_000001e2e9cfbe00_0_8, LS_000001e2e9cfbe00_0_12;
LS_000001e2e9cfbe00_1_4 .concat [ 4 4 4 4], LS_000001e2e9cfbe00_0_16, LS_000001e2e9cfbe00_0_20, LS_000001e2e9cfbe00_0_24, LS_000001e2e9cfbe00_0_28;
L_000001e2e9cfbe00 .concat [ 16 16 0 0], LS_000001e2e9cfbe00_1_0, LS_000001e2e9cfbe00_1_4;
L_000001e2e9cfbea0 .part L_000001e2e9cfb4a0, 128, 32;
L_000001e2e9cfd2a0 .part v000001e2e9cf17c0_0, 3, 1;
LS_000001e2e9cfc440_0_0 .concat [ 1 1 1 1], L_000001e2e9cfd2a0, L_000001e2e9cfd2a0, L_000001e2e9cfd2a0, L_000001e2e9cfd2a0;
LS_000001e2e9cfc440_0_4 .concat [ 1 1 1 1], L_000001e2e9cfd2a0, L_000001e2e9cfd2a0, L_000001e2e9cfd2a0, L_000001e2e9cfd2a0;
LS_000001e2e9cfc440_0_8 .concat [ 1 1 1 1], L_000001e2e9cfd2a0, L_000001e2e9cfd2a0, L_000001e2e9cfd2a0, L_000001e2e9cfd2a0;
LS_000001e2e9cfc440_0_12 .concat [ 1 1 1 1], L_000001e2e9cfd2a0, L_000001e2e9cfd2a0, L_000001e2e9cfd2a0, L_000001e2e9cfd2a0;
LS_000001e2e9cfc440_0_16 .concat [ 1 1 1 1], L_000001e2e9cfd2a0, L_000001e2e9cfd2a0, L_000001e2e9cfd2a0, L_000001e2e9cfd2a0;
LS_000001e2e9cfc440_0_20 .concat [ 1 1 1 1], L_000001e2e9cfd2a0, L_000001e2e9cfd2a0, L_000001e2e9cfd2a0, L_000001e2e9cfd2a0;
LS_000001e2e9cfc440_0_24 .concat [ 1 1 1 1], L_000001e2e9cfd2a0, L_000001e2e9cfd2a0, L_000001e2e9cfd2a0, L_000001e2e9cfd2a0;
LS_000001e2e9cfc440_0_28 .concat [ 1 1 1 1], L_000001e2e9cfd2a0, L_000001e2e9cfd2a0, L_000001e2e9cfd2a0, L_000001e2e9cfd2a0;
LS_000001e2e9cfc440_1_0 .concat [ 4 4 4 4], LS_000001e2e9cfc440_0_0, LS_000001e2e9cfc440_0_4, LS_000001e2e9cfc440_0_8, LS_000001e2e9cfc440_0_12;
LS_000001e2e9cfc440_1_4 .concat [ 4 4 4 4], LS_000001e2e9cfc440_0_16, LS_000001e2e9cfc440_0_20, LS_000001e2e9cfc440_0_24, LS_000001e2e9cfc440_0_28;
L_000001e2e9cfc440 .concat [ 16 16 0 0], LS_000001e2e9cfc440_1_0, LS_000001e2e9cfc440_1_4;
L_000001e2e9cfb540 .part L_000001e2e9cfb4a0, 96, 32;
L_000001e2e9cfc8a0 .part v000001e2e9cf17c0_0, 2, 1;
LS_000001e2e9cfc940_0_0 .concat [ 1 1 1 1], L_000001e2e9cfc8a0, L_000001e2e9cfc8a0, L_000001e2e9cfc8a0, L_000001e2e9cfc8a0;
LS_000001e2e9cfc940_0_4 .concat [ 1 1 1 1], L_000001e2e9cfc8a0, L_000001e2e9cfc8a0, L_000001e2e9cfc8a0, L_000001e2e9cfc8a0;
LS_000001e2e9cfc940_0_8 .concat [ 1 1 1 1], L_000001e2e9cfc8a0, L_000001e2e9cfc8a0, L_000001e2e9cfc8a0, L_000001e2e9cfc8a0;
LS_000001e2e9cfc940_0_12 .concat [ 1 1 1 1], L_000001e2e9cfc8a0, L_000001e2e9cfc8a0, L_000001e2e9cfc8a0, L_000001e2e9cfc8a0;
LS_000001e2e9cfc940_0_16 .concat [ 1 1 1 1], L_000001e2e9cfc8a0, L_000001e2e9cfc8a0, L_000001e2e9cfc8a0, L_000001e2e9cfc8a0;
LS_000001e2e9cfc940_0_20 .concat [ 1 1 1 1], L_000001e2e9cfc8a0, L_000001e2e9cfc8a0, L_000001e2e9cfc8a0, L_000001e2e9cfc8a0;
LS_000001e2e9cfc940_0_24 .concat [ 1 1 1 1], L_000001e2e9cfc8a0, L_000001e2e9cfc8a0, L_000001e2e9cfc8a0, L_000001e2e9cfc8a0;
LS_000001e2e9cfc940_0_28 .concat [ 1 1 1 1], L_000001e2e9cfc8a0, L_000001e2e9cfc8a0, L_000001e2e9cfc8a0, L_000001e2e9cfc8a0;
LS_000001e2e9cfc940_1_0 .concat [ 4 4 4 4], LS_000001e2e9cfc940_0_0, LS_000001e2e9cfc940_0_4, LS_000001e2e9cfc940_0_8, LS_000001e2e9cfc940_0_12;
LS_000001e2e9cfc940_1_4 .concat [ 4 4 4 4], LS_000001e2e9cfc940_0_16, LS_000001e2e9cfc940_0_20, LS_000001e2e9cfc940_0_24, LS_000001e2e9cfc940_0_28;
L_000001e2e9cfc940 .concat [ 16 16 0 0], LS_000001e2e9cfc940_1_0, LS_000001e2e9cfc940_1_4;
L_000001e2e9cfd340 .part L_000001e2e9cfb4a0, 64, 32;
L_000001e2e9cfc9e0 .part v000001e2e9cf17c0_0, 1, 1;
LS_000001e2e9cfd840_0_0 .concat [ 1 1 1 1], L_000001e2e9cfc9e0, L_000001e2e9cfc9e0, L_000001e2e9cfc9e0, L_000001e2e9cfc9e0;
LS_000001e2e9cfd840_0_4 .concat [ 1 1 1 1], L_000001e2e9cfc9e0, L_000001e2e9cfc9e0, L_000001e2e9cfc9e0, L_000001e2e9cfc9e0;
LS_000001e2e9cfd840_0_8 .concat [ 1 1 1 1], L_000001e2e9cfc9e0, L_000001e2e9cfc9e0, L_000001e2e9cfc9e0, L_000001e2e9cfc9e0;
LS_000001e2e9cfd840_0_12 .concat [ 1 1 1 1], L_000001e2e9cfc9e0, L_000001e2e9cfc9e0, L_000001e2e9cfc9e0, L_000001e2e9cfc9e0;
LS_000001e2e9cfd840_0_16 .concat [ 1 1 1 1], L_000001e2e9cfc9e0, L_000001e2e9cfc9e0, L_000001e2e9cfc9e0, L_000001e2e9cfc9e0;
LS_000001e2e9cfd840_0_20 .concat [ 1 1 1 1], L_000001e2e9cfc9e0, L_000001e2e9cfc9e0, L_000001e2e9cfc9e0, L_000001e2e9cfc9e0;
LS_000001e2e9cfd840_0_24 .concat [ 1 1 1 1], L_000001e2e9cfc9e0, L_000001e2e9cfc9e0, L_000001e2e9cfc9e0, L_000001e2e9cfc9e0;
LS_000001e2e9cfd840_0_28 .concat [ 1 1 1 1], L_000001e2e9cfc9e0, L_000001e2e9cfc9e0, L_000001e2e9cfc9e0, L_000001e2e9cfc9e0;
LS_000001e2e9cfd840_1_0 .concat [ 4 4 4 4], LS_000001e2e9cfd840_0_0, LS_000001e2e9cfd840_0_4, LS_000001e2e9cfd840_0_8, LS_000001e2e9cfd840_0_12;
LS_000001e2e9cfd840_1_4 .concat [ 4 4 4 4], LS_000001e2e9cfd840_0_16, LS_000001e2e9cfd840_0_20, LS_000001e2e9cfd840_0_24, LS_000001e2e9cfd840_0_28;
L_000001e2e9cfd840 .concat [ 16 16 0 0], LS_000001e2e9cfd840_1_0, LS_000001e2e9cfd840_1_4;
L_000001e2e9cfb2c0 .part L_000001e2e9cfb4a0, 32, 32;
L_000001e2e9cfca80 .part v000001e2e9cf17c0_0, 0, 1;
LS_000001e2e9cfb360_0_0 .concat [ 1 1 1 1], L_000001e2e9cfca80, L_000001e2e9cfca80, L_000001e2e9cfca80, L_000001e2e9cfca80;
LS_000001e2e9cfb360_0_4 .concat [ 1 1 1 1], L_000001e2e9cfca80, L_000001e2e9cfca80, L_000001e2e9cfca80, L_000001e2e9cfca80;
LS_000001e2e9cfb360_0_8 .concat [ 1 1 1 1], L_000001e2e9cfca80, L_000001e2e9cfca80, L_000001e2e9cfca80, L_000001e2e9cfca80;
LS_000001e2e9cfb360_0_12 .concat [ 1 1 1 1], L_000001e2e9cfca80, L_000001e2e9cfca80, L_000001e2e9cfca80, L_000001e2e9cfca80;
LS_000001e2e9cfb360_0_16 .concat [ 1 1 1 1], L_000001e2e9cfca80, L_000001e2e9cfca80, L_000001e2e9cfca80, L_000001e2e9cfca80;
LS_000001e2e9cfb360_0_20 .concat [ 1 1 1 1], L_000001e2e9cfca80, L_000001e2e9cfca80, L_000001e2e9cfca80, L_000001e2e9cfca80;
LS_000001e2e9cfb360_0_24 .concat [ 1 1 1 1], L_000001e2e9cfca80, L_000001e2e9cfca80, L_000001e2e9cfca80, L_000001e2e9cfca80;
LS_000001e2e9cfb360_0_28 .concat [ 1 1 1 1], L_000001e2e9cfca80, L_000001e2e9cfca80, L_000001e2e9cfca80, L_000001e2e9cfca80;
LS_000001e2e9cfb360_1_0 .concat [ 4 4 4 4], LS_000001e2e9cfb360_0_0, LS_000001e2e9cfb360_0_4, LS_000001e2e9cfb360_0_8, LS_000001e2e9cfb360_0_12;
LS_000001e2e9cfb360_1_4 .concat [ 4 4 4 4], LS_000001e2e9cfb360_0_16, LS_000001e2e9cfb360_0_20, LS_000001e2e9cfb360_0_24, LS_000001e2e9cfb360_0_28;
L_000001e2e9cfb360 .concat [ 16 16 0 0], LS_000001e2e9cfb360_1_0, LS_000001e2e9cfb360_1_4;
L_000001e2e9cfb400 .part L_000001e2e9cfb4a0, 0, 32;
S_000001e2e9cf8560 .scope module, "inst9" "exponent" 3 107, 5 244 0, S_000001e2e9be4ab0;
 .timescale 0 0;
    .port_info 0 /INPUT 32 "inputP";
    .port_info 1 /INPUT 32 "inputQ";
    .port_info 2 /OUTPUT 32 "outEX";
v000001e2e9cf4790_0 .net "inputP", 31 0, v000001e2e9cfdac0_0;  alias, 1 drivers
v000001e2e9cf6310_0 .net "inputQ", 31 0, v000001e2e9c7dc60_0;  alias, 1 drivers
v000001e2e9cf4150_0 .var "outEX", 31 0;
E_000001e2e9c6db40 .event anyedge, v000001e2e9cf4150_0, v000001e2e9c7dc60_0, v000001e2e9cf2760_0;
S_000001e2e9cf9cd0 .scope module, "logic1" "AND" 3 109, 7 14 0, S_000001e2e9be4ab0;
 .timescale 0 0;
    .port_info 0 /INPUT 32 "inputP";
    .port_info 1 /INPUT 32 "inputQ";
    .port_info 2 /OUTPUT 32 "outAND";
v000001e2e9cf64f0_0 .net "inputP", 31 0, v000001e2e9cfdac0_0;  alias, 1 drivers
v000001e2e9cf4f10_0 .net "inputQ", 31 0, v000001e2e9c7dc60_0;  alias, 1 drivers
v000001e2e9cf5e10_0 .var "outAND", 31 0;
E_000001e2e9c6cfc0 .event anyedge, v000001e2e9cf5e10_0, v000001e2e9c7dc60_0, v000001e2e9cf2760_0;
S_000001e2e9cf91e0 .scope module, "logic2" "NAND" 3 110, 7 42 0, S_000001e2e9be4ab0;
 .timescale 0 0;
    .port_info 0 /INPUT 32 "inputP";
    .port_info 1 /INPUT 32 "inputQ";
    .port_info 2 /OUTPUT 32 "outNAND";
v000001e2e9cf6770_0 .net "inputP", 31 0, v000001e2e9cfdac0_0;  alias, 1 drivers
v000001e2e9cf4650_0 .net "inputQ", 31 0, v000001e2e9c7dc60_0;  alias, 1 drivers
v000001e2e9cf5230_0 .var "outNAND", 31 0;
E_000001e2e9c6d0c0 .event anyedge, v000001e2e9cf5230_0, v000001e2e9c7dc60_0, v000001e2e9cf2760_0;
S_000001e2e9cf9820 .scope module, "logic3" "NOR" 3 111, 7 70 0, S_000001e2e9be4ab0;
 .timescale 0 0;
    .port_info 0 /INPUT 32 "inputP";
    .port_info 1 /INPUT 32 "inputQ";
    .port_info 2 /OUTPUT 32 "outNOR";
v000001e2e9cf4c90_0 .net "inputP", 31 0, v000001e2e9cfdac0_0;  alias, 1 drivers
v000001e2e9cf5eb0_0 .net "inputQ", 31 0, v000001e2e9c7dc60_0;  alias, 1 drivers
v000001e2e9cf6810_0 .var "outNOR", 31 0;
E_000001e2e9c6d100 .event anyedge, v000001e2e9cf6810_0, v000001e2e9c7dc60_0, v000001e2e9cf2760_0;
S_000001e2e9cf9e60 .scope module, "logic4" "NOT" 3 112, 7 98 0, S_000001e2e9be4ab0;
 .timescale 0 0;
    .port_info 0 /INPUT 32 "inputP";
    .port_info 1 /INPUT 32 "inputQ";
    .port_info 2 /OUTPUT 32 "outNOT";
v000001e2e9cf54b0_0 .net "inputP", 31 0, v000001e2e9cfdac0_0;  alias, 1 drivers
v000001e2e9cf57d0_0 .net "inputQ", 31 0, v000001e2e9c7dc60_0;  alias, 1 drivers
v000001e2e9cf5ff0_0 .var "outNOT", 31 0;
E_000001e2e9c6e780 .event anyedge, v000001e2e9cf5ff0_0, v000001e2e9c7dc60_0, v000001e2e9cf2760_0;
S_000001e2e9cf86f0 .scope module, "logic5" "OR" 3 113, 7 128 0, S_000001e2e9be4ab0;
 .timescale 0 0;
    .port_info 0 /INPUT 32 "inputP";
    .port_info 1 /INPUT 32 "inputQ";
    .port_info 2 /OUTPUT 32 "outOR";
v000001e2e9cf5730_0 .net "inputP", 31 0, v000001e2e9cfdac0_0;  alias, 1 drivers
v000001e2e9cf59b0_0 .net "inputQ", 31 0, v000001e2e9c7dc60_0;  alias, 1 drivers
v000001e2e9cf4fb0_0 .var "outOR", 31 0;
E_000001e2e9c6de00 .event anyedge, v000001e2e9cf4fb0_0, v000001e2e9c7dc60_0, v000001e2e9cf2760_0;
S_000001e2e9cf8d30 .scope module, "logic6" "XNOR" 3 114, 7 156 0, S_000001e2e9be4ab0;
 .timescale 0 0;
    .port_info 0 /INPUT 32 "inputP";
    .port_info 1 /INPUT 32 "inputQ";
    .port_info 2 /OUTPUT 32 "outXNOR";
v000001e2e9cf63b0_0 .net "inputP", 31 0, v000001e2e9cfdac0_0;  alias, 1 drivers
v000001e2e9cf5050_0 .net "inputQ", 31 0, v000001e2e9c7dc60_0;  alias, 1 drivers
v000001e2e9cf5d70_0 .var "outXNOR", 31 0;
E_000001e2e9c6df80 .event anyedge, v000001e2e9cf5d70_0, v000001e2e9c7dc60_0, v000001e2e9cf2760_0;
S_000001e2e9cf99b0 .scope module, "logic7" "XOR" 3 115, 7 184 0, S_000001e2e9be4ab0;
 .timescale 0 0;
    .port_info 0 /INPUT 32 "inputP";
    .port_info 1 /INPUT 32 "inputQ";
    .port_info 2 /OUTPUT 32 "outXOR";
v000001e2e9cf50f0_0 .net "inputP", 31 0, v000001e2e9cfdac0_0;  alias, 1 drivers
v000001e2e9cf6450_0 .net "inputQ", 31 0, v000001e2e9c7dc60_0;  alias, 1 drivers
v000001e2e9cf5550_0 .var "outXOR", 31 0;
E_000001e2e9c6dec0 .event anyedge, v000001e2e9cf5550_0, v000001e2e9c7dc60_0, v000001e2e9cf2760_0;
S_000001e2e9cf9500 .scope module, "state_reg" "DFF" 3 98, 8 5 0, S_000001e2e9be4ab0;
 .timescale 0 0;
    .port_info 0 /INPUT 1 "clk";
    .port_info 1 /INPUT 32 "in";
    .port_info 2 /OUTPUT 32 "out";
P_000001e2e9c6e180 .param/l "n" 0 8 6, +C4<00000000000000000000000000100000>;
v000001e2e9cf6090_0 .net "clk", 0 0, v000001e2e9cfe4c0_0;  alias, 1 drivers
v000001e2e9cf4a10_0 .net "in", 31 0, L_000001e2e9d04b40;  alias, 1 drivers
v000001e2e9cf52d0_0 .var "out", 31 0;
E_000001e2e9c6e880 .event posedge, v000001e2e9cf6090_0;
    .scope S_000001e2e9cf9500;
T_0 ;
    %wait E_000001e2e9c6e880;
    %load/vec4 v000001e2e9cf4a10_0;
    %store/vec4 v000001e2e9cf52d0_0, 0, 32;
    %jmp T_0;
    .thread T_0;
    .scope S_000001e2e9be4c40;
T_1 ;
    %wait E_000001e2e9c6cf00;
    %load/vec4 v000001e2e9c7d300_0;
    %cmpi/e 0, 0, 32;
    %jmp/0xz  T_1.0, 4;
    %load/vec4 v000001e2e9c7d3a0_0;
    %cassign/vec4 v000001e2e9c7dc60_0;
    %cassign/link v000001e2e9c7dc60_0, v000001e2e9c7d3a0_0;
    %jmp T_1.1;
T_1.0 ;
    %load/vec4 v000001e2e9c7d300_0;
    %cassign/vec4 v000001e2e9c7dc60_0;
    %cassign/link v000001e2e9c7dc60_0, v000001e2e9c7d300_0;
T_1.1 ;
    %jmp T_1;
    .thread T_1, $push;
    .scope S_000001e2e9bef320;
T_2 ;
    %wait E_000001e2e9c6d8c0;
    %load/vec4 v000001e2e9c7c540_0;
    %pad/u 32;
    %cmpi/e 1, 0, 32;
    %jmp/0xz  T_2.0, 4;
    %pushi/vec4 1, 0, 1;
    %store/vec4 v000001e2e9c7db20_0, 0, 1;
    %jmp T_2.1;
T_2.0 ;
    %pushi/vec4 0, 0, 1;
    %store/vec4 v000001e2e9c7db20_0, 0, 1;
T_2.1 ;
    %jmp T_2;
    .thread T_2, $push;
    .scope S_000001e2e9c7de70;
T_3 ;
    %wait E_000001e2e9c6ce40;
    %load/vec4 v000001e2e9cf0fa0_0;
    %load/vec4 v000001e2e9cf2760_0;
    %mod;
    %store/vec4 v000001e2e9cf14a0_0, 0, 32;
    %jmp T_3;
    .thread T_3, $push;
    .scope S_000001e2e9c7de70;
T_4 ;
    %wait E_000001e2e9c6d800;
    %load/vec4 v000001e2e9cf2760_0;
    %nor/r;
    %flag_set/vec4 8;
    %jmp/0xz  T_4.0, 8;
    %pushi/vec4 1, 0, 1;
    %cassign/vec4 v000001e2e9cf2260_0;
    %jmp T_4.1;
T_4.0 ;
    %pushi/vec4 0, 0, 1;
    %cassign/vec4 v000001e2e9cf2260_0;
T_4.1 ;
    %jmp T_4;
    .thread T_4, $push;
    .scope S_000001e2e9c7e190;
T_5 ;
    %wait E_000001e2e9c6cec0;
    %load/vec4 v000001e2e9cf0be0_0;
    %cmpi/e 0, 0, 32;
    %jmp/0xz  T_5.0, 4;
    %pushi/vec4 1, 0, 1;
    %cassign/vec4 v000001e2e9cf1cc0_0;
    %jmp T_5.1;
T_5.0 ;
    %pushi/vec4 0, 0, 1;
    %cassign/vec4 v000001e2e9cf1cc0_0;
T_5.1 ;
    %jmp T_5;
    .thread T_5, $push;
    .scope S_000001e2e9c7e190;
T_6 ;
    %wait E_000001e2e9c6cc80;
    %load/vec4 v000001e2e9cf10e0_0;
    %load/vec4 v000001e2e9cf0be0_0;
    %div;
    %store/vec4 v000001e2e9cf0500_0, 0, 32;
    %jmp T_6;
    .thread T_6, $push;
    .scope S_000001e2e9c7e320;
T_7 ;
    %wait E_000001e2e9c6da00;
    %load/vec4 v000001e2e9cf1180_0;
    %load/vec4 v000001e2e9cf0e60_0;
    %mul;
    %store/vec4 v000001e2e9cf1d60_0, 0, 32;
    %jmp T_7;
    .thread T_7, $push;
    .scope S_000001e2e9c7e4b0;
T_8 ;
    %wait E_000001e2e9c6d8c0;
    %load/vec4 v000001e2e9cf1860_0;
    %dup/vec4;
    %pushi/vec4 0, 0, 4;
    %cmp/u;
    %jmp/1 T_8.0, 6;
    %dup/vec4;
    %pushi/vec4 1, 0, 4;
    %cmp/u;
    %jmp/1 T_8.1, 6;
    %dup/vec4;
    %pushi/vec4 2, 0, 4;
    %cmp/u;
    %jmp/1 T_8.2, 6;
    %dup/vec4;
    %pushi/vec4 3, 0, 4;
    %cmp/u;
    %jmp/1 T_8.3, 6;
    %dup/vec4;
    %pushi/vec4 4, 0, 4;
    %cmp/u;
    %jmp/1 T_8.4, 6;
    %dup/vec4;
    %pushi/vec4 5, 0, 4;
    %cmp/u;
    %jmp/1 T_8.5, 6;
    %dup/vec4;
    %pushi/vec4 6, 0, 4;
    %cmp/u;
    %jmp/1 T_8.6, 6;
    %dup/vec4;
    %pushi/vec4 7, 0, 4;
    %cmp/u;
    %jmp/1 T_8.7, 6;
    %dup/vec4;
    %pushi/vec4 8, 0, 4;
    %cmp/u;
    %jmp/1 T_8.8, 6;
    %dup/vec4;
    %pushi/vec4 9, 0, 4;
    %cmp/u;
    %jmp/1 T_8.9, 6;
    %dup/vec4;
    %pushi/vec4 10, 0, 4;
    %cmp/u;
    %jmp/1 T_8.10, 6;
    %dup/vec4;
    %pushi/vec4 11, 0, 4;
    %cmp/u;
    %jmp/1 T_8.11, 6;
    %dup/vec4;
    %pushi/vec4 12, 0, 4;
    %cmp/u;
    %jmp/1 T_8.12, 6;
    %dup/vec4;
    %pushi/vec4 13, 0, 4;
    %cmp/u;
    %jmp/1 T_8.13, 6;
    %dup/vec4;
    %pushi/vec4 14, 0, 4;
    %cmp/u;
    %jmp/1 T_8.14, 6;
    %dup/vec4;
    %pushi/vec4 15, 0, 4;
    %cmp/u;
    %jmp/1 T_8.15, 6;
    %jmp T_8.16;
T_8.0 ;
    %pushi/vec4 1, 0, 16;
    %cassign/vec4 v000001e2e9cf17c0_0;
    %jmp T_8.16;
T_8.1 ;
    %pushi/vec4 2, 0, 16;
    %cassign/vec4 v000001e2e9cf17c0_0;
    %jmp T_8.16;
T_8.2 ;
    %pushi/vec4 4, 0, 16;
    %cassign/vec4 v000001e2e9cf17c0_0;
    %jmp T_8.16;
T_8.3 ;
    %pushi/vec4 8, 0, 16;
    %cassign/vec4 v000001e2e9cf17c0_0;
    %jmp T_8.16;
T_8.4 ;
    %pushi/vec4 16, 0, 16;
    %cassign/vec4 v000001e2e9cf17c0_0;
    %jmp T_8.16;
T_8.5 ;
    %pushi/vec4 32, 0, 16;
    %cassign/vec4 v000001e2e9cf17c0_0;
    %jmp T_8.16;
T_8.6 ;
    %pushi/vec4 64, 0, 16;
    %cassign/vec4 v000001e2e9cf17c0_0;
    %jmp T_8.16;
T_8.7 ;
    %pushi/vec4 128, 0, 16;
    %cassign/vec4 v000001e2e9cf17c0_0;
    %jmp T_8.16;
T_8.8 ;
    %pushi/vec4 256, 0, 16;
    %cassign/vec4 v000001e2e9cf17c0_0;
    %jmp T_8.16;
T_8.9 ;
    %pushi/vec4 512, 0, 16;
    %cassign/vec4 v000001e2e9cf17c0_0;
    %jmp T_8.16;
T_8.10 ;
    %pushi/vec4 1024, 0, 16;
    %cassign/vec4 v000001e2e9cf17c0_0;
    %jmp T_8.16;
T_8.11 ;
    %pushi/vec4 2048, 0, 16;
    %cassign/vec4 v000001e2e9cf17c0_0;
    %jmp T_8.16;
T_8.12 ;
    %pushi/vec4 4096, 0, 16;
    %cassign/vec4 v000001e2e9cf17c0_0;
    %jmp T_8.16;
T_8.13 ;
    %pushi/vec4 8192, 0, 16;
    %cassign/vec4 v000001e2e9cf17c0_0;
    %jmp T_8.16;
T_8.14 ;
    %pushi/vec4 16384, 0, 16;
    %cassign/vec4 v000001e2e9cf17c0_0;
    %jmp T_8.16;
T_8.15 ;
    %pushi/vec4 32768, 0, 16;
    %cassign/vec4 v000001e2e9cf17c0_0;
    %jmp T_8.16;
T_8.16 ;
    %pop/vec4 1;
    %jmp T_8;
    .thread T_8, $push;
    .scope S_000001e2e9cf8560;
T_9 ;
    %wait E_000001e2e9c6db40;
    %load/vec4 v000001e2e9cf4790_0;
    %load/vec4 v000001e2e9cf6310_0;
    %pow;
    %store/vec4 v000001e2e9cf4150_0, 0, 32;
    %jmp T_9;
    .thread T_9, $push;
    .scope S_000001e2e9cf9cd0;
T_10 ;
    %wait E_000001e2e9c6cfc0;
    %load/vec4 v000001e2e9cf64f0_0;
    %load/vec4 v000001e2e9cf4f10_0;
    %and;
    %store/vec4 v000001e2e9cf5e10_0, 0, 32;
    %jmp T_10;
    .thread T_10, $push;
    .scope S_000001e2e9cf91e0;
T_11 ;
    %wait E_000001e2e9c6d0c0;
    %load/vec4 v000001e2e9cf6770_0;
    %load/vec4 v000001e2e9cf4650_0;
    %and;
    %inv;
    %store/vec4 v000001e2e9cf5230_0, 0, 32;
    %jmp T_11;
    .thread T_11, $push;
    .scope S_000001e2e9cf9820;
T_12 ;
    %wait E_000001e2e9c6d100;
    %load/vec4 v000001e2e9cf4c90_0;
    %load/vec4 v000001e2e9cf5eb0_0;
    %or;
    %inv;
    %store/vec4 v000001e2e9cf6810_0, 0, 32;
    %jmp T_12;
    .thread T_12, $push;
    .scope S_000001e2e9cf9e60;
T_13 ;
    %wait E_000001e2e9c6e780;
    %load/vec4 v000001e2e9cf54b0_0;
    %load/vec4 v000001e2e9cf57d0_0;
    %inv;
    %concat/vec4; draw_concat_vec4
    %pad/u 32;
    %store/vec4 v000001e2e9cf5ff0_0, 0, 32;
    %jmp T_13;
    .thread T_13, $push;
    .scope S_000001e2e9cf86f0;
T_14 ;
    %wait E_000001e2e9c6de00;
    %load/vec4 v000001e2e9cf5730_0;
    %load/vec4 v000001e2e9cf59b0_0;
    %or;
    %store/vec4 v000001e2e9cf4fb0_0, 0, 32;
    %jmp T_14;
    .thread T_14, $push;
    .scope S_000001e2e9cf8d30;
T_15 ;
    %wait E_000001e2e9c6df80;
    %load/vec4 v000001e2e9cf63b0_0;
    %load/vec4 v000001e2e9cf5050_0;
    %xor;
    %inv;
    %store/vec4 v000001e2e9cf5d70_0, 0, 32;
    %jmp T_15;
    .thread T_15, $push;
    .scope S_000001e2e9cf99b0;
T_16 ;
    %wait E_000001e2e9c6dec0;
    %load/vec4 v000001e2e9cf50f0_0;
    %load/vec4 v000001e2e9cf6450_0;
    %xor;
    %store/vec4 v000001e2e9cf5550_0, 0, 32;
    %jmp T_16;
    .thread T_16, $push;
    .scope S_000001e2e9be4ab0;
T_17 ;
    %wait E_000001e2e9c6d680;
    %load/vec4 v000001e2e9cf4510_0;
    %store/vec4 v000001e2e9cf5a50_0, 0, 32;
    %jmp T_17;
    .thread T_17, $push;
    .scope S_000001e2e9b7ae30;
T_18 ;
T_18.0 ;
    %pushi/vec4 0, 0, 1;
    %store/vec4 v000001e2e9cfe4c0_0, 0, 1;
    %delay 3, 0;
    %delay 2, 0;
    %pushi/vec4 1, 0, 1;
    %store/vec4 v000001e2e9cfe4c0_0, 0, 1;
    %delay 3, 0;
    %delay 2, 0;
    %jmp T_18.0;
    %end;
    .thread T_18;
    .scope S_000001e2e9b7ae30;
T_19 ;
    %delay 5, 0;
    %pushi/vec4 0, 0, 32;
    %cassign/vec4 v000001e2e9cfdac0_0;
    %pushi/vec4 12, 0, 4;
    %cassign/vec4 v000001e2e9cfda20_0;
    %delay 10, 0;
    %pushi/vec4 3000, 0, 32;
    %cassign/vec4 v000001e2e9cfdac0_0;
    %pushi/vec4 20617524, 0, 32;
    %cassign/vec4 v000001e2e9cfe380_0;
    %pushi/vec4 3, 0, 4;
    %cassign/vec4 v000001e2e9cfda20_0;
    %delay 10, 0;
    %vpi_call 2 44 "$display", v000001e2e9cfdca0_0 {0 0 0};
    %vpi_call 2 45 "$finish" {0 0 0};
    %end;
    .thread T_19;
# The file index is used to find the file name in the following table.
:file_names 9;
    "N/A";
    "<interactive>";
    "calcFrustrum.v";
    "./DJMr.G.Part4.v";
    "./FeedbackCheck.v";
    "./Arithmetic.v";
    "./Multiplexer-Decode-ErrorMode.v";
    "./logic_operations.v";
    "./DFF.v";
